<?xml version="1.0" encoding="utf-8"?><testsuites name="pytest tests"><testsuite name="pytest" errors="0" failures="0" skipped="1" tests="17" time="86.919" timestamp="2026-08-24T10:33:25.758930+00:00" hostname="agent-env-cd0f4fa2-09a3-4d74-8a11-0788431b48fe"><testcase classname="tests.test_audit_regression_readonly.TestHealthAndBoot" name="test_health_200_no_import_failures" time="7.789" /><testcase classname="tests.test_audit_regression_readonly.TestHealthAndBoot" name="test_login_returns_admin_role" time="4.603" /><testcase classname="tests.test_audit_regression_readonly.TestCandidateBank" name="test_list_default_perf" time="3.923" /><testcase classname="tests.test_audit_regression_readonly.TestCandidateBank" name="test_search_text_path" time="1.914" /><testcase classname="tests.test_audit_regression_readonly.TestCandidateBank" name="test_legacy_location_filter" time="12.451" /><testcase classname="tests.test_audit_regression_readonly.TestCandidateBank" name="test_autocomplete_vocab" time="6.367" /><testcase classname="tests.test_audit_regression_readonly.TestCandidateBank" name="test_autocomplete_min_length_validation" time="1.090" /><testcase classname="tests.test_audit_regression_readonly.TestExtensionJobInfo" name="test_job_info_valid" time="9.988" /><testcase classname="tests.test_audit_regression_readonly.TestExtensionJobInfo" name="test_job_info_404" time="1.330" /><testcase classname="tests.test_audit_regression_readonly.TestAnalytics" name="test_admin_analytics_and_cache" time="22.528" /><testcase classname="tests.test_audit_regression_readonly.TestAnalytics" name="test_employer_analytics_not_500" time="6.480" /><testcase classname="tests.test_audit_regression_readonly.TestGuardsAndRegressions" name="test_env_info_admin_allowed" time="1.318" /><testcase classname="tests.test_audit_regression_readonly.TestGuardsAndRegressions" name="test_employer_companies_admin_route" time="0.987"><skipped type="pytest.skip" message="could not resolve an employer id (users endpoint 405)">/app/backend/tests/test_audit_regression_readonly.py:184: could not resolve an employer id (users endpoint 405)</skipped></testcase><testcase classname="tests.test_audit_regression_readonly.TestGuardsAndRegressions" name="test_merge_history" time="2.245" /><testcase classname="tests.test_audit_regression_readonly.TestGuardsAndRegressions" name="test_notifications_unread_count" time="1.688" /><testcase classname="tests.test_audit_regression_readonly.TestGuardsAndRegressions" name="test_my_team_forbidden_for_admin" time="1.028" /><testcase classname="tests.test_audit_regression_readonly.TestGuardsAndRegressions" name="test_unauthenticated_candidate_bank_401" time="1.119" /></testsuite></testsuites>