<?xml version="1.0" encoding="utf-8"?><testsuites name="pytest tests"><testsuite name="pytest" errors="0" failures="0" skipped="0" tests="41" time="180.900" timestamp="2026-08-24T11:25:30.087736+00:00" hostname="agent-env-cd0f4fa2-09a3-4d74-8a11-0788431b48fe"><testcase classname="tests.test_bootstrap_split_regression.TestHealthAfterSplit" name="test_health_200_and_zero_import_failures" time="11.048" /><testcase classname="tests.test_bootstrap_split_regression.TestHealthAfterSplit" name="test_login_works" time="3.266" /><testcase classname="tests.test_bootstrap_split_regression.TestRemovedRevenueEndpoints" name="test_removed_returns_404_unauthenticated[/api/revenue/records]" time="0.938" /><testcase classname="tests.test_bootstrap_split_regression.TestRemovedRevenueEndpoints" name="test_removed_returns_404_unauthenticated[/api/revenue/aggregate/by-company]" time="0.950" /><testcase classname="tests.test_bootstrap_split_regression.TestRemovedRevenueEndpoints" name="test_removed_returns_404_unauthenticated[/api/revenue/aggregate/by-job]" time="0.938" /><testcase classname="tests.test_bootstrap_split_regression.TestRemovedRevenueEndpoints" name="test_removed_returns_404_unauthenticated[/api/revenue/aggregate/by-recruiter]" time="0.931" /><testcase classname="tests.test_bootstrap_split_regression.TestRemovedRevenueEndpoints" name="test_removed_returns_404_authenticated[/api/revenue/records]" time="0.931" /><testcase classname="tests.test_bootstrap_split_regression.TestRemovedRevenueEndpoints" name="test_removed_returns_404_authenticated[/api/revenue/aggregate/by-company]" time="0.933" /><testcase classname="tests.test_bootstrap_split_regression.TestRemovedRevenueEndpoints" name="test_removed_returns_404_authenticated[/api/revenue/aggregate/by-job]" time="0.931" /><testcase classname="tests.test_bootstrap_split_regression.TestRemovedRevenueEndpoints" name="test_removed_returns_404_authenticated[/api/revenue/aggregate/by-recruiter]" time="0.932" /><testcase classname="tests.test_bootstrap_split_regression.TestRemovedRevenueEndpoints" name="test_removed_absent_from_openapi[/api/revenue/records]" time="1.153" /><testcase classname="tests.test_bootstrap_split_regression.TestRemovedRevenueEndpoints" name="test_removed_absent_from_openapi[/api/revenue/aggregate/by-company]" time="0.000" /><testcase classname="tests.test_bootstrap_split_regression.TestRemovedRevenueEndpoints" name="test_removed_absent_from_openapi[/api/revenue/aggregate/by-job]" time="0.000" /><testcase classname="tests.test_bootstrap_split_regression.TestRemovedRevenueEndpoints" name="test_removed_absent_from_openapi[/api/revenue/aggregate/by-recruiter]" time="0.000" /><testcase classname="tests.test_bootstrap_split_regression.TestRetainedRevenueEndpoints" name="test_present_in_openapi[post-/api/revenue/offered/{app_id}]" time="0.000" /><testcase classname="tests.test_bootstrap_split_regression.TestRetainedRevenueEndpoints" name="test_present_in_openapi[post-/api/revenue/hired/{app_id}]" time="0.000" /><testcase classname="tests.test_bootstrap_split_regression.TestRetainedRevenueEndpoints" name="test_present_in_openapi[post-/api/revenue/joined/{app_id}]" time="0.000" /><testcase classname="tests.test_bootstrap_split_regression.TestRetainedRevenueEndpoints" name="test_present_in_openapi[get-/api/revenue/by-application/{app_id}]" time="0.000" /><testcase classname="tests.test_bootstrap_split_regression.TestRetainedRevenueEndpoints" name="test_present_in_openapi[post-/api/revenue/forecast]" time="0.000" /><testcase classname="tests.test_bootstrap_split_regression.TestRetainedRevenueEndpoints" name="test_auth_gated_not_404_not_500[post-/api/revenue/offered/{app_id}]" time="0.941" /><testcase classname="tests.test_bootstrap_split_regression.TestRetainedRevenueEndpoints" name="test_auth_gated_not_404_not_500[post-/api/revenue/hired/{app_id}]" time="0.932" /><testcase classname="tests.test_bootstrap_split_regression.TestRetainedRevenueEndpoints" name="test_auth_gated_not_404_not_500[post-/api/revenue/joined/{app_id}]" time="0.959" /><testcase classname="tests.test_bootstrap_split_regression.TestRetainedRevenueEndpoints" name="test_auth_gated_not_404_not_500[get-/api/revenue/by-application/{app_id}]" time="0.946" /><testcase classname="tests.test_bootstrap_split_regression.TestRetainedRevenueEndpoints" name="test_auth_gated_not_404_not_500[post-/api/revenue/forecast]" time="0.930" /><testcase classname="tests.test_bootstrap_split_regression.TestCriticalEndpoints" name="test_returns_200[/api/candidates?limit=1]" time="18.303" /><testcase classname="tests.test_bootstrap_split_regression.TestCriticalEndpoints" name="test_returns_200[/api/bills]" time="2.985" /><testcase classname="tests.test_bootstrap_split_regression.TestCriticalEndpoints" name="test_returns_200[/api/analytics/admin]" time="104.105" /><testcase classname="tests.test_bootstrap_split_regression.TestCriticalEndpoints" name="test_returns_200[/api/finance/revenue-dashboard?period=current_year]" time="2.723" /><testcase classname="tests.test_bootstrap_split_regression.TestCriticalEndpoints" name="test_returns_200[/api/attendance/today]" time="1.171" /><testcase classname="tests.test_bootstrap_split_regression.TestCriticalEndpoints" name="test_returns_200[/api/jobs]" time="3.869" /><testcase classname="tests.test_bootstrap_split_regression.TestCriticalEndpoints" name="test_returns_200[/api/blog/candidate]" time="1.442" /><testcase classname="tests.test_bootstrap_split_regression.TestCriticalEndpoints" name="test_employer_companies_200_for_recruiter" time="9.621" /><testcase classname="tests.test_bootstrap_split_regression.TestCriticalEndpoints" name="test_notifications_history_route_registered" time="1.122" /><testcase classname="tests.test_bootstrap_split_regression.TestCriticalEndpoints" name="test_extension_job_info_route_exists" time="1.316" /><testcase classname="tests.test_bootstrap_split_regression.TestMiddleware" name="test_gzip_compression" time="1.620" /><testcase classname="tests.test_bootstrap_split_regression.TestMiddleware" name="test_cors_preflight_allowed_origin" time="0.002" /><testcase classname="tests.test_bootstrap_split_regression.TestMiddleware" name="test_cors_disallowed_origin_rejected" time="0.041" /><testcase classname="tests.test_bootstrap_split_regression.TestMiddleware" name="test_security_headers_present" time="1.502" /><testcase classname="tests.test_bootstrap_split_regression.TestExceptionHandling" name="test_unknown_candidate_returns_json_not_html" time="1.264" /><testcase classname="tests.test_bootstrap_split_regression.TestExceptionHandling" name="test_unknown_route_returns_json_404" time="1.034" /><testcase classname="tests.test_bootstrap_split_regression.TestExceptionHandling" name="test_malformed_body_returns_422_json" time="1.026" /></testsuite></testsuites>