<?xml version="1.0" encoding="utf-8"?><testsuites name="pytest tests"><testsuite name="pytest" errors="0" failures="0" skipped="0" tests="19" time="29.857" timestamp="2026-04-23T08:10:57.505311+00:00" hostname="agent-env-e34373db-5a5a-4d14-ac89-1183737055e9"><testcase classname="tests.test_extraction_consistency" name="test_compact_layout_extracts_top_card" time="0.008" /><testcase classname="tests.test_extraction_consistency" name="test_labeled_layout_extracts_top_card_ramakant_case" time="0.002" /><testcase classname="tests.test_extraction_consistency" name="test_compact_ym_layout_immediate" time="0.003" /><testcase classname="tests.test_extraction_consistency" name="test_labeled_15_days_or_less" time="0.001" /><testcase classname="tests.test_extraction_consistency" name="test_labeled_with_years_and_months" time="0.001" /><testcase classname="tests.test_extraction_consistency" name="test_no_data_loss_when_only_labels_present" time="0.001" /><testcase classname="tests.test_ai_extract_api.TestHealth" name="test_health_ok" time="1.765" /><testcase classname="tests.test_ai_extract_api.TestAIExtract" name="test_requires_auth" time="1.095" /><testcase classname="tests.test_ai_extract_api.TestAIExtract" name="test_labeled_ramakant_case_full_top_card" time="5.569" /><testcase classname="tests.test_ai_extract_api.TestAIExtract" name="test_compact_layout_full_top_card" time="1.320" /><testcase classname="tests.test_ai_extract_api.TestAIExtract" name="test_mixed_layout_full_top_card" time="1.331" /><testcase classname="tests.test_ai_extract_api.TestAIExtract" name="test_insufficient_text_returns_success_false" time="1.320" /><testcase classname="tests.test_ai_extract_api.TestExtractionTraceEndpoint" name="test_list_requires_auth" time="1.110" /><testcase classname="tests.test_ai_extract_api.TestExtractionTraceEndpoint" name="test_list_forbidden_for_non_admin" time="4.546" /><testcase classname="tests.test_ai_extract_api.TestExtractionTraceEndpoint" name="test_list_ok_for_admin" time="1.583" /><testcase classname="tests.test_ai_extract_api.TestExtractionTraceEndpoint" name="test_ensure_ttl_forbidden_non_admin" time="1.332" /><testcase classname="tests.test_ai_extract_api.TestExtractionTraceEndpoint" name="test_ensure_ttl_admin_ok" time="1.571" /><testcase classname="tests.test_ai_extract_api.TestExtractionTraceEndpoint" name="test_trace_recorded_after_ai_extract" time="5.161" /><testcase classname="tests.test_ai_extract_api.TestCaptureRegression" name="test_capture_endpoint_exists" time="1.322" /></testsuite></testsuites>