<?xml version="1.0" encoding="utf-8"?><testsuites name="pytest tests"><testsuite name="pytest" errors="0" failures="0" skipped="0" tests="11" time="50.266" timestamp="2026-07-10T10:11:50.677541+00:00" hostname="agent-env-cd0f4fa2-09a3-4d74-8a11-0788431b48fe"><testcase classname="backend.tests.test_reset_admin_password" name="test_writes_valid_bcrypt_hash" time="6.613" /><testcase classname="backend.tests.test_reset_admin_password" name="test_nonexistent_email_exit_3_no_create" time="3.796" /><testcase classname="backend.tests.test_reset_admin_password" name="test_no_plaintext_in_output" time="4.137" /><testcase classname="backend.tests.test_reset_admin_password" name="test_reactivates_disabled_user" time="4.398" /><testcase classname="backend.tests.test_reset_admin_password" name="test_idempotent_two_runs" time="8.769" /><testcase classname="backend.tests.test_reset_admin_password" name="test_requires_password_arg" time="0.748" /><testcase classname="backend.tests.test_reset_admin_password" name="test_password_from_env_var" time="4.618" /><testcase classname="backend.tests.test_reset_admin_password" name="test_bcrypt_positive_negative_control" time="4.820" /><testcase classname="backend.tests.test_reset_admin_password" name="test_login_endpoint_after_reset" time="8.566" /><testcase classname="backend.tests.test_reset_admin_password" name="test_admin_login_baseline" time="3.225" /><testcase classname="backend.tests.test_reset_admin_password" name="test_cleanup_reset_test_users" time="0.468" /></testsuite></testsuites>