<?xml version="1.0" encoding="utf-8"?><testsuites name="pytest tests"><testsuite name="pytest" errors="0" failures="0" skipped="0" tests="7" time="106.053" timestamp="2026-07-14T04:41:23.334569+00:00" hostname="agent-env-cd0f4fa2-09a3-4d74-8a11-0788431b48fe"><testcase classname="backend.tests.test_mongo_hotop_phase_55_11k.TestHotopAnalyzer" name="test_default_run_exits_zero_with_sections" time="30.737" /><testcase classname="backend.tests.test_mongo_hotop_phase_55_11k.TestHotopAnalyzer" name="test_no_hello_or_ismaster_heartbeats_in_hotops" time="31.500" /><testcase classname="backend.tests.test_mongo_hotop_phase_55_11k.TestHotopAnalyzer" name="test_min_secs_999_shows_nothing" time="30.213" /><testcase classname="backend.tests.test_mongo_hotop_phase_55_11k.TestAddHotIndexes" name="test_dry_run_does_not_create_or_drop" time="6.469" /><testcase classname="backend.tests.test_mongo_hotop_phase_55_11k.TestAddHotIndexes" name="test_apply_indexes_exist_and_are_correct" time="3.647" /><testcase classname="backend.tests.test_mongo_hotop_phase_55_11k.TestAddHotIndexes" name="test_idempotent_second_run_skips_hot" time="3.167" /><testcase classname="backend.tests.test_mongo_hotop_phase_55_11k.TestAddHotIndexes" name="test_no_duplicate_hot_indexes_after_reruns" time="0.234" /></testsuite></testsuites>