<?xml version="1.0" encoding="utf-8"?><testsuites name="pytest tests"><testsuite name="pytest" errors="0" failures="0" skipped="0" tests="10" time="26.678" timestamp="2026-07-14T05:05:05.670695+00:00" hostname="agent-env-cd0f4fa2-09a3-4d74-8a11-0788431b48fe"><testcase classname="backend.tests.test_public_careers.TestPublicCareersList" name="test_list_no_auth" time="4.847" /><testcase classname="backend.tests.test_public_careers.TestPublicCareersList" name="test_seeded_job_appears" time="2.053" /><testcase classname="backend.tests.test_public_careers.TestPublicCareersList" name="test_search_query" time="3.630" /><testcase classname="backend.tests.test_public_careers.TestPublicCareersList" name="test_pagination" time="3.874" /><testcase classname="backend.tests.test_public_careers.TestPublicCareersFilters" name="test_filters" time="2.505" /><testcase classname="backend.tests.test_public_careers.TestPublicCareersDetail" name="test_get_live_job" time="2.970" /><testcase classname="backend.tests.test_public_careers.TestPublicCareersDetail" name="test_seeded_live_job_by_id" time="1.352" /><testcase classname="backend.tests.test_public_careers.TestPublicCareersDetail" name="test_nonexistent_returns_404" time="1.282" /><testcase classname="backend.tests.test_public_careers.TestPublicCareersDetail" name="test_closed_job_returns_404" time="1.522" /><testcase classname="backend.tests.test_public_careers.TestSitemap" name="test_sitemap_contains_jobs" time="2.469" /></testsuite></testsuites>