<?xml version="1.0" encoding="utf-8"?><testsuites name="pytest tests"><testsuite name="pytest" errors="0" failures="0" skipped="0" tests="8" time="74.107" timestamp="2026-07-10T07:11:39.851105+00:00" hostname="agent-env-cd0f4fa2-09a3-4d74-8a11-0788431b48fe"><testcase classname="tests.test_atlas_storage_cleanup.TestAuthGating" name="test_storage_analysis_no_token" time="2.370" /><testcase classname="tests.test_atlas_storage_cleanup.TestAuthGating" name="test_storage_analysis_nonadmin" time="4.585" /><testcase classname="tests.test_atlas_storage_cleanup.TestAuthGating" name="test_prune_no_token" time="1.044" /><testcase classname="tests.test_atlas_storage_cleanup.TestAuthGating" name="test_prune_nonadmin" time="2.467" /><testcase classname="tests.test_atlas_storage_cleanup.TestStorageAnalysis" name="test_schema" time="8.739" /><testcase classname="tests.test_atlas_storage_cleanup.TestPrune" name="test_dry_run_default_no_mutation" time="8.345" /><testcase classname="tests.test_atlas_storage_cleanup.TestPrune" name="test_real_prune_only_enriched" time="29.041" /><testcase classname="tests.test_atlas_storage_cleanup.TestPrune" name="test_idempotent_second_run" time="17.410" /></testsuite></testsuites>