<?xml version="1.0" encoding="utf-8"?><testsuites name="pytest tests"><testsuite name="pytest" errors="0" failures="0" skipped="0" tests="3" time="91.820" timestamp="2026-07-14T04:36:38.129879+00:00" hostname="agent-env-cd0f4fa2-09a3-4d74-8a11-0788431b48fe"><testcase classname="backend.tests.test_mongo_hotop_phase_55_11k.TestHotopAnalyzer" name="test_default_run_exits_zero_with_sections" time="30.263" /><testcase classname="backend.tests.test_mongo_hotop_phase_55_11k.TestHotopAnalyzer" name="test_no_hello_or_ismaster_heartbeats_in_hotops" time="31.434" /><testcase classname="backend.tests.test_mongo_hotop_phase_55_11k.TestHotopAnalyzer" name="test_min_secs_999_shows_nothing" time="30.040" /></testsuite></testsuites>