<?xml version="1.0" encoding="utf-8"?><testsuites name="pytest tests"><testsuite name="pytest" errors="0" failures="2" skipped="0" tests="11" time="49.667" timestamp="2026-07-10T10:01:27.984247+00:00" hostname="agent-env-cd0f4fa2-09a3-4d74-8a11-0788431b48fe"><testcase classname="tests.test_reset_admin_password" name="test_writes_valid_bcrypt_hash" time="6.805" /><testcase classname="tests.test_reset_admin_password" name="test_nonexistent_email_exit_3_no_create" time="3.797" /><testcase classname="tests.test_reset_admin_password" name="test_no_plaintext_in_output" time="4.158" /><testcase classname="tests.test_reset_admin_password" name="test_reactivates_disabled_user" time="4.398" /><testcase classname="tests.test_reset_admin_password" name="test_idempotent_two_runs" time="8.753" /><testcase classname="tests.test_reset_admin_password" name="test_requires_password_arg" time="0.767" /><testcase classname="tests.test_reset_admin_password" name="test_password_from_env_var" time="4.393"><failure message="TypeError: 'NoneType' object is not subscriptable">tests/test_reset_admin_password.py:168: in test_password_from_env_var
    assert bcrypt.checkpw(pwd.encode(), u["password_hash"].encode())
                                        ^^^^^^^^^^^^^^^^^^
E   TypeError: 'NoneType' object is not subscriptable</failure></testcase><testcase classname="tests.test_reset_admin_password" name="test_bcrypt_positive_negative_control" time="4.964" /><testcase classname="tests.test_reset_admin_password" name="test_login_endpoint_after_reset" time="7.882"><failure message="AssertionError: login failed after reset — status=401, body={&quot;detail&quot;:&quot;Invalid credentials&quot;}. Root cause: reset script writes to password_hash/hashed_password, but /api/auth/login reads user['password'].&#10;assert 401 == 200&#10; +  where 401 = &lt;Response [401]&gt;.status_code">tests/test_reset_admin_password.py:207: in test_login_endpoint_after_reset
    assert resp.status_code == 200, (
E   AssertionError: login failed after reset — status=401, body={"detail":"Invalid credentials"}. Root cause: reset script writes to password_hash/hashed_password, but /api/auth/login reads user['password'].
E   assert 401 == 200
E    +  where 401 = &lt;Response [401]&gt;.status_code</failure></testcase><testcase classname="tests.test_reset_admin_password" name="test_admin_login_baseline" time="3.120" /><testcase classname="tests.test_reset_admin_password" name="test_cleanup_reset_test_users" time="0.489" /></testsuite></testsuites>