<?xml version="1.0" encoding="utf-8"?><testsuites name="pytest tests"><testsuite name="pytest" errors="0" failures="0" skipped="0" tests="13" time="10.311" timestamp="2026-03-09T04:49:59.426952+00:00" hostname="agent-env-c3d3cc09-d3f1-4fb1-b4ca-e71902c9e743"><testcase classname="tests.test_aws_migration_audit.TestHealthCheck" name="test_health_check_status_ok" time="0.244" /><testcase classname="tests.test_aws_migration_audit.TestHealthCheck" name="test_health_check_zero_import_failures" time="0.192" /><testcase classname="tests.test_aws_migration_audit.TestHealthCheck" name="test_health_diagnostics_config" time="0.137" /><testcase classname="tests.test_aws_migration_audit.TestAuthEndpoints" name="test_login_with_valid_credentials" time="2.696" /><testcase classname="tests.test_aws_migration_audit.TestAuthEndpoints" name="test_auth_me_with_valid_token" time="1.758" /><testcase classname="tests.test_aws_migration_audit.TestAuthEndpoints" name="test_login_with_invalid_credentials" time="1.255" /><testcase classname="tests.test_aws_migration_audit.TestPublicEndpoints" name="test_public_jobs_returns_json_list" time="0.343" /><testcase classname="tests.test_aws_migration_audit.TestSitemap" name="test_sitemap_returns_valid_xml" time="0.578" /><testcase classname="tests.test_aws_migration_audit.TestSitemap" name="test_sitemap_uses_site_url" time="0.569" /><testcase classname="tests.test_aws_migration_audit.TestSitemap" name="test_sitemap_has_required_pages" time="0.579" /><testcase classname="tests.test_aws_migration_audit.TestTurnstileConfiguration" name="test_turnstile_blocks_apply_without_token" time="0.339" /><testcase classname="tests.test_aws_migration_audit.TestAlternateCredentials" name="test_admin_vhc_login" time="1.424" /><testcase classname="tests.test_aws_migration_audit.TestCORS" name="test_cors_headers_present" time="0.128" /></testsuite></testsuites>