<?xml version="1.0" encoding="utf-8"?><testsuites name="pytest tests"><testsuite name="pytest" errors="0" failures="0" skipped="1" tests="19" time="124.903" timestamp="2026-03-17T10:07:29.749703+00:00" hostname="agent-env-ed2fbdca-6e25-440c-8b91-444b0bfcbb3c"><testcase classname="backend.tests.test_blog_pipeline.TestPipelineStatusEndpoint" name="test_pipeline_status_returns_200" time="4.905" /><testcase classname="backend.tests.test_blog_pipeline.TestPipelineStatusEndpoint" name="test_pipeline_status_has_required_fields" time="2.043" /><testcase classname="backend.tests.test_blog_pipeline.TestPipelineStatusEndpoint" name="test_pipeline_status_queue_structure" time="2.013" /><testcase classname="backend.tests.test_blog_pipeline.TestPipelineStatusEndpoint" name="test_pipeline_stats_match_expected" time="1.981" /><testcase classname="backend.tests.test_blog_pipeline.TestPipelineStatusEndpoint" name="test_pipeline_health_status" time="2.157" /><testcase classname="backend.tests.test_blog_pipeline.TestBlogAdminListEndpoint" name="test_admin_list_all_blogs" time="2.195" /><testcase classname="backend.tests.test_blog_pipeline.TestBlogAdminListEndpoint" name="test_admin_list_filter_employer" time="0.590" /><testcase classname="backend.tests.test_blog_pipeline.TestBlogAdminListEndpoint" name="test_admin_list_filter_candidate" time="0.571" /><testcase classname="backend.tests.test_blog_pipeline.TestBlogAdminListEndpoint" name="test_admin_list_filter_published" time="0.568" /><testcase classname="backend.tests.test_blog_pipeline.TestBlogAdminListEndpoint" name="test_admin_list_filter_draft" time="0.619" /><testcase classname="backend.tests.test_blog_pipeline.TestBlogAdminListEndpoint" name="test_blog_list_has_required_fields" time="0.574" /><testcase classname="backend.tests.test_blog_pipeline.TestBulkGenerateEndpoint" name="test_bulk_generate_requires_auth" time="0.124" /><testcase classname="backend.tests.test_blog_pipeline.TestBulkGenerateEndpoint" name="test_bulk_generate_invalid_blog_type" time="0.368" /><testcase classname="backend.tests.test_blog_pipeline.TestBulkGenerateEndpoint" name="test_bulk_generate_single_employer_blog" time="41.907" /><testcase classname="backend.tests.test_blog_pipeline.TestAutoPipelineEndpoint" name="test_auto_pipeline_requires_auth" time="0.099" /><testcase classname="backend.tests.test_blog_pipeline.TestAutoPipelineEndpoint" name="test_auto_pipeline_trigger" time="60.110"><skipped type="pytest.skip" message="Auto-pipeline trigger failed: The preview environment is not responding. It may be starting up.">/app/backend/tests/test_blog_pipeline.py:268: Auto-pipeline trigger failed: The preview environment is not responding. It may be starting up.</skipped></testcase><testcase classname="backend.tests.test_blog_pipeline.TestScheduleConfigEndpoint" name="test_get_schedule_config" time="1.164" /><testcase classname="backend.tests.test_blog_pipeline.TestScheduleConfigEndpoint" name="test_update_schedule_config" time="0.840" /><testcase classname="backend.tests.test_blog_pipeline.TestPipelineHealthLogic" name="test_pipeline_health_reflects_queue_state" time="1.984" /></testsuite></testsuites>