<?xml version="1.0" encoding="utf-8"?><testsuites name="pytest tests"><testsuite name="pytest" errors="0" failures="0" skipped="0" tests="8" time="44.856" timestamp="2026-04-07T06:32:54.237083+00:00" hostname="agent-env-77d4d6a6-4e3c-4ee6-95db-bdf17245a7bc"><testcase classname="backend.tests.test_batch_save_mandate_linking.TestBatchSaveMandateLinking" name="test_batch_save_without_mandate_id" time="6.380" /><testcase classname="backend.tests.test_batch_save_mandate_linking.TestBatchSaveMandateLinking" name="test_batch_save_with_valid_mandate_id" time="8.922" /><testcase classname="backend.tests.test_batch_save_mandate_linking.TestBatchSaveMandateLinking" name="test_batch_save_duplicate_not_double_linked" time="5.714" /><testcase classname="backend.tests.test_batch_save_mandate_linking.TestBatchSaveMandateLinking" name="test_response_includes_required_fields" time="2.341" /><testcase classname="backend.tests.test_batch_save_mandate_linking.TestBatchSaveMandateLinking" name="test_verify_application_created_with_sourced_stage" time="5.764" /><testcase classname="backend.tests.test_batch_save_mandate_linking.TestBatchSaveMandateLinking" name="test_batch_save_with_invalid_mandate_id" time="2.859" /><testcase classname="backend.tests.test_batch_save_mandate_linking.TestBatchSaveMandateLinking" name="test_batch_save_multiple_candidates_partial_link" time="7.200" /><testcase classname="backend.tests.test_batch_save_mandate_linking.TestBatchSaveBackwardCompatibility" name="test_old_payload_format_still_works" time="5.597" /></testsuite></testsuites>