<?xml version="1.0" encoding="utf-8"?><testsuites name="pytest tests"><testsuite name="pytest" errors="0" failures="0" skipped="0" tests="6" time="2.638" timestamp="2026-01-31T08:15:08.494293+00:00" hostname="agent-env-dde93a43-75a7-4d47-b8bb-5be22d2b47ee"><testcase classname="backend.tests.test_profile_inline_editing.TestExcelImportContactNumber" name="test_excel_import_parses_contact_no" time="0.406" /><testcase classname="backend.tests.test_profile_inline_editing.TestProfileInlineEditing" name="test_update_current_employer" time="0.417" /><testcase classname="backend.tests.test_profile_inline_editing.TestProfileInlineEditing" name="test_update_designation" time="0.423" /><testcase classname="backend.tests.test_profile_inline_editing.TestProfileInlineEditing" name="test_update_industry" time="0.407" /><testcase classname="backend.tests.test_profile_inline_editing.TestProfileInlineEditing" name="test_update_multiple_fields" time="0.419" /><testcase classname="backend.tests.test_profile_inline_editing.TestCandidateBankMandatoryFields" name="test_candidate_bank_returns_mandatory_fields" time="0.301" /></testsuite></testsuites>