<?xml version="1.0" encoding="utf-8"?><testsuites name="pytest tests"><testsuite name="pytest" errors="0" failures="0" skipped="0" tests="30" time="10.516" timestamp="2026-04-09T08:02:54.052801+00:00" hostname="agent-env-77d4d6a6-4e3c-4ee6-95db-bdf17245a7bc"><testcase classname="tests.test_naukri_regex_parser_iteration162.TestFormatCDenseText" name="test_dense_text_three_entries_with_dates" time="1.023" /><testcase classname="tests.test_naukri_regex_parser_iteration162.TestFormatCDenseText" name="test_dense_text_companies_without_keywords" time="0.001" /><testcase classname="tests.test_naukri_regex_parser_iteration162.TestFormatCBlankLineSeparated" name="test_blank_line_separated_entries" time="0.001" /><testcase classname="tests.test_naukri_regex_parser_iteration162.TestFormatCBlankLineSeparated" name="test_multi_line_descriptions_preserved" time="0.001" /><testcase classname="tests.test_naukri_regex_parser_iteration162.TestFormatCGapLines" name="test_gap_lines_skipped" time="0.001" /><testcase classname="tests.test_naukri_regex_parser_iteration162.TestIsCurrentDetection" name="test_is_current_true_for_present" time="0.000" /><testcase classname="tests.test_naukri_regex_parser_iteration162.TestIsCurrentDetection" name="test_is_current_true_for_current" time="0.000" /><testcase classname="tests.test_naukri_regex_parser_iteration162.TestIsCurrentDetection" name="test_is_current_true_for_till_date" time="0.000" /><testcase classname="tests.test_naukri_regex_parser_iteration162.TestIsCurrentDetection" name="test_is_current_false_for_specific_date" time="0.000" /><testcase classname="tests.test_naukri_regex_parser_iteration162.TestIsCurrentDetection" name="test_is_current_false_for_empty" time="0.000" /><testcase classname="tests.test_naukri_regex_parser_iteration162.TestIsCurrentDetection" name="test_work_experience_is_current_with_till_keyword" time="0.000" /><testcase classname="tests.test_naukri_regex_parser_iteration162.TestFormatAPipeRegression" name="test_pipe_format_single_entry" time="0.000" /><testcase classname="tests.test_naukri_regex_parser_iteration162.TestFormatAPipeRegression" name="test_pipe_format_multiple_entries" time="0.001" /><testcase classname="tests.test_naukri_regex_parser_iteration162.TestFormatBAtRegression" name="test_at_format_single_entry" time="0.001" /><testcase classname="tests.test_naukri_regex_parser_iteration162.TestFormatBAtRegression" name="test_at_format_multiple_entries" time="0.001" /><testcase classname="tests.test_naukri_regex_parser_iteration162.TestAdminRegexRouting" name="test_admin_ai_extract_returns_regex_source" time="4.809" /><testcase classname="tests.test_naukri_regex_parser_iteration162.TestRecruiterClaudeRouting" name="test_recruiter_ai_extract_works" time="4.574" /><testcase classname="tests.test_naukri_regex_parser_iteration162.TestFullProfileExtraction" name="test_full_naukri_resdex_profile" time="0.002" /><testcase classname="tests.test_naukri_regex_parser_iteration162.TestExtractionRegressions" name="test_ctc_extraction_lacs" time="0.000" /><testcase classname="tests.test_naukri_regex_parser_iteration162.TestExtractionRegressions" name="test_ctc_extraction_crore" time="0.000" /><testcase classname="tests.test_naukri_regex_parser_iteration162.TestExtractionRegressions" name="test_notice_period_extraction" time="0.000" /><testcase classname="tests.test_naukri_regex_parser_iteration162.TestExtractionRegressions" name="test_immediate_joiner" time="0.000" /><testcase classname="tests.test_naukri_regex_parser_iteration162.TestExtractionRegressions" name="test_skills_extraction" time="0.001" /><testcase classname="tests.test_naukri_regex_parser_iteration162.TestExtractionRegressions" name="test_education_extraction" time="0.000" /><testcase classname="tests.test_naukri_regex_parser_iteration162.TestEdgeCases" name="test_empty_text" time="0.000" /><testcase classname="tests.test_naukri_regex_parser_iteration162.TestEdgeCases" name="test_minimal_text" time="0.000" /><testcase classname="tests.test_naukri_regex_parser_iteration162.TestEdgeCases" name="test_no_work_experience_section" time="0.000" /><testcase classname="tests.test_naukri_regex_parser_iteration162.TestEdgeCases" name="test_special_characters_in_company_names" time="0.000" /><testcase classname="tests.test_naukri_regex_parser_iteration162.TestDirectFunctionCalls" name="test_is_current_role_function" time="0.000" /><testcase classname="tests.test_naukri_regex_parser_iteration162.TestDirectFunctionCalls" name="test_date_pattern_matching" time="0.000" /></testsuite></testsuites>