<?xml version="1.0" encoding="utf-8"?><testsuites name="pytest tests"><testsuite name="pytest" errors="0" failures="2" skipped="0" tests="10" time="10.375" timestamp="2026-03-01T14:20:29.279013+00:00" hostname="agent-env-3f3167ba-1c1b-4e02-90af-439524dc3fbf"><testcase classname="backend.tests.test_fpdf2_pdf_generation.TestFpdf2PdfGeneration" name="test_resume_capabilities_returns_pdf_compilation_true" time="2.328" /><testcase classname="backend.tests.test_fpdf2_pdf_generation.TestFpdf2PdfGeneration" name="test_generate_pdf_endpoint_returns_valid_pdf" time="0.699"><failure message="AssertionError: Generate PDF failed: 500 - {&quot;detail&quot;:&quot;Internal server error&quot;}&#10;assert 500 == 200&#10; +  where 500 = &lt;Response [500]&gt;.status_code">backend/tests/test_fpdf2_pdf_generation.py:82: in test_generate_pdf_endpoint_returns_valid_pdf
    assert response.status_code == 200, f"Generate PDF failed: {response.status_code} - {response.text}"
E   AssertionError: Generate PDF failed: 500 - {"detail":"Internal server error"}
E   assert 500 == 200
E    +  where 500 = &lt;Response [500]&gt;.status_code</failure></testcase><testcase classname="backend.tests.test_fpdf2_pdf_generation.TestFpdf2PdfGeneration" name="test_generate_pdf_with_null_fields" time="0.350" /><testcase classname="backend.tests.test_fpdf2_pdf_generation.TestFpdf2PdfGeneration" name="test_generate_pdf_empty_profile" time="0.335" /><testcase classname="backend.tests.test_fpdf2_pdf_generation.TestFpdf2PdfGeneration" name="test_ats_cv_endpoint_returns_pdf_not_tex" time="1.851" /><testcase classname="backend.tests.test_fpdf2_pdf_generation.TestFpdf2PdfGeneration" name="test_multiple_candidates_ats_cv_all_return_pdf" time="3.568"><failure message="AssertionError: Candidate ed10b8ba-ab8b-40ee-b580-dfc47004663c: Expected application/pdf, got application/x-tex&#10;assert 'application/pdf' in 'application/x-tex'">backend/tests/test_fpdf2_pdf_generation.py:185: in test_multiple_candidates_ats_cv_all_return_pdf
    assert "application/pdf" in content_type, f"Candidate {candidate_id}: Expected application/pdf, got {content_type}"
E   AssertionError: Candidate ed10b8ba-ab8b-40ee-b580-dfc47004663c: Expected application/pdf, got application/x-tex
E   assert 'application/pdf' in 'application/x-tex'</failure></testcase><testcase classname="backend.tests.test_fpdf2_pdf_generation.TestFpdf2PdfGeneration" name="test_generate_resume_latex_still_works" time="0.356" /><testcase classname="backend.tests.test_fpdf2_pdf_generation.TestFpdf2PdfGeneration" name="test_compile_pdf_fallback_message" time="0.593" /><testcase classname="backend.tests.test_fpdf2_pdf_generation.TestFpdf2PdfGeneration" name="test_auth_required_for_generate_pdf" time="0.113" /><testcase classname="backend.tests.test_fpdf2_pdf_generation.TestFpdf2PdfGeneration" name="test_auth_required_for_ats_cv" time="0.103" /></testsuite></testsuites>