<?xml version="1.0" encoding="utf-8"?><testsuites name="pytest tests"><testsuite name="pytest" errors="0" failures="0" skipped="1" tests="13" time="17.747" timestamp="2026-02-20T05:40:42.077995+00:00" hostname="agent-env-66c7030e-3da9-4578-8eb9-c09f540a389e"><testcase classname="backend.tests.test_linkedin_auto_posting.TestLinkedInSettings" name="test_get_linkedin_settings" time="7.310" /><testcase classname="backend.tests.test_linkedin_auto_posting.TestLinkedInSettings" name="test_update_linkedin_settings_auto_post" time="2.511" /><testcase classname="backend.tests.test_linkedin_auto_posting.TestLinkedInSettings" name="test_update_linkedin_settings_organization_id" time="3.406" /><testcase classname="backend.tests.test_linkedin_auto_posting.TestLinkedInPostHistory" name="test_get_post_history" time="0.597" /><testcase classname="backend.tests.test_linkedin_auto_posting.TestLinkedInPostHistory" name="test_get_post_history_with_limit" time="0.600" /><testcase classname="backend.tests.test_linkedin_auto_posting.TestLinkedInTestPost" name="test_test_post_when_not_connected" time="0.610" /><testcase classname="backend.tests.test_linkedin_auto_posting.TestLinkedInDisconnect" name="test_disconnect_linkedin" time="0.593" /><testcase classname="backend.tests.test_linkedin_auto_posting.TestLinkedInAuthorize" name="test_authorize_returns_url" time="0.348" /><testcase classname="backend.tests.test_linkedin_auto_posting.TestLinkedInAuthRequired" name="test_settings_requires_auth" time="0.104" /><testcase classname="backend.tests.test_linkedin_auto_posting.TestLinkedInAuthRequired" name="test_post_history_requires_auth" time="0.160" /><testcase classname="backend.tests.test_linkedin_auto_posting.TestLinkedInAuthRequired" name="test_authorize_requires_auth" time="0.105" /><testcase classname="backend.tests.test_linkedin_auto_posting.TestBlogPublishEndpoint" name="test_blog_publish_endpoint_exists" time="0.595" /><testcase classname="backend.tests.test_linkedin_auto_posting.TestBlogPublishEndpoint" name="test_blog_publish_with_real_blog" time="0.689"><skipped type="pytest.skip" message="No draft blogs available">/app/backend/tests/test_linkedin_auto_posting.py:283: No draft blogs available</skipped></testcase></testsuite></testsuites>