<?xml version="1.0" encoding="utf-8"?><testsuites name="pytest tests"><testsuite name="pytest" errors="0" failures="1" skipped="0" tests="15" time="117.040" timestamp="2026-02-11T12:05:57.513630+00:00" hostname="agent-env-b170659e-0381-4d0c-b3f5-33e728084191"><testcase classname="backend.tests.test_admin_analytics.TestAdminAnalyticsAPI" name="test_analytics_requires_auth" time="2.188"><failure message="AssertionError: Expected 401, got 403&#10;assert 403 == 401&#10; +  where 403 = &lt;Response [403]&gt;.status_code">backend/tests/test_admin_analytics.py:40: in test_analytics_requires_auth
    assert response.status_code == 401, f"Expected 401, got {response.status_code}"
E   AssertionError: Expected 401, got 403
E   assert 403 == 401
E    +  where 403 = &lt;Response [403]&gt;.status_code</failure></testcase><testcase classname="backend.tests.test_admin_analytics.TestAdminAnalyticsAPI" name="test_analytics_returns_all_required_fields" time="8.121" /><testcase classname="backend.tests.test_admin_analytics.TestAdminAnalyticsAPI" name="test_analytics_kpis_structure" time="6.655" /><testcase classname="backend.tests.test_admin_analytics.TestAdminAnalyticsAPI" name="test_analytics_source_distribution" time="6.628" /><testcase classname="backend.tests.test_admin_analytics.TestAdminAnalyticsAPI" name="test_analytics_capture_trends" time="6.651" /><testcase classname="backend.tests.test_admin_analytics.TestAdminAnalyticsAPI" name="test_analytics_recruiter_performance" time="6.676" /><testcase classname="backend.tests.test_admin_analytics.TestAdminAnalyticsAPI" name="test_analytics_stage_distribution" time="6.647" /><testcase classname="backend.tests.test_admin_analytics.TestAdminAnalyticsAPI" name="test_analytics_funnel_velocity" time="6.679" /><testcase classname="backend.tests.test_admin_analytics.TestAdminAnalyticsAPI" name="test_analytics_filter_options" time="6.633" /><testcase classname="backend.tests.test_admin_analytics.TestAdminAnalyticsAPI" name="test_analytics_employer_filter" time="12.346" /><testcase classname="backend.tests.test_admin_analytics.TestAdminAnalyticsAPI" name="test_analytics_team_filter" time="11.391" /><testcase classname="backend.tests.test_admin_analytics.TestAdminAnalyticsAPI" name="test_analytics_recruiter_filter" time="11.639" /><testcase classname="backend.tests.test_admin_analytics.TestAdminAnalyticsAPI" name="test_analytics_date_range_filter" time="11.430" /><testcase classname="backend.tests.test_admin_analytics.TestAdminAnalyticsAPI" name="test_analytics_combined_filters" time="6.611" /><testcase classname="backend.tests.test_admin_analytics.TestAdminAnalyticsAPI" name="test_analytics_has_real_data" time="6.636" /></testsuite></testsuites>