<?xml version="1.0" encoding="utf-8"?><testsuites name="pytest tests"><testsuite name="pytest" errors="0" failures="1" skipped="0" tests="18" time="6.645" timestamp="2026-01-18T13:59:18.031927+00:00" hostname="agent-env-8d3a99cf-91e2-4415-afb6-18e730bc7d98"><testcase classname="tests.test_public_api.TestPublicJobsAPI" name="test_get_public_jobs_no_auth" time="0.073" /><testcase classname="tests.test_public_api.TestPublicJobsAPI" name="test_get_public_jobs_with_search" time="0.043" /><testcase classname="tests.test_public_api.TestPublicJobsAPI" name="test_get_public_jobs_with_location_filter" time="0.042" /><testcase classname="tests.test_public_api.TestPublicJobsAPI" name="test_get_public_jobs_with_job_type_filter" time="0.044" /><testcase classname="tests.test_public_api.TestPublicJobsAPI" name="test_get_public_jobs_with_limit" time="0.038" /><testcase classname="tests.test_public_api.TestPublicJobDetailAPI" name="test_get_public_job_detail_valid" time="0.081" /><testcase classname="tests.test_public_api.TestPublicJobDetailAPI" name="test_get_public_job_detail_invalid_id" time="0.042" /><testcase classname="tests.test_public_api.TestPublicApplyAPI" name="test_public_apply_success" time="1.856" /><testcase classname="tests.test_public_api.TestPublicApplyAPI" name="test_public_apply_invalid_job" time="0.037" /><testcase classname="tests.test_public_api.TestPublicApplyAPI" name="test_public_apply_invalid_email" time="0.075" /><testcase classname="tests.test_public_api.TestPublicApplyAPI" name="test_public_apply_honeypot_rejection" time="0.071" /><testcase classname="tests.test_public_api.TestPublicUploadResumeAPI" name="test_upload_resume_success" time="1.359" /><testcase classname="tests.test_public_api.TestPublicUploadResumeAPI" name="test_upload_resume_honeypot_rejection" time="0.036" /><testcase classname="tests.test_public_api.TestRateLimiting" name="test_apply_rate_limit" time="1.562" /><testcase classname="tests.test_public_api.TestCandidateBankIntegration" name="test_application_creates_candidate_bank_entry" time="0.337"><failure message="assert 429 == 200&#10; +  where 429 = &lt;Response [429]&gt;.status_code">tests/test_public_api.py:321: in test_application_creates_candidate_bank_entry
    assert apply_response.status_code == 200
E   assert 429 == 200
E    +  where 429 = &lt;Response [429]&gt;.status_code</failure></testcase><testcase classname="tests.test_public_api.TestLoginDropdownRoles" name="test_employer_login_works" time="0.267" /><testcase classname="tests.test_public_api.TestLoginDropdownRoles" name="test_recruiter_login_works" time="0.302" /><testcase classname="tests.test_public_api.TestLoginDropdownRoles" name="test_candidate_login_works" time="0.271" /></testsuite></testsuites>