<?xml version="1.0" encoding="utf-8"?><testsuites name="pytest tests"><testsuite name="pytest" errors="0" failures="0" skipped="0" tests="17" time="7.109" timestamp="2026-01-23T07:44:32.913315+00:00" hostname="agent-env-5ba64262-c7a8-4de6-8b38-ff975ad2ec31"><testcase classname="tests.test_phase_a_governance.TestJobApprovalWorkflow" name="test_recruiter_job_goes_to_pending_approval" time="0.366" /><testcase classname="tests.test_phase_a_governance.TestJobApprovalWorkflow" name="test_admin_job_goes_to_active" time="0.306" /><testcase classname="tests.test_phase_a_governance.TestJobApprovalWorkflow" name="test_employer_job_goes_to_active" time="0.340" /><testcase classname="tests.test_phase_a_governance.TestJobApprovalWorkflow" name="test_pending_approval_endpoint" time="0.591" /><testcase classname="tests.test_phase_a_governance.TestJobApprovalWorkflow" name="test_job_approval_transition" time="0.600" /><testcase classname="tests.test_phase_a_governance.TestJobApprovalWorkflow" name="test_invalid_transition_rejected" time="0.595" /><testcase classname="tests.test_phase_a_governance.TestClientPrivacy" name="test_public_jobs_show_alias" time="0.369" /><testcase classname="tests.test_phase_a_governance.TestClientPrivacy" name="test_public_jobs_default_to_confidential" time="0.034" /><testcase classname="tests.test_phase_a_governance.TestTeamManagement" name="test_admin_can_create_team" time="0.337" /><testcase classname="tests.test_phase_a_governance.TestTeamManagement" name="test_get_teams" time="0.299" /><testcase classname="tests.test_phase_a_governance.TestTeamManagement" name="test_non_admin_cannot_create_team" time="0.340" /><testcase classname="tests.test_phase_a_governance.TestReferralLifecycle" name="test_create_referral" time="0.579" /><testcase classname="tests.test_phase_a_governance.TestReferralLifecycle" name="test_referral_duplicate_prevented" time="0.683" /><testcase classname="tests.test_phase_a_governance.TestReferralLifecycle" name="test_referral_status_transition" time="0.617" /><testcase classname="tests.test_phase_a_governance.TestAdminHierarchy" name="test_admin_hierarchy_endpoint" time="0.291" /><testcase classname="tests.test_phase_a_governance.TestAdminHierarchy" name="test_non_admin_cannot_view_hierarchy" time="0.340" /><testcase classname="tests.test_phase_a_governance.TestAuditLogging" name="test_job_approval_has_audit_trail" time="0.334" /></testsuite></testsuites>