<?xml version="1.0" encoding="utf-8"?><testsuites name="pytest tests"><testsuite name="pytest" errors="0" failures="0" skipped="0" tests="18" time="4.891" timestamp="2026-01-24T06:52:01.948987+00:00" hostname="agent-env-343161b0-dcfd-48ad-9a30-1fdfac86869f"><testcase classname="backend.tests.test_access_control_phase1.TestAccessControlSetup" name="test_admin_login" time="0.288" /><testcase classname="backend.tests.test_access_control_phase1.TestAdminFullAccess" name="test_admin_can_access_candidate_bank" time="0.343" /><testcase classname="backend.tests.test_access_control_phase1.TestAdminFullAccess" name="test_admin_can_access_any_candidate_detail" time="0.073" /><testcase classname="backend.tests.test_access_control_phase1.TestCandidateZeroAccess" name="test_candidate_gets_empty_list" time="0.873" /><testcase classname="backend.tests.test_access_control_phase1.TestCandidateZeroAccess" name="test_candidate_cannot_access_candidate_detail" time="0.074" /><testcase classname="backend.tests.test_access_control_phase1.TestResumeDownloadEndpoints" name="test_candidate_bank_download_endpoint_exists" time="0.385" /><testcase classname="backend.tests.test_access_control_phase1.TestResumeDownloadEndpoints" name="test_candidates_resume_endpoint_exists" time="0.082" /><testcase classname="backend.tests.test_access_control_phase1.TestEmployerScopedAccess" name="test_employer_can_access_candidate_bank" time="0.844" /><testcase classname="backend.tests.test_access_control_phase1.TestEmployerScopedAccess" name="test_new_employer_sees_limited_candidates" time="0.090" /><testcase classname="backend.tests.test_access_control_phase1.TestRecruiterScopedAccess" name="test_recruiter_can_access_candidate_bank" time="0.873" /><testcase classname="backend.tests.test_access_control_phase1.TestRecruiterScopedAccess" name="test_new_recruiter_sees_limited_candidates" time="0.074" /><testcase classname="backend.tests.test_access_control_phase1.TestMandatoryFieldsValidation" name="test_batch_save_requires_salary" time="0.301" /><testcase classname="backend.tests.test_access_control_phase1.TestMandatoryFieldsValidation" name="test_batch_save_requires_notice_period" time="0.074" /><testcase classname="backend.tests.test_access_control_phase1.TestMandatoryFieldsValidation" name="test_batch_save_requires_location" time="0.038" /><testcase classname="backend.tests.test_access_control_phase1.TestMandatoryFieldsValidation" name="test_batch_save_requires_experience" time="0.038" /><testcase classname="backend.tests.test_access_control_phase1.TestMandatoryFieldsValidation" name="test_batch_save_succeeds_with_all_fields" time="0.040" /><testcase classname="backend.tests.test_access_control_phase1.TestAddCandidateResumeParser" name="test_add_candidate_endpoint_exists" time="0.296" /><testcase classname="backend.tests.test_access_control_phase1.TestAddCandidateResumeParser" name="test_batch_parse_endpoint_exists" time="0.038" /></testsuite></testsuites>