<?xml version="1.0" encoding="utf-8"?><testsuites name="pytest tests"><testsuite name="pytest" errors="7" failures="1" skipped="0" tests="25" time="18.035" timestamp="2026-02-17T16:22:19.666187+00:00" hostname="agent-env-4c055eb4-22fa-4858-83a2-a8658f1245bf"><testcase classname="backend.tests.test_blog_digest_email.TestAdminDigestList" name="test_list_digests_admin_success" time="2.818" /><testcase classname="backend.tests.test_blog_digest_email.TestAdminDigestList" name="test_list_digests_employer_forbidden" time="1.278"><error message="failed on setup with &quot;AssertionError: Employer login failed: {&quot;detail&quot;:&quot;Invalid credentials&quot;}&#10;assert 401 == 200&#10; +  where 401 = &lt;Response [401]&gt;.status_code&quot;">backend/tests/test_blog_digest_email.py:63: in employer_token
    assert response.status_code == 200, f"Employer login failed: {response.text}"
E   AssertionError: Employer login failed: {"detail":"Invalid credentials"}
E   assert 401 == 200
E    +  where 401 = &lt;Response [401]&gt;.status_code</error></testcase><testcase classname="backend.tests.test_blog_digest_email.TestAdminDigestList" name="test_list_digests_no_auth_401" time="0.134"><failure message="assert 403 == 401&#10; +  where 403 = &lt;Response [403]&gt;.status_code">backend/tests/test_blog_digest_email.py:102: in test_list_digests_no_auth_401
    assert response.status_code == 401
E   assert 403 == 401
E    +  where 403 = &lt;Response [403]&gt;.status_code</failure></testcase><testcase classname="backend.tests.test_blog_digest_email.TestAdminDigestPreview" name="test_preview_digest_latest" time="0.645" /><testcase classname="backend.tests.test_blog_digest_email.TestAdminDigestPreview" name="test_preview_digest_with_week_key" time="1.563" /><testcase classname="backend.tests.test_blog_digest_email.TestAdminDigestPreview" name="test_preview_digest_employer_forbidden" time="0.000"><error message="failed on setup with &quot;AssertionError: Employer login failed: {&quot;detail&quot;:&quot;Invalid credentials&quot;}&#10;assert 401 == 200&#10; +  where 401 = &lt;Response [401]&gt;.status_code&quot;">backend/tests/test_blog_digest_email.py:63: in employer_token
    assert response.status_code == 200, f"Employer login failed: {response.text}"
E   AssertionError: Employer login failed: {"detail":"Invalid credentials"}
E   assert 401 == 200
E    +  where 401 = &lt;Response [401]&gt;.status_code</error></testcase><testcase classname="backend.tests.test_blog_digest_email.TestAdminSendDigest" name="test_send_digest_invalid_segment" time="0.524" /><testcase classname="backend.tests.test_blog_digest_email.TestAdminSendDigest" name="test_send_digest_empty_segments" time="0.360" /><testcase classname="backend.tests.test_blog_digest_email.TestAdminSendDigest" name="test_send_digest_employer_forbidden" time="0.000"><error message="failed on setup with &quot;AssertionError: Employer login failed: {&quot;detail&quot;:&quot;Invalid credentials&quot;}&#10;assert 401 == 200&#10; +  where 401 = &lt;Response [401]&gt;.status_code&quot;">backend/tests/test_blog_digest_email.py:63: in employer_token
    assert response.status_code == 200, f"Employer login failed: {response.text}"
E   AssertionError: Employer login failed: {"detail":"Invalid credentials"}
E   assert 401 == 200
E    +  where 401 = &lt;Response [401]&gt;.status_code</error></testcase><testcase classname="backend.tests.test_blog_digest_email.TestAdminSendDigest" name="test_send_digest_duplicate_prevention" time="1.716" /><testcase classname="backend.tests.test_blog_digest_email.TestAdminRecipientPreview" name="test_recipients_single_segment" time="0.958" /><testcase classname="backend.tests.test_blog_digest_email.TestAdminRecipientPreview" name="test_recipients_multiple_segments" time="0.880" /><testcase classname="backend.tests.test_blog_digest_email.TestAdminRecipientPreview" name="test_recipients_invalid_segment_filtered" time="0.889" /><testcase classname="backend.tests.test_blog_digest_email.TestAdminRecipientPreview" name="test_recipients_all_invalid_400" time="0.395" /><testcase classname="backend.tests.test_blog_digest_email.TestAdminRecipientPreview" name="test_recipients_employer_forbidden" time="0.000"><error message="failed on setup with &quot;AssertionError: Employer login failed: {&quot;detail&quot;:&quot;Invalid credentials&quot;}&#10;assert 401 == 200&#10; +  where 401 = &lt;Response [401]&gt;.status_code&quot;">backend/tests/test_blog_digest_email.py:63: in employer_token
    assert response.status_code == 200, f"Employer login failed: {response.text}"
E   AssertionError: Employer login failed: {"detail":"Invalid credentials"}
E   assert 401 == 200
E    +  where 401 = &lt;Response [401]&gt;.status_code</error></testcase><testcase classname="backend.tests.test_blog_digest_email.TestAdminSendLogs" name="test_send_logs_admin_success" time="0.631" /><testcase classname="backend.tests.test_blog_digest_email.TestAdminSendLogs" name="test_send_logs_employer_forbidden" time="0.000"><error message="failed on setup with &quot;AssertionError: Employer login failed: {&quot;detail&quot;:&quot;Invalid credentials&quot;}&#10;assert 401 == 200&#10; +  where 401 = &lt;Response [401]&gt;.status_code&quot;">backend/tests/test_blog_digest_email.py:63: in employer_token
    assert response.status_code == 200, f"Employer login failed: {response.text}"
E   AssertionError: Employer login failed: {"detail":"Invalid credentials"}
E   assert 401 == 200
E    +  where 401 = &lt;Response [401]&gt;.status_code</error></testcase><testcase classname="backend.tests.test_blog_digest_email.TestAdminSubscriptionStats" name="test_subscription_stats_admin" time="0.847" /><testcase classname="backend.tests.test_blog_digest_email.TestAdminSubscriptionStats" name="test_subscription_stats_employer_forbidden" time="0.000"><error message="failed on setup with &quot;AssertionError: Employer login failed: {&quot;detail&quot;:&quot;Invalid credentials&quot;}&#10;assert 401 == 200&#10; +  where 401 = &lt;Response [401]&gt;.status_code&quot;">backend/tests/test_blog_digest_email.py:63: in employer_token
    assert response.status_code == 200, f"Employer login failed: {response.text}"
E   AssertionError: Employer login failed: {"detail":"Invalid credentials"}
E   assert 401 == 200
E    +  where 401 = &lt;Response [401]&gt;.status_code</error></testcase><testcase classname="backend.tests.test_blog_digest_email.TestPublicUnsubscribe" name="test_unsubscribe_invalid_token" time="0.150" /><testcase classname="backend.tests.test_blog_digest_email.TestPublicUnsubscribe" name="test_unsubscribe_valid_token_format" time="2.970" /><testcase classname="backend.tests.test_blog_digest_email.TestPublicResubscribe" name="test_resubscribe_invalid_token" time="0.140" /><testcase classname="backend.tests.test_blog_digest_email.TestPublicResubscribe" name="test_resubscribe_valid_token" time="0.354" /><testcase classname="backend.tests.test_blog_digest_email.TestDigestTrigger" name="test_trigger_digest_admin" time="0.629" /><testcase classname="backend.tests.test_blog_digest_email.TestDigestTrigger" name="test_trigger_digest_employer_forbidden" time="0.000"><error message="failed on setup with &quot;AssertionError: Employer login failed: {&quot;detail&quot;:&quot;Invalid credentials&quot;}&#10;assert 401 == 200&#10; +  where 401 = &lt;Response [401]&gt;.status_code&quot;">backend/tests/test_blog_digest_email.py:63: in employer_token
    assert response.status_code == 200, f"Employer login failed: {response.text}"
E   AssertionError: Employer login failed: {"detail":"Invalid credentials"}
E   assert 401 == 200
E    +  where 401 = &lt;Response [401]&gt;.status_code</error></testcase></testsuite></testsuites>