<?xml version="1.0" encoding="utf-8"?><testsuites name="pytest tests"><testsuite name="pytest" errors="0" failures="0" skipped="13" tests="17" time="6.096" timestamp="2026-02-28T05:23:39.804031+00:00" hostname="agent-env-02828c49-fb67-44a3-9a45-3e85e119568e"><testcase classname="backend.tests.test_resume_builder.TestResumeTemplates" name="test_get_templates_returns_3_templates" time="1.715"><skipped type="pytest.skip" message="Admin login failed: 500">/app/backend/tests/test_resume_builder.py:63: Admin login failed: 500</skipped></testcase><testcase classname="backend.tests.test_resume_builder.TestResumeTemplates" name="test_templates_have_required_fields" time="0.000"><skipped type="pytest.skip" message="Admin login failed: 500">/app/backend/tests/test_resume_builder.py:81: Admin login failed: 500</skipped></testcase><testcase classname="backend.tests.test_resume_builder.TestResumeTemplates" name="test_templates_requires_auth" time="0.105" /><testcase classname="backend.tests.test_resume_builder.TestResumeGenerate" name="test_generate_resume_ats_clean" time="0.000"><skipped type="pytest.skip" message="Admin login failed: 500">/app/backend/tests/test_resume_builder.py:104: Admin login failed: 500</skipped></testcase><testcase classname="backend.tests.test_resume_builder.TestResumeGenerate" name="test_generate_resume_google_style" time="0.000"><skipped type="pytest.skip" message="Admin login failed: 500">/app/backend/tests/test_resume_builder.py:154: Admin login failed: 500</skipped></testcase><testcase classname="backend.tests.test_resume_builder.TestResumeGenerate" name="test_generate_resume_modern" time="0.000"><skipped type="pytest.skip" message="Admin login failed: 500">/app/backend/tests/test_resume_builder.py:179: Admin login failed: 500</skipped></testcase><testcase classname="backend.tests.test_resume_builder.TestResumeGenerate" name="test_generate_resume_escapes_special_chars" time="0.000"><skipped type="pytest.skip" message="Admin login failed: 500">/app/backend/tests/test_resume_builder.py:202: Admin login failed: 500</skipped></testcase><testcase classname="backend.tests.test_resume_builder.TestMyProfile" name="test_my_profile_returns_profile_structure" time="0.000"><skipped type="pytest.skip" message="Admin login failed: 500">/app/backend/tests/test_resume_builder.py:233: Admin login failed: 500</skipped></testcase><testcase classname="backend.tests.test_resume_builder.TestMyProfile" name="test_my_profile_requires_auth" time="0.107" /><testcase classname="backend.tests.test_resume_builder.TestCandidateProfile" name="test_admin_can_access_candidate_profile" time="0.000"><skipped type="pytest.skip" message="Admin login failed: 500">/app/backend/tests/test_resume_builder.py:276: Admin login failed: 500</skipped></testcase><testcase classname="backend.tests.test_resume_builder.TestCandidateProfile" name="test_recruiter_can_access_candidate_profile" time="2.655"><skipped type="pytest.skip" message="Admin login failed: 500">/app/backend/tests/test_resume_builder.py:293: Admin login failed: 500</skipped></testcase><testcase classname="backend.tests.test_resume_builder.TestCandidateProfile" name="test_candidate_profile_not_found" time="0.000"><skipped type="pytest.skip" message="Admin login failed: 500">/app/backend/tests/test_resume_builder.py:311: Admin login failed: 500</skipped></testcase><testcase classname="backend.tests.test_resume_builder.TestCandidateProfile" name="test_candidate_profile_requires_auth" time="0.113" /><testcase classname="backend.tests.test_resume_builder.TestAiEnhance" name="test_ai_enhance_bullets" time="0.000"><skipped type="pytest.skip" message="Admin login failed: 500">/app/backend/tests/test_resume_builder.py:332: Admin login failed: 500</skipped></testcase><testcase classname="backend.tests.test_resume_builder.TestAiEnhance" name="test_ai_enhance_fallback_on_error" time="0.000"><skipped type="pytest.skip" message="Admin login failed: 500">/app/backend/tests/test_resume_builder.py:356: Admin login failed: 500</skipped></testcase><testcase classname="backend.tests.test_resume_builder.TestAiEnhance" name="test_ai_enhance_requires_auth" time="0.100" /><testcase classname="backend.tests.test_resume_builder.TestRegistrationCTCFields" name="test_registration_accepts_ctc_fields" time="1.206"><skipped type="pytest.skip" message="CAPTCHA required for registration">/app/backend/tests/test_resume_builder.py:408: CAPTCHA required for registration</skipped></testcase></testsuite></testsuites>