<?xml version="1.0" encoding="utf-8"?><testsuites name="pytest tests"><testsuite name="pytest" errors="0" failures="0" skipped="0" tests="9" time="31.293" timestamp="2026-03-09T11:15:13.871675+00:00" hostname="agent-env-420193a8-97a8-4d31-a7e3-57d4354054de"><testcase classname="backend.tests.test_recruiter_employer_workflow.TestP0LoginAPIFix" name="test_admin_login_returns_token" time="4.690" /><testcase classname="backend.tests.test_recruiter_employer_workflow.TestP0LoginAPIFix" name="test_recruiter_login_returns_token" time="4.415" /><testcase classname="backend.tests.test_recruiter_employer_workflow.TestRecruiterJobWorkflow" name="test_recruiter_can_view_jobs" time="4.015" /><testcase classname="backend.tests.test_recruiter_employer_workflow.TestRecruiterJobWorkflow" name="test_recruiter_can_create_job" time="1.056" /><testcase classname="backend.tests.test_recruiter_employer_workflow.TestRecruiterJobWorkflow" name="test_recruiter_can_delete_own_job" time="0.798" /><testcase classname="backend.tests.test_recruiter_employer_workflow.TestEmployerApprovalWorkflow" name="test_employer_can_login" time="13.332" /><testcase classname="backend.tests.test_recruiter_employer_workflow.TestEmployerApprovalWorkflow" name="test_employer_pipeline_endpoint" time="1.279" /><testcase classname="backend.tests.test_recruiter_employer_workflow.TestEmployerApprovalWorkflow" name="test_pending_approval_endpoint" time="1.068" /><testcase classname="backend.tests.test_recruiter_employer_workflow.TestEmployerApprovalAPI" name="test_employer_approval_endpoint_exists" time="0.576" /></testsuite></testsuites>