<?xml version="1.0" encoding="utf-8"?><testsuites name="pytest tests"><testsuite name="pytest" errors="0" failures="0" skipped="0" tests="27" time="20.661" timestamp="2026-02-15T12:30:45.290312+00:00" hostname="agent-env-20e61300-0fa4-49a1-a9dc-584bbbb8c234"><testcase classname="backend.tests.test_blog_rss_analytics_schedule.TestRSSFeed" name="test_rss_feed_returns_valid_xml" time="2.484" /><testcase classname="backend.tests.test_blog_rss_analytics_schedule.TestRSSFeed" name="test_rss_feed_employer_filter" time="0.493" /><testcase classname="backend.tests.test_blog_rss_analytics_schedule.TestRSSFeed" name="test_rss_feed_candidate_filter" time="0.355" /><testcase classname="backend.tests.test_blog_rss_analytics_schedule.TestRSSFeed" name="test_rss_items_have_required_elements" time="0.361" /><testcase classname="backend.tests.test_blog_rss_analytics_schedule.TestAnalyticsTracking" name="test_track_view_event" time="0.371" /><testcase classname="backend.tests.test_blog_rss_analytics_schedule.TestAnalyticsTracking" name="test_track_cta_click_event" time="0.335" /><testcase classname="backend.tests.test_blog_rss_analytics_schedule.TestAnalyticsTracking" name="test_track_event_with_metadata" time="0.382" /><testcase classname="backend.tests.test_blog_rss_analytics_schedule.TestAnalyticsTracking" name="test_track_event_invalid_type" time="0.122" /><testcase classname="backend.tests.test_blog_rss_analytics_schedule.TestAnalyticsStats" name="test_analytics_stats_requires_auth" time="0.102" /><testcase classname="backend.tests.test_blog_rss_analytics_schedule.TestAnalyticsStats" name="test_analytics_stats_returns_data" time="3.517" /><testcase classname="backend.tests.test_blog_rss_analytics_schedule.TestAnalyticsStats" name="test_views_over_time_requires_auth" time="0.134" /><testcase classname="backend.tests.test_blog_rss_analytics_schedule.TestAnalyticsStats" name="test_views_over_time_returns_data" time="0.605" /><testcase classname="backend.tests.test_blog_rss_analytics_schedule.TestAnalyticsStats" name="test_top_blogs_requires_auth" time="0.105" /><testcase classname="backend.tests.test_blog_rss_analytics_schedule.TestAnalyticsStats" name="test_top_blogs_returns_data" time="0.607" /><testcase classname="backend.tests.test_blog_rss_analytics_schedule.TestAnalyticsStats" name="test_top_clicks_requires_auth" time="0.107" /><testcase classname="backend.tests.test_blog_rss_analytics_schedule.TestAnalyticsStats" name="test_top_clicks_returns_data" time="0.623" /><testcase classname="backend.tests.test_blog_rss_analytics_schedule.TestScheduleConfig" name="test_schedule_config_requires_auth" time="0.100" /><testcase classname="backend.tests.test_blog_rss_analytics_schedule.TestScheduleConfig" name="test_get_schedule_config" time="1.081" /><testcase classname="backend.tests.test_blog_rss_analytics_schedule.TestScheduleConfig" name="test_update_schedule_config_requires_auth" time="0.100" /><testcase classname="backend.tests.test_blog_rss_analytics_schedule.TestScheduleConfig" name="test_update_schedule_config" time="2.772" /><testcase classname="backend.tests.test_blog_rss_analytics_schedule.TestScheduleTrigger" name="test_trigger_requires_auth" time="0.122" /><testcase classname="backend.tests.test_blog_rss_analytics_schedule.TestScheduleTrigger" name="test_trigger_employer_publish" time="0.825" /><testcase classname="backend.tests.test_blog_rss_analytics_schedule.TestScheduleTrigger" name="test_trigger_candidate_publish" time="0.886" /><testcase classname="backend.tests.test_blog_rss_analytics_schedule.TestScheduleTrigger" name="test_trigger_invalid_type" time="0.352" /><testcase classname="backend.tests.test_blog_rss_analytics_schedule.TestScheduleLog" name="test_schedule_log_requires_auth" time="0.113" /><testcase classname="backend.tests.test_blog_rss_analytics_schedule.TestScheduleLog" name="test_get_schedule_log" time="0.578" /><testcase classname="backend.tests.test_blog_rss_analytics_schedule.TestAnalyticsIntegration" name="test_track_then_verify_stats" time="2.936" /></testsuite></testsuites>