<?xml version="1.0" encoding="utf-8"?><testsuites name="pytest tests"><testsuite name="pytest" errors="0" failures="0" skipped="7" tests="25" time="19.581" timestamp="2026-02-17T16:23:18.794029+00:00" hostname="agent-env-4c055eb4-22fa-4858-83a2-a8658f1245bf"><testcase classname="backend.tests.test_blog_digest_email.TestAdminDigestList" name="test_list_digests_admin_success" time="3.982" /><testcase classname="backend.tests.test_blog_digest_email.TestAdminDigestList" name="test_list_digests_employer_forbidden" time="1.561"><skipped type="pytest.skip" message="Employer login failed (credentials may not be set): {&quot;detail&quot;:&quot;Invalid credentials&quot;}">/app/backend/tests/test_blog_digest_email.py:92: Employer login failed (credentials may not be set): {"detail":"Invalid credentials"}</skipped></testcase><testcase classname="backend.tests.test_blog_digest_email.TestAdminDigestList" name="test_list_digests_no_auth_forbidden" time="0.166" /><testcase classname="backend.tests.test_blog_digest_email.TestAdminDigestPreview" name="test_preview_digest_latest" time="0.721" /><testcase classname="backend.tests.test_blog_digest_email.TestAdminDigestPreview" name="test_preview_digest_with_week_key" time="1.508" /><testcase classname="backend.tests.test_blog_digest_email.TestAdminDigestPreview" name="test_preview_digest_employer_forbidden" time="0.000"><skipped type="pytest.skip" message="Employer login failed (credentials may not be set): {&quot;detail&quot;:&quot;Invalid credentials&quot;}">/app/backend/tests/test_blog_digest_email.py:155: Employer login failed (credentials may not be set): {"detail":"Invalid credentials"}</skipped></testcase><testcase classname="backend.tests.test_blog_digest_email.TestAdminSendDigest" name="test_send_digest_invalid_segment" time="0.378" /><testcase classname="backend.tests.test_blog_digest_email.TestAdminSendDigest" name="test_send_digest_empty_segments" time="0.504" /><testcase classname="backend.tests.test_blog_digest_email.TestAdminSendDigest" name="test_send_digest_employer_forbidden" time="0.000"><skipped type="pytest.skip" message="Employer login failed (credentials may not be set): {&quot;detail&quot;:&quot;Invalid credentials&quot;}">/app/backend/tests/test_blog_digest_email.py:189: Employer login failed (credentials may not be set): {"detail":"Invalid credentials"}</skipped></testcase><testcase classname="backend.tests.test_blog_digest_email.TestAdminSendDigest" name="test_send_digest_duplicate_prevention" time="1.743" /><testcase classname="backend.tests.test_blog_digest_email.TestAdminRecipientPreview" name="test_recipients_single_segment" time="0.954" /><testcase classname="backend.tests.test_blog_digest_email.TestAdminRecipientPreview" name="test_recipients_multiple_segments" time="0.895" /><testcase classname="backend.tests.test_blog_digest_email.TestAdminRecipientPreview" name="test_recipients_invalid_segment_filtered" time="0.854" /><testcase classname="backend.tests.test_blog_digest_email.TestAdminRecipientPreview" name="test_recipients_all_invalid_400" time="0.421" /><testcase classname="backend.tests.test_blog_digest_email.TestAdminRecipientPreview" name="test_recipients_employer_forbidden" time="0.000"><skipped type="pytest.skip" message="Employer login failed (credentials may not be set): {&quot;detail&quot;:&quot;Invalid credentials&quot;}">/app/backend/tests/test_blog_digest_email.py:291: Employer login failed (credentials may not be set): {"detail":"Invalid credentials"}</skipped></testcase><testcase classname="backend.tests.test_blog_digest_email.TestAdminSendLogs" name="test_send_logs_admin_success" time="0.620" /><testcase classname="backend.tests.test_blog_digest_email.TestAdminSendLogs" name="test_send_logs_employer_forbidden" time="0.000"><skipped type="pytest.skip" message="Employer login failed (credentials may not be set): {&quot;detail&quot;:&quot;Invalid credentials&quot;}">/app/backend/tests/test_blog_digest_email.py:326: Employer login failed (credentials may not be set): {"detail":"Invalid credentials"}</skipped></testcase><testcase classname="backend.tests.test_blog_digest_email.TestAdminSubscriptionStats" name="test_subscription_stats_admin" time="0.868" /><testcase classname="backend.tests.test_blog_digest_email.TestAdminSubscriptionStats" name="test_subscription_stats_employer_forbidden" time="0.000"><skipped type="pytest.skip" message="Employer login failed (credentials may not be set): {&quot;detail&quot;:&quot;Invalid credentials&quot;}">/app/backend/tests/test_blog_digest_email.py:350: Employer login failed (credentials may not be set): {"detail":"Invalid credentials"}</skipped></testcase><testcase classname="backend.tests.test_blog_digest_email.TestPublicUnsubscribe" name="test_unsubscribe_invalid_token" time="0.198" /><testcase classname="backend.tests.test_blog_digest_email.TestPublicUnsubscribe" name="test_unsubscribe_valid_token_format" time="2.998" /><testcase classname="backend.tests.test_blog_digest_email.TestPublicResubscribe" name="test_resubscribe_invalid_token" time="0.128" /><testcase classname="backend.tests.test_blog_digest_email.TestPublicResubscribe" name="test_resubscribe_valid_token" time="0.377" /><testcase classname="backend.tests.test_blog_digest_email.TestDigestTrigger" name="test_trigger_digest_admin" time="0.607" /><testcase classname="backend.tests.test_blog_digest_email.TestDigestTrigger" name="test_trigger_digest_employer_forbidden" time="0.000"><skipped type="pytest.skip" message="Employer login failed (credentials may not be set): {&quot;detail&quot;:&quot;Invalid credentials&quot;}">/app/backend/tests/test_blog_digest_email.py:429: Employer login failed (credentials may not be set): {"detail":"Invalid credentials"}</skipped></testcase></testsuite></testsuites>