<?xml version="1.0" encoding="utf-8"?><testsuites name="pytest tests"><testsuite name="pytest" errors="0" failures="0" skipped="0" tests="13" time="52.696" timestamp="2026-04-09T06:34:37.879051+00:00" hostname="agent-env-77d4d6a6-4e3c-4ee6-95db-bdf17245a7bc"><testcase classname="backend.tests.test_extraction_quality_iteration159.TestExtractionQualityEndpoint" name="test_extraction_quality_requires_auth" time="4.105" /><testcase classname="backend.tests.test_extraction_quality_iteration159.TestExtractionQualityEndpoint" name="test_extraction_quality_requires_admin" time="4.542" /><testcase classname="backend.tests.test_extraction_quality_iteration159.TestExtractionQualityEndpoint" name="test_extraction_quality_returns_correct_schema" time="5.759" /><testcase classname="backend.tests.test_extraction_quality_iteration159.TestExtractionQualityEndpoint" name="test_extraction_quality_field_stats_structure" time="2.552" /><testcase classname="backend.tests.test_extraction_quality_iteration159.TestExtractionQualityEndpoint" name="test_extraction_quality_missed_fields_under_80" time="2.523" /><testcase classname="backend.tests.test_extraction_quality_iteration159.TestExtractionQualityEndpoint" name="test_extraction_quality_strong_fields_at_80_plus" time="2.519" /><testcase classname="backend.tests.test_extraction_quality_iteration159.TestExtractionQualityEndpoint" name="test_extraction_quality_overall_score_calculation" time="2.493" /><testcase classname="backend.tests.test_extraction_quality_iteration159.TestExtractionQualityEndpoint" name="test_extraction_quality_recent_regex_enriched" time="2.515" /><testcase classname="backend.tests.test_extraction_quality_iteration159.TestAdminDashboardStats" name="test_admin_stats_returns_correct_schema" time="5.971" /><testcase classname="backend.tests.test_extraction_quality_iteration159.TestAPIKeyUsage" name="test_api_key_usage_requires_admin" time="5.271" /><testcase classname="backend.tests.test_extraction_quality_iteration159.TestAPIKeyUsage" name="test_api_key_usage_returns_4_keys" time="5.327" /><testcase classname="backend.tests.test_extraction_quality_iteration159.TestAdminAIExtractRouting" name="test_admin_ai_extract_uses_regex" time="4.500" /><testcase classname="backend.tests.test_extraction_quality_iteration159.TestAdminAIExtractRouting" name="test_recruiter_ai_extract_uses_claude" time="4.530" /></testsuite></testsuites>