<?xml version="1.0" encoding="utf-8"?><testsuites name="pytest tests"><testsuite name="pytest" errors="0" failures="0" skipped="0" tests="10" time="68.253" timestamp="2026-03-20T10:27:55.490113+00:00" hostname="agent-env-71ec33b6-e763-40ea-b9aa-2ceab5da3b5f"><testcase classname="backend.tests.test_source_platform_routing.TestSourcePlatformRouting" name="test_capture_with_linkedin_source_platform" time="5.179" /><testcase classname="backend.tests.test_source_platform_routing.TestSourcePlatformRouting" name="test_capture_with_naukri_source_platform" time="5.065" /><testcase classname="backend.tests.test_source_platform_routing.TestSourcePlatformRouting" name="test_capture_with_naukri_mailer_source_platform" time="5.041" /><testcase classname="backend.tests.test_source_platform_routing.TestSourcePlatformRouting" name="test_capture_without_source_platform_defaults_to_naukri" time="5.045" /><testcase classname="backend.tests.test_source_platform_routing.TestSourcePlatformRouting" name="test_capture_with_foundit_source_platform" time="6.208" /><testcase classname="backend.tests.test_source_platform_routing.TestSourcePlatformRouting" name="test_stats_counts_all_extension_sources" time="12.260" /><testcase classname="backend.tests.test_source_platform_routing.TestSourcePlatformRouting" name="test_work_experience_with_responsibilities_and_achievements" time="5.232" /><testcase classname="backend.tests.test_source_platform_routing.TestSourcePlatformRouting" name="test_dedup_same_name_different_sources" time="7.573" /><testcase classname="backend.tests.test_source_platform_routing.TestSourcePlatformRouting" name="test_evaluate_fit_still_works" time="9.402" /><testcase classname="backend.tests.test_source_platform_routing.TestSourcePlatformUpdate" name="test_update_preserves_source_platform" time="7.182" /></testsuite></testsuites>