<?xml version="1.0" encoding="utf-8"?><testsuites name="pytest tests"><testsuite name="pytest" errors="0" failures="0" skipped="0" tests="17" time="25.840" timestamp="2026-03-25T04:54:44.975364+00:00" hostname="agent-env-b49d71e3-3b49-4daa-a2a7-08d46e7b488f"><testcase classname="tests.test_phase2_service_extraction.TestHealthEndpoints" name="test_health_check_returns_ok" time="0.118" /><testcase classname="tests.test_phase2_service_extraction.TestHealthEndpoints" name="test_health_diagnostics_returns_db_info" time="0.098" /><testcase classname="tests.test_phase2_service_extraction.TestAuthEndpoints" name="test_admin_login_success" time="1.410" /><testcase classname="tests.test_phase2_service_extraction.TestAuthEndpoints" name="test_employer_login_success" time="1.408" /><testcase classname="tests.test_phase2_service_extraction.TestAuthEndpoints" name="test_invalid_credentials_returns_401" time="1.181" /><testcase classname="tests.test_phase2_service_extraction.TestJobsEndpoints" name="test_get_jobs_list" time="2.693" /><testcase classname="tests.test_phase2_service_extraction.TestCandidateBankEndpoints" name="test_get_candidate_bank_list" time="2.651" /><testcase classname="tests.test_phase2_service_extraction.TestCandidateBankEndpoints" name="test_boolean_search_works" time="2.528" /><testcase classname="tests.test_phase2_service_extraction.TestCandidateBankEndpoints" name="test_boolean_search_with_and_operator" time="2.933" /><testcase classname="tests.test_phase2_service_extraction.TestApplicationsEndpoints" name="test_get_applications_list" time="2.913" /><testcase classname="tests.test_phase2_service_extraction.TestNotificationsEndpoints" name="test_get_unread_count" time="2.014" /><testcase classname="tests.test_phase2_service_extraction.TestTrackerEndpoints" name="test_get_tracker_columns" time="1.750" /><testcase classname="tests.test_phase2_service_extraction.TestExtensionEndpoints" name="test_evaluate_fit_endpoint_accessible" time="1.766" /><testcase classname="tests.test_phase2_service_extraction.TestPublicEndpoints" name="test_get_public_jobs" time="0.340" /><testcase classname="tests.test_phase2_service_extraction.TestBulkImportEndpoints" name="test_bulk_import_template_accessible" time="1.771" /><testcase classname="tests.test_phase2_service_extraction.TestServiceImports" name="test_server_starts_without_import_errors" time="0.104" /><testcase classname="tests.test_phase2_service_extraction.TestServiceImports" name="test_diagnostics_confirms_zero_import_failures" time="0.100" /></testsuite></testsuites>