<?xml version="1.0" encoding="utf-8"?><testsuites name="pytest tests"><testsuite name="pytest" errors="0" failures="0" skipped="0" tests="24" time="10.162" timestamp="2026-04-09T07:27:47.515428+00:00" hostname="agent-env-77d4d6a6-4e3c-4ee6-95db-bdf17245a7bc"><testcase classname="tests.test_naukri_regex_parser_iteration161.TestCVFormatWorkExperience" name="test_cv_format_single_entry" time="0.791" /><testcase classname="tests.test_naukri_regex_parser_iteration161.TestCVFormatWorkExperience" name="test_cv_format_multiple_entries" time="0.001" /><testcase classname="tests.test_naukri_regex_parser_iteration161.TestCVFormatWorkExperience" name="test_cv_format_with_full_descriptions" time="0.001" /><testcase classname="tests.test_naukri_regex_parser_iteration161.TestNaukriDOMFormatWorkExperience" name="test_naukri_dom_format_single_entry" time="0.001" /><testcase classname="tests.test_naukri_regex_parser_iteration161.TestNaukriDOMFormatWorkExperience" name="test_naukri_dom_format_multiple_entries" time="0.001" /><testcase classname="tests.test_naukri_regex_parser_iteration161.TestCVSummaryExtraction" name="test_cv_summary_between_contact_and_experience" time="0.001" /><testcase classname="tests.test_naukri_regex_parser_iteration161.TestCVSummaryExtraction" name="test_cv_summary_multiline_paragraph" time="0.001" /><testcase classname="tests.test_naukri_regex_parser_iteration161.TestLabeledSummaryExtraction" name="test_labeled_profile_summary" time="0.000" /><testcase classname="tests.test_naukri_regex_parser_iteration161.TestLabeledSummaryExtraction" name="test_labeled_summary_with_colon" time="0.000" /><testcase classname="tests.test_naukri_regex_parser_iteration161.TestIndustryDepartmentExtraction" name="test_industry_extraction" time="0.000" /><testcase classname="tests.test_naukri_regex_parser_iteration161.TestIndustryDepartmentExtraction" name="test_department_extraction" time="0.000" /><testcase classname="tests.test_naukri_regex_parser_iteration161.TestIndustryDepartmentExtraction" name="test_industry_department_from_page_text" time="0.001" /><testcase classname="tests.test_naukri_regex_parser_iteration161.TestCombinedTextEnrichment" name="test_combined_cv_and_page_text" time="0.001" /><testcase classname="tests.test_naukri_regex_parser_iteration161.TestEducationExtraction" name="test_education_cv_format" time="0.000" /><testcase classname="tests.test_naukri_regex_parser_iteration161.TestEducationExtraction" name="test_education_does_not_include_experience" time="0.000" /><testcase classname="tests.test_naukri_regex_parser_iteration161.TestAdminRegexRouting" name="test_admin_ai_extract_uses_regex" time="4.720" /><testcase classname="tests.test_naukri_regex_parser_iteration161.TestAdminRegexRouting" name="test_recruiter_ai_extract_works" time="4.581" /><testcase classname="tests.test_naukri_regex_parser_iteration161.TestEdgeCases" name="test_empty_text" time="0.000" /><testcase classname="tests.test_naukri_regex_parser_iteration161.TestEdgeCases" name="test_minimal_cv_text" time="0.000" /><testcase classname="tests.test_naukri_regex_parser_iteration161.TestEdgeCases" name="test_pipe_separator_variations" time="0.000" /><testcase classname="tests.test_naukri_regex_parser_iteration161.TestEdgeCases" name="test_experience_section_boundary" time="0.000" /><testcase classname="tests.test_naukri_regex_parser_iteration161.TestDirectFunctionCalls" name="test_cv_format_detection" time="0.000" /><testcase classname="tests.test_naukri_regex_parser_iteration161.TestDirectFunctionCalls" name="test_naukri_dom_format_detection" time="0.000" /><testcase classname="tests.test_naukri_regex_parser_iteration161.TestDirectFunctionCalls" name="test_summary_extraction_priority" time="0.000" /></testsuite></testsuites>