<?xml version="1.0" encoding="utf-8"?><testsuites name="pytest tests"><testsuite name="pytest" errors="0" failures="13" skipped="6" tests="21" time="33.596" timestamp="2026-02-20T10:36:14.959295+00:00" hostname="agent-env-66c7030e-3da9-4578-8eb9-c09f540a389e"><testcase classname="backend.tests.test_tracker_system" name="test_get_master_columns_returns_columns" time="3.502"><failure message="AssertionError: Expected 200, got 401: {&quot;detail&quot;:&quot;Invalid token&quot;}&#10;assert 401 == 200&#10; +  where 401 = &lt;Response [401]&gt;.status_code">backend/tests/test_tracker_system.py:69: in test_get_master_columns_returns_columns
    assert response.status_code == 200, f"Expected 200, got {response.status_code}: {response.text}"
E   AssertionError: Expected 200, got 401: {"detail":"Invalid token"}
E   assert 401 == 200
E    +  where 401 = &lt;Response [401]&gt;.status_code</failure></testcase><testcase classname="backend.tests.test_tracker_system" name="test_master_columns_count_58" time="1.509"><failure message="assert 401 == 200&#10; +  where 401 = &lt;Response [401]&gt;.status_code">backend/tests/test_tracker_system.py:81: in test_master_columns_count_58
    assert response.status_code == 200
E   assert 401 == 200
E    +  where 401 = &lt;Response [401]&gt;.status_code</failure></testcase><testcase classname="backend.tests.test_tracker_system" name="test_master_columns_has_11_categories" time="1.525"><failure message="assert 401 == 200&#10; +  where 401 = &lt;Response [401]&gt;.status_code">backend/tests/test_tracker_system.py:92: in test_master_columns_has_11_categories
    assert response.status_code == 200
E   assert 401 == 200
E    +  where 401 = &lt;Response [401]&gt;.status_code</failure></testcase><testcase classname="backend.tests.test_tracker_system" name="test_master_columns_has_field_types" time="1.506"><failure message="assert 401 == 200&#10; +  where 401 = &lt;Response [401]&gt;.status_code">backend/tests/test_tracker_system.py:104: in test_master_columns_has_field_types
    assert response.status_code == 200
E   assert 401 == 200
E    +  where 401 = &lt;Response [401]&gt;.status_code</failure></testcase><testcase classname="backend.tests.test_tracker_system" name="test_list_templates" time="1.498"><failure message="AssertionError: Expected 200, got 401: {&quot;detail&quot;:&quot;Invalid token&quot;}&#10;assert 401 == 200&#10; +  where 401 = &lt;Response [401]&gt;.status_code">backend/tests/test_tracker_system.py:118: in test_list_templates
    assert response.status_code == 200, f"Expected 200, got {response.status_code}: {response.text}"
E   AssertionError: Expected 200, got 401: {"detail":"Invalid token"}
E   assert 401 == 200
E    +  where 401 = &lt;Response [401]&gt;.status_code</failure></testcase><testcase classname="backend.tests.test_tracker_system" name="test_create_template" time="1.566"><failure message="AssertionError: Expected 200, got 401: {&quot;detail&quot;:&quot;Invalid token&quot;}&#10;assert 401 == 200&#10; +  where 401 = &lt;Response [401]&gt;.status_code">backend/tests/test_tracker_system.py:143: in test_create_template
    assert response.status_code == 200, f"Expected 200, got {response.status_code}: {response.text}"
E   AssertionError: Expected 200, got 401: {"detail":"Invalid token"}
E   assert 401 == 200
E    +  where 401 = &lt;Response [401]&gt;.status_code</failure></testcase><testcase classname="backend.tests.test_tracker_system" name="test_get_existing_template" time="1.502"><failure message="assert 401 == 200&#10; +  where 401 = &lt;Response [401]&gt;.status_code">backend/tests/test_tracker_system.py:162: in test_get_existing_template
    assert response.status_code == 200
E   assert 401 == 200
E    +  where 401 = &lt;Response [401]&gt;.status_code</failure></testcase><testcase classname="backend.tests.test_tracker_system" name="test_clone_template" time="1.445"><skipped type="pytest.skip" message="No template to clone">/app/backend/tests/test_tracker_system.py:175: No template to clone</skipped></testcase><testcase classname="backend.tests.test_tracker_system" name="test_delete_test_templates" time="1.455" /><testcase classname="backend.tests.test_tracker_system" name="test_list_trackers_with_row_count" time="1.511"><failure message="AssertionError: Expected 200, got 401: {&quot;detail&quot;:&quot;Invalid token&quot;}&#10;assert 401 == 200&#10; +  where 401 = &lt;Response [401]&gt;.status_code">backend/tests/test_tracker_system.py:208: in test_list_trackers_with_row_count
    assert response.status_code == 200, f"Expected 200, got {response.status_code}: {response.text}"
E   AssertionError: Expected 200, got 401: {"detail":"Invalid token"}
E   assert 401 == 200
E    +  where 401 = &lt;Response [401]&gt;.status_code</failure></testcase><testcase classname="backend.tests.test_tracker_system" name="test_create_tracker_linked_to_mandate" time="1.508"><skipped type="pytest.skip" message="No templates available">/app/backend/tests/test_tracker_system.py:229: No templates available</skipped></testcase><testcase classname="backend.tests.test_tracker_system" name="test_get_tracker_with_rows" time="1.484"><failure message="assert 401 == 200&#10; +  where 401 = &lt;Response [401]&gt;.status_code">backend/tests/test_tracker_system.py:264: in test_get_tracker_with_rows
    assert response.status_code == 200
E   assert 401 == 200
E    +  where 401 = &lt;Response [401]&gt;.status_code</failure></testcase><testcase classname="backend.tests.test_tracker_system" name="test_delete_test_tracker" time="1.432" /><testcase classname="backend.tests.test_tracker_system" name="test_add_row_duplicate_returns_409" time="1.505"><skipped type="pytest.skip" message="Existing tracker not found">/app/backend/tests/test_tracker_system.py:290: Existing tracker not found</skipped></testcase><testcase classname="backend.tests.test_tracker_system" name="test_update_row_inline_edit" time="1.501"><skipped type="pytest.skip" message="Existing tracker not found">/app/backend/tests/test_tracker_system.py:318: Existing tracker not found</skipped></testcase><testcase classname="backend.tests.test_tracker_system" name="test_update_row_status_syncs_pipeline" time="1.487"><skipped type="pytest.skip" message="Existing tracker not found">/app/backend/tests/test_tracker_system.py:354: Existing tracker not found</skipped></testcase><testcase classname="backend.tests.test_tracker_system" name="test_validation_returns_status" time="1.483"><failure message="AssertionError: Expected 200, got 401: {&quot;detail&quot;:&quot;Invalid token&quot;}&#10;assert 401 == 200&#10; +  where 401 = &lt;Response [401]&gt;.status_code">backend/tests/test_tracker_system.py:410: in test_validation_returns_status
    assert response.status_code == 200, f"Expected 200, got {response.status_code}: {response.text}"
E   AssertionError: Expected 200, got 401: {"detail":"Invalid token"}
E   assert 401 == 200
E    +  where 401 = &lt;Response [401]&gt;.status_code</failure></testcase><testcase classname="backend.tests.test_tracker_system" name="test_validation_returns_missing_field_details" time="1.510"><failure message="assert 401 == 200&#10; +  where 401 = &lt;Response [401]&gt;.status_code">backend/tests/test_tracker_system.py:430: in test_validation_returns_missing_field_details
    assert response.status_code == 200
E   assert 401 == 200
E    +  where 401 = &lt;Response [401]&gt;.status_code</failure></testcase><testcase classname="backend.tests.test_tracker_system" name="test_sync_tracker_to_pipeline_on_status_change" time="1.517"><skipped type="pytest.skip" message="Existing tracker not found">/app/backend/tests/test_tracker_system.py:454: Existing tracker not found</skipped></testcase><testcase classname="backend.tests.test_tracker_system" name="test_get_tracker_events" time="1.501"><failure message="AssertionError: Expected 200, got 401: {&quot;detail&quot;:&quot;Invalid token&quot;}&#10;assert 401 == 200&#10; +  where 401 = &lt;Response [401]&gt;.status_code">backend/tests/test_tracker_system.py:470: in test_get_tracker_events
    assert response.status_code == 200, f"Expected 200, got {response.status_code}: {response.text}"
E   AssertionError: Expected 200, got 401: {"detail":"Invalid token"}
E   assert 401 == 200
E    +  where 401 = &lt;Response [401]&gt;.status_code</failure></testcase><testcase classname="backend.tests.test_tracker_system" name="test_get_events_filtered_by_tracker" time="1.473"><failure message="AssertionError: Expected 200, got 401: {&quot;detail&quot;:&quot;Invalid token&quot;}&#10;assert 401 == 200&#10; +  where 401 = &lt;Response [401]&gt;.status_code">backend/tests/test_tracker_system.py:488: in test_get_events_filtered_by_tracker
    assert response.status_code == 200, f"Expected 200, got {response.status_code}: {response.text}"
E   AssertionError: Expected 200, got 401: {"detail":"Invalid token"}
E   assert 401 == 200
E    +  where 401 = &lt;Response [401]&gt;.status_code</failure></testcase></testsuite></testsuites>