<?xml version="1.0" encoding="utf-8"?><testsuites name="pytest tests"><testsuite name="pytest" errors="0" failures="2" skipped="0" tests="11" time="46.189" timestamp="2026-02-18T17:43:37.627810+00:00" hostname="agent-env-1328d8f9-5176-463c-8d1d-7beb46315fe3"><testcase classname="tests.test_employer_routes_refactor.TestEmployerRoutesRefactor" name="test_admin_hierarchy_endpoint" time="10.795" /><testcase classname="tests.test_employer_routes_refactor.TestEmployerRoutesRefactor" name="test_employer_pipeline_endpoint" time="2.384"><failure message="AssertionError: Employer pipeline failed: {&quot;detail&quot;:&quot;Insufficient permissions&quot;}&#10;assert 403 == 200&#10; +  where 403 = &lt;Response [403]&gt;.status_code">tests/test_employer_routes_refactor.py:74: in test_employer_pipeline_endpoint
    assert response.status_code == 200, f"Employer pipeline failed: {response.text}"
E   AssertionError: Employer pipeline failed: {"detail":"Insufficient permissions"}
E   assert 403 == 200
E    +  where 403 = &lt;Response [403]&gt;.status_code</failure></testcase><testcase classname="tests.test_employer_routes_refactor.TestEmployerRoutesRefactor" name="test_employer_analytics_endpoint" time="3.823" /><testcase classname="tests.test_employer_routes_refactor.TestEmployerRoutesRefactor" name="test_company_pipeline_endpoint" time="5.861" /><testcase classname="tests.test_employer_routes_refactor.TestEmployerRoutesRefactor" name="test_admin_pipeline_joined_stage" time="3.774" /><testcase classname="tests.test_employer_routes_refactor.TestEmployerRoutesRefactor" name="test_revenue_aggregate_by_company" time="2.265" /><testcase classname="tests.test_employer_routes_refactor.TestEmployerRoutesRefactor" name="test_revenue_aggregate_by_job" time="2.141" /><testcase classname="tests.test_employer_routes_refactor.TestEmployerRoutesRefactor" name="test_employers_companies_lookup" time="8.997" /><testcase classname="tests.test_employer_routes_refactor.TestEmployerRoutesRefactor" name="test_revenue_records_endpoint" time="2.743"><failure message="AssertionError: Records should be a list&#10;assert False&#10; +  where False = isinstance({'records': [{'application_id': '3a8d45dc-a002-4795-a4cd-3271964ff94d', 'candidate_id': '01a892fe-42a4-41a9-a169-2a0793ff058e', 'candidate_name': 'Ravi Yadav', 'commercial_snapshot': {'fixed_fee_amount': None, 'legacy_level_mapping': None, 'level_config': None, 'percentage_value': 8.33, ...}, ...}]}, list)">tests/test_employer_routes_refactor.py:260: in test_revenue_records_endpoint
    assert isinstance(records, list), "Records should be a list"
E   AssertionError: Records should be a list
E   assert False
E    +  where False = isinstance({'records': [{'application_id': '3a8d45dc-a002-4795-a4cd-3271964ff94d', 'candidate_id': '01a892fe-42a4-41a9-a169-2a0793ff058e', 'candidate_name': 'Ravi Yadav', 'commercial_snapshot': {'fixed_fee_amount': None, 'legacy_level_mapping': None, 'level_config': None, 'percentage_value': 8.33, ...}, ...}]}, list)</failure></testcase><testcase classname="tests.test_employer_routes_refactor.TestEmployerRoutesAccessControl" name="test_hierarchy_requires_admin" time="1.637" /><testcase classname="tests.test_employer_routes_refactor.TestEmployerRoutesAccessControl" name="test_company_pipeline_authorization" time="1.663" /></testsuite></testsuites>