<?xml version="1.0" encoding="utf-8"?><testsuites name="pytest tests"><testsuite name="pytest" errors="0" failures="0" skipped="0" tests="16" time="33.105" timestamp="2026-02-24T11:46:22.893500+00:00" hostname="agent-env-b2ba6cca-ce80-4e05-b430-8dd5be65e498"><testcase classname="backend.tests.test_pause_reset_features.TestPauseAndResetFeatures" name="test_01_get_attendance_status_returns_is_paused" time="18.756" /><testcase classname="backend.tests.test_pause_reset_features.TestPauseAndResetFeatures" name="test_02_set_pause_on_via_settings" time="0.835" /><testcase classname="backend.tests.test_pause_reset_features.TestPauseAndResetFeatures" name="test_03_verify_status_is_paused_after_setting" time="0.591" /><testcase classname="backend.tests.test_pause_reset_features.TestPauseAndResetFeatures" name="test_04_check_in_blocked_when_paused" time="0.591" /><testcase classname="backend.tests.test_pause_reset_features.TestPauseAndResetFeatures" name="test_05_check_out_blocked_when_paused" time="0.602" /><testcase classname="backend.tests.test_pause_reset_features.TestPauseAndResetFeatures" name="test_06_admin_get_all_attendance_works_when_paused" time="0.829" /><testcase classname="backend.tests.test_pause_reset_features.TestPauseAndResetFeatures" name="test_07_admin_monthly_report_works_when_paused" time="1.173" /><testcase classname="backend.tests.test_pause_reset_features.TestPauseAndResetFeatures" name="test_08_admin_settings_works_when_paused" time="0.639" /><testcase classname="backend.tests.test_pause_reset_features.TestPauseAndResetFeatures" name="test_09_set_pause_off_via_settings" time="0.820" /><testcase classname="backend.tests.test_pause_reset_features.TestPauseAndResetFeatures" name="test_10_verify_status_is_active_after_resume" time="0.570" /><testcase classname="backend.tests.test_pause_reset_features.TestPauseAndResetFeatures" name="test_11_pre_launch_reset_wrong_confirmation_returns_400" time="0.376" /><testcase classname="backend.tests.test_pause_reset_features.TestPauseAndResetFeatures" name="test_12_pre_launch_reset_empty_confirmation_returns_400" time="0.340" /><testcase classname="backend.tests.test_pause_reset_features.TestPauseAndResetFeatures" name="test_13_pre_launch_reset_correct_confirmation_succeeds" time="3.182" /><testcase classname="backend.tests.test_pause_reset_features.TestPauseAndResetFeatures" name="test_14_non_admin_cannot_access_settings" time="1.855" /><testcase classname="backend.tests.test_pause_reset_features.TestPauseAndResetFeatures" name="test_15_non_admin_cannot_access_pre_launch_reset" time="1.758" /><testcase classname="backend.tests.test_pause_reset_features.TestPauseAndResetFeatures" name="test_16_unauthenticated_cannot_access_settings" time="0.111" /></testsuite></testsuites>