<?xml version="1.0" encoding="utf-8"?><testsuites name="pytest tests"><testsuite name="pytest" errors="0" failures="0" skipped="1" tests="15" time="90.818" timestamp="2026-02-14T17:16:09.897128+00:00" hostname="agent-env-f7744a07-e78f-4fe0-9a35-3accb9c942d5"><testcase classname="backend.tests.test_ai_search.TestAISearchEndpoint" name="test_ai_search_requires_auth" time="1.838" /><testcase classname="backend.tests.test_ai_search.TestAISearchEndpoint" name="test_ai_search_prompt_too_short" time="2.397" /><testcase classname="backend.tests.test_ai_search.TestAISearchEndpoint" name="test_ai_search_basic_prompt_employer" time="8.249" /><testcase classname="backend.tests.test_ai_search.TestAISearchEndpoint" name="test_ai_search_recruiter_access" time="8.657" /><testcase classname="backend.tests.test_ai_search.TestAISearchEndpoint" name="test_ai_search_filter_extraction_skills" time="9.618" /><testcase classname="backend.tests.test_ai_search.TestAISearchEndpoint" name="test_ai_search_filter_extraction_experience" time="20.953" /><testcase classname="backend.tests.test_ai_search.TestAISearchEndpoint" name="test_ai_search_filter_extraction_location" time="6.109" /><testcase classname="backend.tests.test_ai_search.TestAISearchEndpoint" name="test_ai_search_filter_extraction_negation" time="3.911" /><testcase classname="backend.tests.test_ai_search.TestAISearchEndpoint" name="test_ai_search_candidate_explanations" time="7.426" /><testcase classname="backend.tests.test_ai_search.TestAISearchEndpoint" name="test_ai_search_response_candidate_fields" time="3.284" /><testcase classname="backend.tests.test_ai_search.TestAISearchEndpoint" name="test_ai_search_no_explanations_flag" time="3.171" /><testcase classname="backend.tests.test_ai_search.TestAISearchLogging" name="test_ai_search_logs_metadata" time="7.674" /><testcase classname="backend.tests.test_ai_search.TestOldJDSearchStillWorks" name="test_find_candidates_with_job_id" time="0.952"><skipped type="pytest.skip" message="No jobs available for testing">/app/backend/tests/test_ai_search.py:291: No jobs available for testing</skipped></testcase><testcase classname="backend.tests.test_ai_search.TestOldJDSearchStillWorks" name="test_find_candidates_with_jd_text" time="3.484" /><testcase classname="backend.tests.test_ai_search.TestOldJDSearchStillWorks" name="test_find_candidates_with_keyword_filter" time="3.021" /></testsuite></testsuites>