<?xml version="1.0" encoding="utf-8"?><testsuites name="pytest tests"><testsuite name="pytest" errors="0" failures="0" skipped="0" tests="22" time="136.091" timestamp="2026-02-07T12:40:03.565624+00:00" hostname="agent-env-df36b20a-d4cb-455f-879c-9341e19cb47a"><testcase classname="backend.tests.test_matching_refactor.TestAuth" name="test_admin_login" time="3.830" /><testcase classname="backend.tests.test_matching_refactor.TestAuth" name="test_employer_login" time="1.365" /><testcase classname="backend.tests.test_matching_refactor.TestAuth" name="test_recruiter_login" time="1.384" /><testcase classname="backend.tests.test_matching_refactor.TestQuickMatch" name="test_quick_match_with_jd_text" time="4.163" /><testcase classname="backend.tests.test_matching_refactor.TestQuickMatch" name="test_quick_match_response_time" time="1.648" /><testcase classname="backend.tests.test_matching_refactor.TestQuickMatch" name="test_quick_match_score_range" time="1.860" /><testcase classname="backend.tests.test_matching_refactor.TestFullAIMatch" name="test_full_ai_match_returns_job_id" time="4.967" /><testcase classname="backend.tests.test_matching_refactor.TestMatchJobPolling" name="test_poll_nonexistent_job_returns_404" time="77.054" /><testcase classname="backend.tests.test_matching_refactor.TestMatchJobPolling" name="test_poll_requires_auth" time="19.158" /><testcase classname="backend.tests.test_matching_refactor.TestTeamsCRUD" name="test_get_teams_requires_auth" time="0.068" /><testcase classname="backend.tests.test_matching_refactor.TestTeamsCRUD" name="test_get_teams_as_admin" time="2.368" /><testcase classname="backend.tests.test_matching_refactor.TestTeamsCRUD" name="test_create_team_requires_employer" time="0.504" /><testcase classname="backend.tests.test_matching_refactor.TestReferralsCRUD" name="test_get_referrals_requires_auth" time="0.039" /><testcase classname="backend.tests.test_matching_refactor.TestReferralsCRUD" name="test_get_referrals_as_admin" time="1.893" /><testcase classname="backend.tests.test_matching_refactor.TestReferralsCRUD" name="test_create_referral_requires_active_job" time="0.507" /><testcase classname="backend.tests.test_matching_refactor.TestCommercialsCRUD" name="test_get_commercials_requires_auth" time="0.051" /><testcase classname="backend.tests.test_matching_refactor.TestCommercialsCRUD" name="test_get_commercials_as_admin" time="1.906" /><testcase classname="backend.tests.test_matching_refactor.TestCommercialsCRUD" name="test_create_commercial_requires_company" time="0.505" /><testcase classname="backend.tests.test_matching_refactor.TestAdminHierarchy" name="test_hierarchy_requires_admin" time="0.037" /><testcase classname="backend.tests.test_matching_refactor.TestAdminHierarchy" name="test_get_hierarchy_as_admin" time="8.365" /><testcase classname="backend.tests.test_matching_refactor.TestAdminAnalytics" name="test_analytics_requires_admin" time="0.098" /><testcase classname="backend.tests.test_matching_refactor.TestAdminAnalytics" name="test_get_analytics_as_admin" time="4.204" /></testsuite></testsuites>