<?xml version="1.0" encoding="utf-8"?><testsuites name="pytest tests"><testsuite name="pytest" errors="0" failures="0" skipped="0" tests="15" time="31.089" timestamp="2026-04-10T06:34:58.046944+00:00" hostname="agent-env-77d4d6a6-4e3c-4ee6-95db-bdf17245a7bc"><testcase classname="tests.test_audit_fixes_iteration170.TestFix1And2ExperienceYearsCap" name="test_regex_parser_experience_cap_at_50" time="0.750" /><testcase classname="tests.test_audit_fixes_iteration170.TestFix1And2ExperienceYearsCap" name="test_regex_parser_valid_experience_preserved" time="0.001" /><testcase classname="tests.test_audit_fixes_iteration170.TestFix1And2ExperienceYearsCap" name="test_capture_endpoint_experience_sanitize" time="10.158" /><testcase classname="tests.test_audit_fixes_iteration170.TestFix3And4CTCSanityCap" name="test_regex_parser_ctc_cap_at_20cr" time="0.001" /><testcase classname="tests.test_audit_fixes_iteration170.TestFix3And4CTCSanityCap" name="test_regex_parser_valid_ctc_preserved" time="0.001" /><testcase classname="tests.test_audit_fixes_iteration170.TestFix3And4CTCSanityCap" name="test_ctc_cap_constant_value" time="0.011" /><testcase classname="tests.test_audit_fixes_iteration170.TestFix5And6SkillsGarbageFilter" name="test_clean_skills_rejects_garbage" time="0.197" /><testcase classname="tests.test_audit_fixes_iteration170.TestFix5And6SkillsGarbageFilter" name="test_clean_skills_preserves_valid_tech_skills" time="0.000" /><testcase classname="tests.test_audit_fixes_iteration170.TestFix5And6SkillsGarbageFilter" name="test_clean_skills_tech_word_list_coverage" time="0.002" /><testcase classname="tests.test_audit_fixes_iteration170.TestFix7AutoMergeApplicationDedup" name="test_auto_merge_application_dedup_check_exists" time="0.001" /><testcase classname="tests.test_audit_fixes_iteration170.TestFix7AutoMergeApplicationDedup" name="test_auto_merge_creates_application_only_once" time="14.957" /><testcase classname="tests.test_audit_fixes_iteration170.TestFix8RawTextForEnrichmentStored" name="test_raw_text_stored_on_capture" time="3.383" /><testcase classname="tests.test_audit_fixes_iteration170.TestFix9ReEnrichExperienceCap" name="test_re_enrich_experience_cap_code_exists" time="0.002" /><testcase classname="tests.test_audit_fixes_iteration170.TestFix9ReEnrichExperienceCap" name="test_re_enrich_ctc_cap_code_exists" time="0.002" /><testcase classname="tests.test_audit_fixes_iteration170.TestHealthCheck" name="test_health_endpoint" time="1.553" /></testsuite></testsuites>