<?xml version="1.0" encoding="utf-8"?><testsuites name="pytest tests"><testsuite name="pytest" errors="0" failures="0" skipped="0" tests="7" time="79.309" timestamp="2026-03-28T04:57:03.829326+00:00" hostname="agent-env-f863dfc6-93e6-4511-9222-102adee2c0b6"><testcase classname="backend.tests.test_async_background_enrichment.TestAsyncBackgroundEnrichment" name="test_capture_returns_quickly_not_blocked_by_ai" time="4.557" /><testcase classname="backend.tests.test_async_background_enrichment.TestAsyncBackgroundEnrichment" name="test_background_enrichment_updates_record" time="15.202" /><testcase classname="backend.tests.test_async_background_enrichment.TestAsyncBackgroundEnrichment" name="test_capture_without_raw_text_no_background_task" time="3.752" /><testcase classname="backend.tests.test_async_background_enrichment.TestAsyncBackgroundEnrichment" name="test_update_existing_candidate_triggers_background_enrichment" time="18.011" /><testcase classname="backend.tests.test_async_background_enrichment.TestAsyncBackgroundEnrichment" name="test_recruiter_filtering_in_background_enrichment" time="16.909" /><testcase classname="backend.tests.test_async_background_enrichment.TestAsyncBackgroundEnrichment" name="test_get_profile_returns_enriched_record" time="15.302" /><testcase classname="backend.tests.test_async_background_enrichment.TestAsyncBackgroundEnrichment" name="test_get_profile_not_found" time="5.488" /></testsuite></testsuites>