<?xml version="1.0" encoding="utf-8"?><testsuites name="pytest tests"><testsuite name="pytest" errors="0" failures="1" skipped="0" tests="15" time="44.122" timestamp="2026-02-10T04:54:05.304700+00:00" hostname="agent-env-2e285f90-c29e-4208-8aff-9d3023a4a7ed"><testcase classname="backend.tests.test_naukri_extension.TestNaukriExtensionAPI" name="test_capture_new_profile_creates_candidate" time="6.647" /><testcase classname="backend.tests.test_naukri_extension.TestNaukriExtensionAPI" name="test_capture_duplicate_naukri_id_updates" time="3.538" /><testcase classname="backend.tests.test_naukri_extension.TestNaukriExtensionAPI" name="test_capture_duplicate_email_updates" time="3.438" /><testcase classname="backend.tests.test_naukri_extension.TestNaukriExtensionAPI" name="test_get_extension_stats" time="2.527" /><testcase classname="backend.tests.test_naukri_extension.TestNaukriExtensionAPI" name="test_get_profile_by_id_returns_full_data" time="1.805" /><testcase classname="backend.tests.test_naukri_extension.TestNaukriExtensionAPI" name="test_get_profile_not_found_returns_404" time="1.811" /><testcase classname="backend.tests.test_naukri_extension.TestNaukriExtensionAPI" name="test_candidate_bank_shows_naukri_source" time="4.553"><failure message="AssertionError: Candidate bank failed: {&quot;detail&quot;:&quot;Internal server error&quot;}&#10;assert 520 == 200&#10; +  where 520 = &lt;Response [520]&gt;.status_code">backend/tests/test_naukri_extension.py:283: in test_candidate_bank_shows_naukri_source
    assert response.status_code == 200, f"Candidate bank failed: {response.text}"
E   AssertionError: Candidate bank failed: {"detail":"Internal server error"}
E   assert 520 == 200
E    +  where 520 = &lt;Response [520]&gt;.status_code</failure></testcase><testcase classname="backend.tests.test_naukri_extension.TestNaukriExtensionAPI" name="test_capture_profile_with_all_arrays" time="2.969" /><testcase classname="backend.tests.test_naukri_extension.TestNaukriExtensionAdditional" name="test_ai_extract_with_valid_text" time="10.385" /><testcase classname="backend.tests.test_naukri_extension.TestNaukriExtensionAdditional" name="test_ai_extract_with_insufficient_text" time="2.113" /><testcase classname="backend.tests.test_naukri_extension.TestNaukriExtensionAdditional" name="test_extension_download_endpoint" time="1.351" /><testcase classname="backend.tests.test_naukri_extension.TestNaukriExtensionAdditional" name="test_capture_profile_with_null_email_phone" time="2.751" /><testcase classname="backend.tests.test_naukri_extension.TestNaukriExtensionAuth" name="test_capture_requires_auth" time="0.055" /><testcase classname="backend.tests.test_naukri_extension.TestNaukriExtensionAuth" name="test_stats_requires_auth" time="0.036" /><testcase classname="backend.tests.test_naukri_extension.TestNaukriExtensionAuth" name="test_profile_requires_auth" time="0.035" /></testsuite></testsuites>