<?xml version="1.0" encoding="utf-8"?><testsuites name="pytest tests"><testsuite name="pytest" errors="0" failures="0" skipped="0" tests="7" time="26.504" timestamp="2026-04-01T12:00:45.823998+00:00" hostname="agent-env-77d4d6a6-4e3c-4ee6-95db-bdf17245a7bc"><testcase classname="tests.test_delete_features.TestCompaniesDeleteFilter" name="test_companies_api_excludes_deleted" time="13.966" /><testcase classname="tests.test_delete_features.TestUsersDeleteFilter" name="test_users_api_excludes_deleted" time="2.699" /><testcase classname="tests.test_delete_features.TestCandidateDeleteAccess" name="test_delete_candidate_forbidden_for_recruiter" time="1.862" /><testcase classname="tests.test_delete_features.TestCandidateDeleteAccess" name="test_delete_candidate_allowed_for_admin" time="2.128" /><testcase classname="tests.test_delete_features.TestCandidateDeleteAccess" name="test_delete_candidate_real_flow" time="2.674" /><testcase classname="tests.test_delete_features.TestAuthEndpoints" name="test_admin_login" time="1.542" /><testcase classname="tests.test_delete_features.TestAuthEndpoints" name="test_recruiter_login" time="1.571" /></testsuite></testsuites>