<?xml version="1.0" encoding="utf-8"?><testsuites name="pytest tests"><testsuite name="pytest" errors="2" failures="0" skipped="0" tests="16" time="58.436" timestamp="2026-03-25T06:53:53.498893+00:00" hostname="agent-env-f863dfc6-93e6-4511-9222-102adee2c0b6"><testcase classname="backend.tests.test_api_metrics_dashboard.TestAPIMetricsEndpoints" name="test_overview_1h_range" time="1.480"><error message="failed on setup with &quot;AssertionError: Admin login failed: {&quot;detail&quot;:&quot;Internal server error&quot;}&#10;assert 500 == 200&#10; +  where 500 = &lt;Response [500]&gt;.status_code&quot;">backend/tests/test_api_metrics_dashboard.py:34: in setup
    assert response.status_code == 200, f"Admin login failed: {response.text}"
E   AssertionError: Admin login failed: {"detail":"Internal server error"}
E   assert 500 == 200
E    +  where 500 = &lt;Response [500]&gt;.status_code</error></testcase><testcase classname="backend.tests.test_api_metrics_dashboard.TestAPIMetricsEndpoints" name="test_overview_24h_range" time="5.640" /><testcase classname="backend.tests.test_api_metrics_dashboard.TestAPIMetricsEndpoints" name="test_overview_6h_range" time="3.849" /><testcase classname="backend.tests.test_api_metrics_dashboard.TestAPIMetricsEndpoints" name="test_overview_7d_range" time="3.835" /><testcase classname="backend.tests.test_api_metrics_dashboard.TestAPIMetricsEndpoints" name="test_timeseries_returns_array" time="3.832" /><testcase classname="backend.tests.test_api_metrics_dashboard.TestAPIMetricsEndpoints" name="test_timeseries_24h_range" time="3.805" /><testcase classname="backend.tests.test_api_metrics_dashboard.TestAPIMetricsEndpoints" name="test_top_endpoints_sort_by_errors" time="4.206" /><testcase classname="backend.tests.test_api_metrics_dashboard.TestAPIMetricsEndpoints" name="test_top_endpoints_sort_by_slow" time="4.214" /><testcase classname="backend.tests.test_api_metrics_dashboard.TestAPIMetricsEndpoints" name="test_db_health_returns_status" time="4.255" /><testcase classname="backend.tests.test_api_metrics_dashboard.TestAPIMetricsEndpoints" name="test_overview_requires_admin" time="3.574" /><testcase classname="backend.tests.test_api_metrics_dashboard.TestAPIMetricsEndpoints" name="test_timeseries_requires_admin" time="3.582" /><testcase classname="backend.tests.test_api_metrics_dashboard.TestAPIMetricsEndpoints" name="test_top_endpoints_requires_admin" time="3.575" /><testcase classname="backend.tests.test_api_metrics_dashboard.TestAPIMetricsEndpoints" name="test_db_health_requires_admin" time="3.564" /><testcase classname="backend.tests.test_api_metrics_dashboard.TestAPIMetricsEndpoints" name="test_unauthenticated_gets_403" time="3.356" /><testcase classname="backend.tests.test_api_metrics_dashboard.TestAPIMetricsEndpoints" name="test_overview_error_rate_is_percentage" time="3.813" /><testcase classname="backend.tests.test_api_metrics_dashboard.TestAPIMetricsEndpoints" name="test_top_endpoints_method_badges" time="1.733"><error message="failed on setup with &quot;AssertionError: Employer login failed: {&quot;detail&quot;:&quot;Too many requests. Please slow down.&quot;}&#10;assert 429 == 200&#10; +  where 429 = &lt;Response [429]&gt;.status_code&quot;">backend/tests/test_api_metrics_dashboard.py:43: in setup
    assert response.status_code == 200, f"Employer login failed: {response.text}"
E   AssertionError: Employer login failed: {"detail":"Too many requests. Please slow down."}
E   assert 429 == 200
E    +  where 429 = &lt;Response [429]&gt;.status_code</error></testcase></testsuite></testsuites>