<?xml version="1.0" encoding="utf-8"?><testsuites name="pytest tests"><testsuite name="pytest" errors="0" failures="0" skipped="0" tests="27" time="1.058" timestamp="2026-04-10T07:14:50.220176+00:00" hostname="agent-env-77d4d6a6-4e3c-4ee6-95db-bdf17245a7bc"><testcase classname="tests.test_extraction_architecture_iteration171.TestTemperatureZeroSetting" name="test_temperature_zero_in_call_claude_code" time="0.001" /><testcase classname="tests.test_extraction_architecture_iteration171.TestPreprocessNaukriText" name="test_preprocess_function_exists" time="1.004" /><testcase classname="tests.test_extraction_architecture_iteration171.TestPreprocessNaukriText" name="test_preprocess_adds_profile_header_label" time="0.000" /><testcase classname="tests.test_extraction_architecture_iteration171.TestPreprocessNaukriText" name="test_preprocess_adds_cv_resume_label" time="0.000" /><testcase classname="tests.test_extraction_architecture_iteration171.TestPreprocessNaukriText" name="test_preprocess_adds_profile_cv_body_label_when_no_cv_marker" time="0.000" /><testcase classname="tests.test_extraction_architecture_iteration171.TestPreprocessNaukriText" name="test_preprocess_detects_multiple_cv_markers" time="0.000" /><testcase classname="tests.test_extraction_architecture_iteration171.TestRegexFirstArchitecture" name="test_regex_backfill_called_before_claude_in_code" time="0.000" /><testcase classname="tests.test_extraction_architecture_iteration171.TestRegexFirstArchitecture" name="test_regex_backfill_function_exists" time="0.000" /><testcase classname="tests.test_extraction_architecture_iteration171.TestRegexFirstArchitecture" name="test_regex_backfill_extracts_ctc" time="0.001" /><testcase classname="tests.test_extraction_architecture_iteration171.TestRegexFirstArchitecture" name="test_regex_backfill_extracts_experience" time="0.001" /><testcase classname="tests.test_extraction_architecture_iteration171.TestValidateExtraction" name="test_validate_extraction_function_exists" time="0.000" /><testcase classname="tests.test_extraction_architecture_iteration171.TestValidateExtraction" name="test_ctc_cap_at_200_million" time="0.000" /><testcase classname="tests.test_extraction_architecture_iteration171.TestValidateExtraction" name="test_experience_cap_at_50_years" time="0.000" /><testcase classname="tests.test_extraction_architecture_iteration171.TestValidateExtraction" name="test_notice_period_days_cap_at_365" time="0.000" /><testcase classname="tests.test_extraction_architecture_iteration171.TestValidateExtraction" name="test_string_ctc_conversion_60_lacs" time="0.000" /><testcase classname="tests.test_extraction_architecture_iteration171.TestValidateExtraction" name="test_string_ctc_conversion_1_3_cr" time="0.000" /><testcase classname="tests.test_extraction_architecture_iteration171.TestValidateExtraction" name="test_string_ctc_conversion_35_lpa" time="0.000" /><testcase classname="tests.test_extraction_architecture_iteration171.TestValidateExtraction" name="test_string_experience_conversion" time="0.000" /><testcase classname="tests.test_extraction_architecture_iteration171.TestValidateExtraction" name="test_string_fields_must_be_strings" time="0.000" /><testcase classname="tests.test_extraction_architecture_iteration171.TestValidateExtraction" name="test_list_fields_must_be_lists" time="0.000" /><testcase classname="tests.test_extraction_architecture_iteration171.TestValidateExtraction" name="test_boolean_fields_must_be_booleans" time="0.000" /><testcase classname="tests.test_extraction_architecture_iteration171.TestClaudePromptWithPreFill" name="test_already_extracted_section_in_code" time="0.000" /><testcase classname="tests.test_extraction_architecture_iteration171.TestMergeLogic" name="test_merge_logic_in_code" time="0.000" /><testcase classname="tests.test_extraction_architecture_iteration171.TestJSONParseErrorFallback" name="test_json_parse_error_returns_regex_result" time="0.000" /><testcase classname="tests.test_extraction_architecture_iteration171.TestJSONParseErrorFallback" name="test_general_exception_returns_regex_result" time="0.000" /><testcase classname="tests.test_extraction_architecture_iteration171.TestCodeStructureVerification" name="test_validate_extraction_caps_constants" time="0.000" /><testcase classname="tests.test_extraction_architecture_iteration171.TestCodeStructureVerification" name="test_preprocess_cv_markers_list" time="0.000" /></testsuite></testsuites>