<?xml version="1.0" encoding="utf-8"?><testsuites name="pytest tests"><testsuite name="pytest" errors="0" failures="1" skipped="0" tests="10" time="10.157" timestamp="2026-03-01T14:22:07.305135+00:00" hostname="agent-env-3f3167ba-1c1b-4e02-90af-439524dc3fbf"><testcase classname="backend.tests.test_fpdf2_pdf_generation.TestFpdf2PdfGeneration" name="test_resume_capabilities_returns_pdf_compilation_true" time="2.119" /><testcase classname="backend.tests.test_fpdf2_pdf_generation.TestFpdf2PdfGeneration" name="test_generate_pdf_endpoint_returns_valid_pdf" time="0.452" /><testcase classname="backend.tests.test_fpdf2_pdf_generation.TestFpdf2PdfGeneration" name="test_generate_pdf_with_null_fields" time="0.348" /><testcase classname="backend.tests.test_fpdf2_pdf_generation.TestFpdf2PdfGeneration" name="test_generate_pdf_empty_profile" time="0.355" /><testcase classname="backend.tests.test_fpdf2_pdf_generation.TestFpdf2PdfGeneration" name="test_ats_cv_endpoint_returns_pdf_not_tex" time="1.896" /><testcase classname="backend.tests.test_fpdf2_pdf_generation.TestFpdf2PdfGeneration" name="test_multiple_candidates_ats_cv_all_return_pdf" time="3.543"><failure message="AssertionError: Candidate ed10b8ba-ab8b-40ee-b580-dfc47004663c: Expected application/pdf, got application/x-tex&#10;assert 'application/pdf' in 'application/x-tex'">backend/tests/test_fpdf2_pdf_generation.py:185: in test_multiple_candidates_ats_cv_all_return_pdf
    assert "application/pdf" in content_type, f"Candidate {candidate_id}: Expected application/pdf, got {content_type}"
E   AssertionError: Candidate ed10b8ba-ab8b-40ee-b580-dfc47004663c: Expected application/pdf, got application/x-tex
E   assert 'application/pdf' in 'application/x-tex'</failure></testcase><testcase classname="backend.tests.test_fpdf2_pdf_generation.TestFpdf2PdfGeneration" name="test_generate_resume_latex_still_works" time="0.347" /><testcase classname="backend.tests.test_fpdf2_pdf_generation.TestFpdf2PdfGeneration" name="test_compile_pdf_fallback_message" time="0.360" /><testcase classname="backend.tests.test_fpdf2_pdf_generation.TestFpdf2PdfGeneration" name="test_auth_required_for_generate_pdf" time="0.111" /><testcase classname="backend.tests.test_fpdf2_pdf_generation.TestFpdf2PdfGeneration" name="test_auth_required_for_ats_cv" time="0.550" /></testsuite></testsuites>