<?xml version="1.0" encoding="utf-8"?><testsuites name="pytest tests"><testsuite name="pytest" errors="0" failures="2" skipped="0" tests="22" time="6.739" timestamp="2026-01-30T18:19:13.269402+00:00" hostname="agent-env-6c70b300-fd97-495c-a7bd-f9a9ef5cc110"><testcase classname="backend.tests.test_company_commercial_relationship.TestCompanyCommercialRelationship" name="test_admin_login" time="0.297" /><testcase classname="backend.tests.test_company_commercial_relationship.TestCompanyCommercialRelationship" name="test_employer_login" time="0.259" /><testcase classname="backend.tests.test_company_commercial_relationship.TestCompanyCommercialRelationship" name="test_get_all_companies_admin" time="0.309" /><testcase classname="backend.tests.test_company_commercial_relationship.TestCompanyCommercialRelationship" name="test_get_commercials_admin" time="0.337" /><testcase classname="backend.tests.test_company_commercial_relationship.TestCompanyCommercialRelationship" name="test_companies_have_commercial_data" time="0.351" /><testcase classname="backend.tests.test_company_commercial_relationship.TestCompanyCommercialRelationship" name="test_employer_companies_endpoint_returns_empty_for_disabled_team" time="0.312" /><testcase classname="backend.tests.test_company_commercial_relationship.TestCompanyCommercialRelationship" name="test_employer_companies_endpoint_requires_auth" time="0.038" /><testcase classname="backend.tests.test_company_commercial_relationship.TestCompanyCommercialRelationship" name="test_employer_companies_endpoint_forbidden_for_admin" time="0.302" /><testcase classname="backend.tests.test_company_commercial_relationship.TestCompanyCommercialRelationship" name="test_create_company_admin" time="0.296" /><testcase classname="backend.tests.test_company_commercial_relationship.TestCompanyCommercialRelationship" name="test_update_company_admin" time="0.393" /><testcase classname="backend.tests.test_company_commercial_relationship.TestCompanyCommercialRelationship" name="test_assign_employer_to_company" time="0.413" /><testcase classname="backend.tests.test_company_commercial_relationship.TestCompanyCommercialRelationship" name="test_create_commercial_admin" time="0.328" /><testcase classname="backend.tests.test_company_commercial_relationship.TestCompanyCommercialRelationship" name="test_commercial_types" time="0.289" /><testcase classname="backend.tests.test_company_commercial_relationship.TestCompanyCommercialRelationship" name="test_get_teams_admin" time="0.295" /><testcase classname="backend.tests.test_company_commercial_relationship.TestCompanyCommercialRelationship" name="test_team_company_relationship" time="0.335" /><testcase classname="backend.tests.test_company_commercial_relationship.TestCompanyCommercialRelationship" name="test_get_jobs_admin" time="0.292" /><testcase classname="backend.tests.test_company_commercial_relationship.TestCompanyCommercialRelationship" name="test_jobs_have_company_id" time="0.320" /><testcase classname="backend.tests.test_company_commercial_relationship.TestCompanyCommercialRelationship" name="test_admin_stats_endpoint" time="0.287"><failure message="assert 404 == 200&#10; +  where 404 = &lt;Response [404]&gt;.status_code">backend/tests/test_company_commercial_relationship.py:398: in test_admin_stats_endpoint
    assert response.status_code == 200
E   assert 404 == 200
E    +  where 404 = &lt;Response [404]&gt;.status_code</failure></testcase><testcase classname="backend.tests.test_company_commercial_relationship.TestCompanyCommercialRelationship" name="test_employer_stats_endpoint" time="0.293"><failure message="assert 404 == 200&#10; +  where 404 = &lt;Response [404]&gt;.status_code">backend/tests/test_company_commercial_relationship.py:410: in test_employer_stats_endpoint
    assert response.status_code == 200
E   assert 404 == 200
E    +  where 404 = &lt;Response [404]&gt;.status_code</failure></testcase><testcase classname="backend.tests.test_company_commercial_relationship.TestCompanyCommercialRelationship" name="test_admin_hierarchy_endpoint" time="0.297" /><testcase classname="backend.tests.test_company_commercial_relationship.TestRevenueCalculation" name="test_revenue_calculation_endpoint_exists" time="0.289" /><testcase classname="backend.tests.test_company_commercial_relationship.TestRevenueCalculation" name="test_revenue_pipeline_endpoint" time="0.296" /></testsuite></testsuites>