<?xml version="1.0" encoding="utf-8"?><testsuites name="pytest tests"><testsuite name="pytest" errors="0" failures="0" skipped="0" tests="21" time="27.559" timestamp="2026-02-20T10:37:08.501826+00:00" hostname="agent-env-66c7030e-3da9-4578-8eb9-c09f540a389e"><testcase classname="backend.tests.test_tracker_system" name="test_get_master_columns_returns_columns" time="6.825" /><testcase classname="backend.tests.test_tracker_system" name="test_master_columns_count_58" time="0.292" /><testcase classname="backend.tests.test_tracker_system" name="test_master_columns_has_11_categories" time="0.292" /><testcase classname="backend.tests.test_tracker_system" name="test_master_columns_has_field_types" time="0.294" /><testcase classname="backend.tests.test_tracker_system" name="test_list_templates" time="0.529" /><testcase classname="backend.tests.test_tracker_system" name="test_create_template" time="0.534" /><testcase classname="backend.tests.test_tracker_system" name="test_get_existing_template" time="0.531" /><testcase classname="backend.tests.test_tracker_system" name="test_clone_template" time="0.779" /><testcase classname="backend.tests.test_tracker_system" name="test_delete_test_templates" time="1.073" /><testcase classname="backend.tests.test_tracker_system" name="test_list_trackers_with_row_count" time="0.774" /><testcase classname="backend.tests.test_tracker_system" name="test_create_tracker_linked_to_mandate" time="2.088" /><testcase classname="backend.tests.test_tracker_system" name="test_get_tracker_with_rows" time="0.772" /><testcase classname="backend.tests.test_tracker_system" name="test_delete_test_tracker" time="0.775" /><testcase classname="backend.tests.test_tracker_system" name="test_add_row_duplicate_returns_409" time="2.278" /><testcase classname="backend.tests.test_tracker_system" name="test_update_row_inline_edit" time="2.100" /><testcase classname="backend.tests.test_tracker_system" name="test_update_row_status_syncs_pipeline" time="4.102" /><testcase classname="backend.tests.test_tracker_system" name="test_validation_returns_status" time="0.791" /><testcase classname="backend.tests.test_tracker_system" name="test_validation_returns_missing_field_details" time="0.774" /><testcase classname="backend.tests.test_tracker_system" name="test_sync_tracker_to_pipeline_on_status_change" time="0.773" /><testcase classname="backend.tests.test_tracker_system" name="test_get_tracker_events" time="0.554" /><testcase classname="backend.tests.test_tracker_system" name="test_get_events_filtered_by_tracker" time="0.541" /></testsuite></testsuites>