<?xml version="1.0" encoding="utf-8"?><testsuites name="pytest tests"><testsuite name="pytest" errors="0" failures="0" skipped="0" tests="27" time="1.647" timestamp="2026-01-27T12:14:21.227171+00:00" hostname="agent-env-96ef3ba6-ce51-4382-9d66-31ba2afdae86"><testcase classname="backend.tests.test_candidate_bank_access_control.TestAdminFullAccess" name="test_admin_can_list_all_candidates" time="0.308" /><testcase classname="backend.tests.test_candidate_bank_access_control.TestAdminFullAccess" name="test_admin_can_access_john_doe_detail" time="0.008" /><testcase classname="backend.tests.test_candidate_bank_access_control.TestAdminFullAccess" name="test_admin_can_access_jane_smith_detail" time="0.009" /><testcase classname="backend.tests.test_candidate_bank_access_control.TestAdminFullAccess" name="test_admin_can_access_audit_log" time="0.048" /><testcase classname="backend.tests.test_candidate_bank_access_control.TestAdminFullAccess" name="test_admin_can_access_history" time="0.008" /><testcase classname="backend.tests.test_candidate_bank_access_control.TestAdminFullAccess" name="test_admin_can_access_resume_history" time="0.006" /><testcase classname="backend.tests.test_candidate_bank_access_control.TestEmployerAccess" name="test_employer_can_list_candidates" time="0.239" /><testcase classname="backend.tests.test_candidate_bank_access_control.TestEmployerAccess" name="test_employer_can_access_john_doe_detail" time="0.007" /><testcase classname="backend.tests.test_candidate_bank_access_control.TestEmployerAccess" name="test_employer_can_access_jane_smith_detail" time="0.048" /><testcase classname="backend.tests.test_candidate_bank_access_control.TestEmployerAccess" name="test_employer_can_access_audit_log" time="0.048" /><testcase classname="backend.tests.test_candidate_bank_access_control.TestEmployerAccess" name="test_employer_can_access_history" time="0.010" /><testcase classname="backend.tests.test_candidate_bank_access_control.TestEmployerAccess" name="test_employer_can_access_resume_history" time="0.008" /><testcase classname="backend.tests.test_candidate_bank_access_control.TestRecruiter1Access" name="test_recruiter1_can_list_candidates" time="0.237" /><testcase classname="backend.tests.test_candidate_bank_access_control.TestRecruiter1Access" name="test_recruiter1_can_access_jane_smith_detail" time="0.047" /><testcase classname="backend.tests.test_candidate_bank_access_control.TestRecruiter1Access" name="test_recruiter1_cannot_access_john_doe_detail" time="0.008" /><testcase classname="backend.tests.test_candidate_bank_access_control.TestRecruiter1Access" name="test_recruiter1_can_access_audit_log_for_jane" time="0.006" /><testcase classname="backend.tests.test_candidate_bank_access_control.TestRecruiter1Access" name="test_recruiter1_can_access_history_for_jane" time="0.008" /><testcase classname="backend.tests.test_candidate_bank_access_control.TestRecruiter1Access" name="test_recruiter1_can_access_resume_history_for_jane" time="0.008" /><testcase classname="backend.tests.test_candidate_bank_access_control.TestRecruiter2NoAccess" name="test_recruiter2_sees_zero_candidates" time="0.317" /><testcase classname="backend.tests.test_candidate_bank_access_control.TestRecruiter2NoAccess" name="test_recruiter2_gets_403_for_john_doe" time="0.007" /><testcase classname="backend.tests.test_candidate_bank_access_control.TestRecruiter2NoAccess" name="test_recruiter2_gets_403_for_jane_smith" time="0.006" /><testcase classname="backend.tests.test_candidate_bank_access_control.TestRecruiter2NoAccess" name="test_recruiter2_gets_403_for_audit_log" time="0.006" /><testcase classname="backend.tests.test_candidate_bank_access_control.TestRecruiter2NoAccess" name="test_recruiter2_gets_403_for_history" time="0.048" /><testcase classname="backend.tests.test_candidate_bank_access_control.TestRecruiter2NoAccess" name="test_recruiter2_gets_403_for_resume_history" time="0.008" /><testcase classname="backend.tests.test_candidate_bank_access_control.TestListDetailConsistency" name="test_employer_list_detail_consistency" time="0.061" /><testcase classname="backend.tests.test_candidate_bank_access_control.TestListDetailConsistency" name="test_recruiter1_list_detail_consistency" time="0.014" /><testcase classname="backend.tests.test_candidate_bank_access_control.TestSecondaryEndpointsVisibility" name="test_secondary_endpoints_require_visibility" time="0.060" /></testsuite></testsuites>