<?xml version="1.0" encoding="utf-8"?><testsuites name="pytest tests"><testsuite name="pytest" errors="0" failures="1" skipped="0" tests="13" time="38.398" timestamp="2026-02-21T13:05:03.371617+00:00" hostname="agent-env-b052ede6-78a3-413a-9504-2862402d473d"><testcase classname="backend.tests.test_security_hardening.TestFileUploadValidation" name="test_exe_file_rejected" time="13.207" /><testcase classname="backend.tests.test_security_hardening.TestFileUploadValidation" name="test_fake_pdf_magic_bytes_rejected" time="0.370" /><testcase classname="backend.tests.test_security_hardening.TestFileUploadValidation" name="test_large_file_rejected" time="0.832" /><testcase classname="backend.tests.test_security_hardening.TestFileUploadValidation" name="test_valid_pdf_accepted" time="2.052" /><testcase classname="backend.tests.test_security_hardening.TestSecurityEventsEndpoint" name="test_security_events_requires_admin" time="0.121" /><testcase classname="backend.tests.test_security_hardening.TestSecurityEventsEndpoint" name="test_security_events_returns_data" time="3.034" /><testcase classname="backend.tests.test_security_hardening.TestSecurityService" name="test_live_status_includes_security_service" time="2.267" /><testcase classname="backend.tests.test_security_hardening.TestRateLimiting" name="test_rate_limit_on_login" time="5.903" /><testcase classname="backend.tests.test_security_hardening.TestMaintenanceReportSecurity" name="test_maintenance_report_downloads" time="3.932" /><testcase classname="backend.tests.test_security_hardening.TestRegressionChecks" name="test_admin_login" time="0.195"><failure message="AssertionError: Admin login failed: 429 - {&quot;detail&quot;:&quot;Too many requests. Please slow down.&quot;}&#10;assert 429 == 200&#10; +  where 429 = &lt;Response [429]&gt;.status_code">backend/tests/test_security_hardening.py:247: in test_admin_login
    assert resp.status_code == 200, f"Admin login failed: {resp.status_code} - {resp.text}"
E   AssertionError: Admin login failed: 429 - {"detail":"Too many requests. Please slow down."}
E   assert 429 == 200
E    +  where 429 = &lt;Response [429]&gt;.status_code</failure></testcase><testcase classname="backend.tests.test_security_hardening.TestRegressionChecks" name="test_system_health_live_status" time="2.279" /><testcase classname="backend.tests.test_security_hardening.TestRegressionChecks" name="test_system_health_maintenance_status" time="1.082" /><testcase classname="backend.tests.test_security_hardening.TestSecurityEventLogging" name="test_invalid_file_creates_security_event" time="3.027" /></testsuite></testsuites>