<?xml version="1.0" encoding="utf-8"?><testsuites name="pytest tests"><testsuite name="pytest" errors="0" failures="2" skipped="1" tests="11" time="1.760" timestamp="2026-01-30T18:44:03.817442+00:00" hostname="agent-env-6c70b300-fd97-495c-a7bd-f9a9ef5cc110"><testcase classname="backend.tests.test_candidate_name_expected_ctc.TestCandidateNameAndExpectedCTC" name="test_recruiter_login" time="0.299" /><testcase classname="backend.tests.test_candidate_name_expected_ctc.TestCandidateNameAndExpectedCTC" name="test_get_candidate_bank" time="0.039" /><testcase classname="backend.tests.test_candidate_name_expected_ctc.TestCandidateNameAndExpectedCTC" name="test_get_active_jobs" time="0.036" /><testcase classname="backend.tests.test_candidate_name_expected_ctc.TestCandidateNameAndExpectedCTC" name="test_verify_existing_application_has_candidate_name" time="0.035" /><testcase classname="backend.tests.test_candidate_name_expected_ctc.TestCandidateNameAndExpectedCTC" name="test_link_candidate_to_job_with_expected_ctc" time="0.314" /><testcase classname="backend.tests.test_candidate_name_expected_ctc.TestCandidateNameAndExpectedCTC" name="test_link_candidate_without_expected_ctc" time="0.157"><skipped type="pytest.skip" message="No suitable job found for linking">/app/backend/tests/test_candidate_name_expected_ctc.py:242: No suitable job found for linking</skipped></testcase><testcase classname="backend.tests.test_candidate_name_expected_ctc.TestCandidateNameAndExpectedCTC" name="test_pipeline_shows_candidate_name" time="0.346" /><testcase classname="backend.tests.test_candidate_name_expected_ctc.TestCandidateNameAndExpectedCTC" name="test_application_response_model_has_expected_salary" time="0.079" /><testcase classname="backend.tests.test_candidate_name_expected_ctc.TestRegressionRecruiterDashboard" name="test_recruiter_dashboard_loads" time="0.288"><failure message="AssertionError: Dashboard failed: {&quot;detail&quot;:&quot;Not Found&quot;}&#10;assert 404 == 200&#10; +  where 404 = &lt;Response [404]&gt;.status_code">backend/tests/test_candidate_name_expected_ctc.py:350: in test_recruiter_dashboard_loads
    assert response.status_code == 200, f"Dashboard failed: {response.text}"
E   AssertionError: Dashboard failed: {"detail":"Not Found"}
E   assert 404 == 200
E    +  where 404 = &lt;Response [404]&gt;.status_code</failure></testcase><testcase classname="backend.tests.test_candidate_name_expected_ctc.TestRegressionRecruiterDashboard" name="test_recruiter_pipeline_loads" time="0.034"><failure message="AssertionError: Pipeline failed: {&quot;detail&quot;:&quot;Not Found&quot;}&#10;assert 404 == 200&#10; +  where 404 = &lt;Response [404]&gt;.status_code">backend/tests/test_candidate_name_expected_ctc.py:357: in test_recruiter_pipeline_loads
    assert response.status_code == 200, f"Pipeline failed: {response.text}"
E   AssertionError: Pipeline failed: {"detail":"Not Found"}
E   assert 404 == 200
E    +  where 404 = &lt;Response [404]&gt;.status_code</failure></testcase><testcase classname="backend.tests.test_candidate_name_expected_ctc.TestRegressionRecruiterDashboard" name="test_candidate_bank_accessible" time="0.039" /></testsuite></testsuites>