<?xml version="1.0" encoding="utf-8"?><testsuites name="pytest tests"><testsuite name="pytest" errors="0" failures="0" skipped="0" tests="17" time="54.441" timestamp="2026-02-20T12:13:41.561630+00:00" hostname="agent-env-73def16b-c96a-4e77-89ed-476f072801de"><testcase classname="backend.tests.test_unified_filter_export.TestAnalyticsEndpoints" name="test_admin_analytics_returns_filter_options" time="8.974" /><testcase classname="backend.tests.test_unified_filter_export.TestAnalyticsEndpoints" name="test_admin_analytics_with_date_filters" time="3.555" /><testcase classname="backend.tests.test_unified_filter_export.TestAnalyticsEndpoints" name="test_admin_analytics_with_entity_filters" time="6.146" /><testcase classname="backend.tests.test_unified_filter_export.TestAnalyticsEndpoints" name="test_pipeline_conversion_with_date_filters" time="2.509" /><testcase classname="backend.tests.test_unified_filter_export.TestAnalyticsEndpoints" name="test_pipeline_conversion_with_recruiter_filter" time="4.128" /><testcase classname="backend.tests.test_unified_filter_export.TestAnalyticsEndpoints" name="test_revenue_forecast_with_employer_filter" time="3.109" /><testcase classname="backend.tests.test_unified_filter_export.TestAnalyticsEndpoints" name="test_recruiter_performance_endpoint" time="2.023" /><testcase classname="backend.tests.test_unified_filter_export.TestAnalyticsEndpoints" name="test_mandate_performance_endpoint" time="2.383" /><testcase classname="backend.tests.test_unified_filter_export.TestCombinedPDFExport" name="test_export_combined_pdf_returns_pdf" time="3.481" /><testcase classname="backend.tests.test_unified_filter_export.TestCombinedPDFExport" name="test_export_combined_pdf_with_date_filters" time="2.533" /><testcase classname="backend.tests.test_unified_filter_export.TestCombinedPDFExport" name="test_export_combined_pdf_with_all_filters" time="3.340" /><testcase classname="backend.tests.test_unified_filter_export.TestCombinedPDFExport" name="test_export_combined_pdf_requires_auth" time="1.568" /><testcase classname="backend.tests.test_unified_filter_export.TestCombinedPDFExport" name="test_export_combined_pdf_size" time="2.531" /><testcase classname="backend.tests.test_unified_filter_export.TestDatePresets" name="test_7d_preset_date_range" time="2.029" /><testcase classname="backend.tests.test_unified_filter_export.TestDatePresets" name="test_30d_preset_date_range" time="2.002" /><testcase classname="backend.tests.test_unified_filter_export.TestDatePresets" name="test_90d_preset_date_range" time="2.012" /><testcase classname="backend.tests.test_unified_filter_export.TestDatePresets" name="test_ytd_preset_date_range" time="2.029" /></testsuite></testsuites>