<?xml version="1.0" encoding="utf-8"?><testsuites name="pytest tests"><testsuite name="pytest" errors="0" failures="0" skipped="0" tests="28" time="29.342" timestamp="2026-01-19T10:12:09.593231+00:00" hostname="agent-env-657f3217-3104-42d2-b4c1-466ffcd384be"><testcase classname="tests.test_phase2_part_a.TestBatchCVUpload" name="test_batch_parse_rejects_more_than_10_files" time="0.380" /><testcase classname="tests.test_phase2_part_a.TestBatchCVUpload" name="test_batch_parse_rejects_empty_upload" time="0.048" /><testcase classname="tests.test_phase2_part_a.TestBatchCVUpload" name="test_batch_parse_accepts_valid_files" time="7.176" /><testcase classname="tests.test_phase2_part_a.TestBatchCVUpload" name="test_batch_parse_returns_duplicate_check_info" time="5.760" /><testcase classname="tests.test_phase2_part_a.TestBatchCVUpload" name="test_batch_parse_rejects_invalid_file_types" time="0.063" /><testcase classname="tests.test_phase2_part_a.TestBatchSave" name="test_batch_save_validates_mandatory_salary" time="0.042" /><testcase classname="tests.test_phase2_part_a.TestBatchSave" name="test_batch_save_validates_mandatory_notice_period" time="0.040" /><testcase classname="tests.test_phase2_part_a.TestBatchSave" name="test_batch_save_atomic_failure" time="0.039" /><testcase classname="tests.test_phase2_part_a.TestBatchSave" name="test_batch_save_rejects_more_than_10" time="0.043" /><testcase classname="tests.test_phase2_part_a.TestLinkCandidateToJob" name="test_link_candidate_requires_salary" time="0.045" /><testcase classname="tests.test_phase2_part_a.TestLinkCandidateToJob" name="test_link_candidate_prevents_duplicate_application" time="0.039" /><testcase classname="tests.test_phase2_part_a.TestLinkCandidateToJob" name="test_link_candidate_validates_job_exists" time="0.038" /><testcase classname="tests.test_phase2_part_a.TestLinkCandidateToJob" name="test_link_candidate_success_with_valid_data" time="0.080" /><testcase classname="tests.test_phase2_part_a.TestUpdateSalaryNotice" name="test_update_salary_notice_success" time="0.039" /><testcase classname="tests.test_phase2_part_a.TestUpdateSalaryNotice" name="test_update_salary_rejects_negative" time="0.036" /><testcase classname="tests.test_phase2_part_a.TestUpdateSalaryNotice" name="test_update_notice_rejects_empty" time="0.035" /><testcase classname="tests.test_phase2_part_a.TestDuplicateDetection" name="test_duplicate_detection_by_email" time="6.761" /><testcase classname="tests.test_phase2_part_a.TestDuplicateDetection" name="test_duplicate_info_excludes_who_added" time="1.114" /><testcase classname="tests.test_phase2_part_a.TestRoleBasedAccess" name="test_admin_can_access_batch_upload" time="1.099" /><testcase classname="tests.test_phase2_part_a.TestRoleBasedAccess" name="test_employer_can_access_batch_upload" time="4.380" /><testcase classname="tests.test_phase2_part_a.TestRoleBasedAccess" name="test_recruiter_can_access_batch_upload" time="1.376" /><testcase classname="tests.test_phase2_part_a.TestRoleBasedAccess" name="test_candidate_cannot_access_batch_upload" time="0.300" /><testcase classname="tests.test_phase2_part_a.TestRoleBasedAccess" name="test_candidate_cannot_access_link_endpoint" time="0.079" /><testcase classname="tests.test_phase2_part_a.TestRoleBasedAccess" name="test_admin_can_access_all_candidates" time="0.040" /><testcase classname="tests.test_phase2_part_a.TestRoleBasedAccess" name="test_admin_can_access_all_jobs" time="0.046" /><testcase classname="tests.test_phase2_part_a.TestIntegration" name="test_existing_candidate_has_salary_and_notice" time="0.048" /><testcase classname="tests.test_phase2_part_a.TestIntegration" name="test_candidate_bank_endpoint_works" time="0.053" /><testcase classname="tests.test_phase2_part_a.TestIntegration" name="test_jobs_endpoint_works" time="0.040" /></testsuite></testsuites>