<?xml version="1.0" encoding="utf-8"?><testsuites name="pytest tests"><testsuite name="pytest" errors="0" failures="0" skipped="0" tests="22" time="2.629" timestamp="2026-01-30T07:08:32.774147+00:00" hostname="agent-env-6c70b300-fd97-495c-a7bd-f9a9ef5cc110"><testcase classname="tests.test_pipeline_drilldown_fixes.TestAuth" name="test_admin_login" time="0.284" /><testcase classname="tests.test_pipeline_drilldown_fixes.TestAuth" name="test_employer_login" time="0.258" /><testcase classname="tests.test_pipeline_drilldown_fixes.TestAuth" name="test_recruiter_login" time="0.255" /><testcase classname="tests.test_pipeline_drilldown_fixes.TestIssue1AdminPipelineDrilldown" name="test_admin_pipeline_no_filter" time="0.299" /><testcase classname="tests.test_pipeline_drilldown_fixes.TestIssue1AdminPipelineDrilldown" name="test_admin_pipeline_filter_by_employer_id" time="0.080" /><testcase classname="tests.test_pipeline_drilldown_fixes.TestIssue1AdminPipelineDrilldown" name="test_admin_pipeline_filter_by_team_id" time="0.075" /><testcase classname="tests.test_pipeline_drilldown_fixes.TestIssue1AdminPipelineDrilldown" name="test_admin_pipeline_filter_by_recruiter_id" time="0.075" /><testcase classname="tests.test_pipeline_drilldown_fixes.TestIssue2AdminModules" name="test_get_all_companies_admin" time="0.039" /><testcase classname="tests.test_pipeline_drilldown_fixes.TestIssue2AdminModules" name="test_create_company_admin" time="0.037" /><testcase classname="tests.test_pipeline_drilldown_fixes.TestIssue2AdminModules" name="test_create_company_with_hr_contacts" time="0.034" /><testcase classname="tests.test_pipeline_drilldown_fixes.TestIssue2AdminModules" name="test_get_commercials_admin" time="0.037" /><testcase classname="tests.test_pipeline_drilldown_fixes.TestIssue2AdminModules" name="test_get_teams_admin" time="0.038" /><testcase classname="tests.test_pipeline_drilldown_fixes.TestIssue3EmployerPipelineView" name="test_employer_my_team_endpoint" time="0.291" /><testcase classname="tests.test_pipeline_drilldown_fixes.TestIssue3EmployerPipelineView" name="test_employer_companies_endpoint" time="0.034" /><testcase classname="tests.test_pipeline_drilldown_fixes.TestIssue4RecruiterJobPostingApproval" name="test_recruiter_creates_job_pending_approval" time="0.295" /><testcase classname="tests.test_pipeline_drilldown_fixes.TestIssue4RecruiterJobPostingApproval" name="test_admin_approves_recruiter_job" time="0.112" /><testcase classname="tests.test_pipeline_drilldown_fixes.TestIssue5CompanyHRContacts" name="test_company_response_includes_hr_contacts_field" time="0.060" /><testcase classname="tests.test_pipeline_drilldown_fixes.TestIssue5CompanyHRContacts" name="test_get_single_company_with_hr_contacts" time="0.075" /><testcase classname="tests.test_pipeline_drilldown_fixes.TestRegressionDashboardStats" name="test_admin_dashboard_stats" time="0.035" /><testcase classname="tests.test_pipeline_drilldown_fixes.TestRegressionDashboardStats" name="test_employer_dashboard_stats" time="0.034" /><testcase classname="tests.test_pipeline_drilldown_fixes.TestRegressionDashboardStats" name="test_recruiter_dashboard_stats" time="0.037" /><testcase classname="tests.test_pipeline_drilldown_fixes.TestCleanup" name="test_cleanup_test_companies" time="0.035" /></testsuite></testsuites>