<?xml version="1.0" encoding="utf-8"?><testsuites name="pytest tests"><testsuite name="pytest" errors="0" failures="2" skipped="0" tests="17" time="17.461" timestamp="2026-02-28T17:40:14.463820+00:00" hostname="agent-env-3f3167ba-1c1b-4e02-90af-439524dc3fbf"><testcase classname="tests.test_pdf_preview_feature.TestPDFPreviewFeature" name="test_get_templates" time="3.482" /><testcase classname="tests.test_pdf_preview_feature.TestPDFPreviewFeature" name="test_generate_resume_basic" time="0.296" /><testcase classname="tests.test_pdf_preview_feature.TestPDFPreviewFeature" name="test_generate_resume_with_null_fields" time="0.420" /><testcase classname="tests.test_pdf_preview_feature.TestPDFPreviewFeature" name="test_generate_resume_all_templates" time="0.899" /><testcase classname="tests.test_pdf_preview_feature.TestPDFPreviewFeature" name="test_compile_pdf_success" time="0.783" /><testcase classname="tests.test_pdf_preview_feature.TestPDFPreviewFeature" name="test_compile_pdf_with_special_characters" time="1.021"><failure message="assert 422 == 200&#10; +  where 422 = &lt;Response [422]&gt;.status_code">tests/test_pdf_preview_feature.py:191: in test_compile_pdf_with_special_characters
    assert resp.status_code == 200
E   assert 422 == 200
E    +  where 422 = &lt;Response [422]&gt;.status_code</failure></testcase><testcase classname="tests.test_pdf_preview_feature.TestPDFPreviewFeature" name="test_compile_pdf_empty_latex_error" time="0.303" /><testcase classname="tests.test_pdf_preview_feature.TestPDFPreviewFeature" name="test_compile_pdf_short_latex_error" time="0.314" /><testcase classname="tests.test_pdf_preview_feature.TestPDFPreviewFeature" name="test_compile_pdf_invalid_latex_error" time="0.379" /><testcase classname="tests.test_pdf_preview_feature.TestPDFPreviewFeature" name="test_compile_pdf_modern_template" time="1.020"><failure message="assert 422 == 200&#10; +  where 422 = &lt;Response [422]&gt;.status_code">tests/test_pdf_preview_feature.py:248: in test_compile_pdf_modern_template
    assert resp.status_code == 200
E   assert 422 == 200
E    +  where 422 = &lt;Response [422]&gt;.status_code</failure></testcase><testcase classname="tests.test_pdf_preview_feature.TestPDFPreviewFeature" name="test_compile_pdf_google_style_template" time="0.816" /><testcase classname="tests.test_pdf_preview_feature.TestPDFPreviewFeature" name="test_get_candidate_profile_for_resume" time="1.557" /><testcase classname="tests.test_pdf_preview_feature.TestPDFPreviewFeature" name="test_get_candidate_profile_not_found" time="0.781" /><testcase classname="tests.test_pdf_preview_feature.TestPDFPreviewFeature" name="test_e2e_candidate_to_pdf" time="4.905" /><testcase classname="tests.test_pdf_preview_feature.TestPDFPreviewAccessControl" name="test_compile_pdf_requires_auth" time="0.135" /><testcase classname="tests.test_pdf_preview_feature.TestPDFPreviewAccessControl" name="test_generate_requires_auth" time="0.136" /><testcase classname="tests.test_pdf_preview_feature.TestPDFPreviewAccessControl" name="test_templates_requires_auth" time="0.121" /></testsuite></testsuites>