<?xml version="1.0" encoding="utf-8"?><testsuites name="pytest tests"><testsuite name="pytest" errors="0" failures="0" skipped="3" tests="16" time="54.200" timestamp="2026-02-20T10:18:51.986589+00:00" hostname="agent-env-66c7030e-3da9-4578-8eb9-c09f540a389e"><testcase classname="backend.tests.test_pipeline_restructure.TestPipelineStages" name="test_admin_pipeline_returns_all_new_stages" time="6.861" /><testcase classname="backend.tests.test_pipeline_restructure.TestPipelineStages" name="test_pipeline_stage_counts_include_submitted_to_client" time="3.562" /><testcase classname="backend.tests.test_pipeline_restructure.TestPipelineStages" name="test_admin_stats_include_new_stages" time="3.242" /><testcase classname="backend.tests.test_pipeline_restructure.TestPipelineStages" name="test_recruiter_stats_include_new_stages" time="1.273"><skipped type="pytest.skip" message="Recruiter authentication failed">/app/backend/tests/test_pipeline_restructure.py:110: Recruiter authentication failed</skipped></testcase><testcase classname="backend.tests.test_pipeline_restructure.TestPipelineStages" name="test_employer_stats_include_new_stages" time="1.234"><skipped type="pytest.skip" message="Employer authentication failed">/app/backend/tests/test_pipeline_restructure.py:129: Employer authentication failed</skipped></testcase><testcase classname="backend.tests.test_pipeline_restructure.TestStageTransitionValidation" name="test_applied_to_shortlisted_allowed" time="5.649" /><testcase classname="backend.tests.test_pipeline_restructure.TestStageTransitionValidation" name="test_shortlisted_to_submitted_allowed" time="5.639" /><testcase classname="backend.tests.test_pipeline_restructure.TestStageTransitionValidation" name="test_cannot_jump_to_hired_without_offered" time="3.096" /><testcase classname="backend.tests.test_pipeline_restructure.TestStageTransitionValidation" name="test_cannot_jump_to_joined_without_hired" time="3.104" /><testcase classname="backend.tests.test_pipeline_restructure.TestStageTransitionValidation" name="test_rejected_allowed_from_any_stage" time="4.677" /><testcase classname="backend.tests.test_pipeline_restructure.TestStageTransitionValidation" name="test_on_hold_allowed_from_any_stage" time="5.623" /><testcase classname="backend.tests.test_pipeline_restructure.TestRevenueHiredEndpoint" name="test_hired_endpoint_exists" time="2.012" /><testcase classname="backend.tests.test_pipeline_restructure.TestRevenueHiredEndpoint" name="test_hired_endpoint_requires_date_of_joining" time="2.859" /><testcase classname="backend.tests.test_pipeline_restructure.TestRevenueHiredEndpoint" name="test_offered_endpoint_exists" time="2.028" /><testcase classname="backend.tests.test_pipeline_restructure.TestRevenueHiredEndpoint" name="test_joined_endpoint_exists" time="2.041" /><testcase classname="backend.tests.test_pipeline_restructure.TestEmployerPipeline" name="test_employer_pipeline_endpoint" time="1.213"><skipped type="pytest.skip" message="Employer authentication failed">/app/backend/tests/test_pipeline_restructure.py:481: Employer authentication failed</skipped></testcase></testsuite></testsuites>