<?xml version="1.0" encoding="utf-8"?><testsuites name="pytest tests"><testsuite name="pytest" errors="0" failures="0" skipped="0" tests="21" time="109.118" timestamp="2026-04-08T07:42:21.682175+00:00" hostname="agent-env-77d4d6a6-4e3c-4ee6-95db-bdf17245a7bc"><testcase classname="backend.tests.test_re_enrich_skills_cleanup_iteration156.TestAuthLogin" name="test_admin_login_success" time="3.405" /><testcase classname="backend.tests.test_re_enrich_skills_cleanup_iteration156.TestAuthLogin" name="test_recruiter_login_success" time="3.234" /><testcase classname="backend.tests.test_re_enrich_skills_cleanup_iteration156.TestReEnrichEndpoint" name="test_re_enrich_requires_auth" time="1.109" /><testcase classname="backend.tests.test_re_enrich_skills_cleanup_iteration156.TestReEnrichEndpoint" name="test_re_enrich_invalid_candidate_returns_404" time="4.843" /><testcase classname="backend.tests.test_re_enrich_skills_cleanup_iteration156.TestReEnrichEndpoint" name="test_re_enrich_valid_candidate_admin" time="20.137" /><testcase classname="backend.tests.test_re_enrich_skills_cleanup_iteration156.TestShaileshKumarPathakCandidate" name="test_candidate_exists" time="5.653" /><testcase classname="backend.tests.test_re_enrich_skills_cleanup_iteration156.TestShaileshKumarPathakCandidate" name="test_candidate_has_location" time="5.054" /><testcase classname="backend.tests.test_re_enrich_skills_cleanup_iteration156.TestShaileshKumarPathakCandidate" name="test_candidate_has_employer" time="5.526" /><testcase classname="backend.tests.test_re_enrich_skills_cleanup_iteration156.TestShaileshKumarPathakCandidate" name="test_candidate_has_designation" time="5.221" /><testcase classname="backend.tests.test_re_enrich_skills_cleanup_iteration156.TestShaileshKumarPathakCandidate" name="test_candidate_has_experience_years" time="5.023" /><testcase classname="backend.tests.test_re_enrich_skills_cleanup_iteration156.TestSkillsCleanup" name="test_skills_no_date_ranges" time="5.124" /><testcase classname="backend.tests.test_re_enrich_skills_cleanup_iteration156.TestSkillsCleanup" name="test_skills_no_phone_numbers" time="5.060" /><testcase classname="backend.tests.test_re_enrich_skills_cleanup_iteration156.TestSkillsCleanup" name="test_skills_no_email_addresses" time="5.031" /><testcase classname="backend.tests.test_re_enrich_skills_cleanup_iteration156.TestSkillsCleanup" name="test_skills_no_section_headers" time="5.065" /><testcase classname="backend.tests.test_re_enrich_skills_cleanup_iteration156.TestSkillsCleanup" name="test_skills_no_company_names" time="5.012" /><testcase classname="backend.tests.test_re_enrich_skills_cleanup_iteration156.TestAIExtractEndpoint" name="test_ai_extract_requires_auth" time="1.116" /><testcase classname="backend.tests.test_re_enrich_skills_cleanup_iteration156.TestAIExtractEndpoint" name="test_ai_extract_admin_structured_response" time="4.511" /><testcase classname="backend.tests.test_re_enrich_skills_cleanup_iteration156.TestAIExtractEndpoint" name="test_ai_extract_recruiter_structured_response" time="4.567" /><testcase classname="backend.tests.test_re_enrich_skills_cleanup_iteration156.TestAIExtractEndpoint" name="test_ai_extract_insufficient_text" time="4.573" /><testcase classname="backend.tests.test_re_enrich_skills_cleanup_iteration156.TestExtensionProfileEndpoint" name="test_profile_endpoint_exists" time="4.990" /><testcase classname="backend.tests.test_re_enrich_skills_cleanup_iteration156.TestExtensionProfileEndpoint" name="test_profile_endpoint_invalid_id" time="4.776" /></testsuite></testsuites>