<?xml version="1.0" encoding="utf-8"?><testsuites name="pytest tests"><testsuite name="pytest" errors="0" failures="0" skipped="0" tests="11" time="32.321" timestamp="2026-02-26T05:12:22.953251+00:00" hostname="agent-env-b2ba6cca-ce80-4e05-b430-8dd5be65e498"><testcase classname="backend.tests.test_pipeline_enrichment_bugfix.TestAdminPipelineEnrichment" name="test_admin_pipeline_returns_enriched_fields" time="17.004" /><testcase classname="backend.tests.test_pipeline_enrichment_bugfix.TestAdminPipelineEnrichment" name="test_admin_pipeline_specific_candidate_enrichment" time="1.963" /><testcase classname="backend.tests.test_pipeline_enrichment_bugfix.TestAdminPipelineEnrichment" name="test_admin_pipeline_stage_counts_present" time="1.942" /><testcase classname="backend.tests.test_pipeline_enrichment_bugfix.TestAdminPipelineEnrichment" name="test_admin_pipeline_total_applications_count" time="1.946" /><testcase classname="backend.tests.test_pipeline_enrichment_bugfix.TestAdminPipelineEnrichment" name="test_pipeline_filters_still_work" time="1.958" /><testcase classname="backend.tests.test_pipeline_enrichment_bugfix.TestJobApplicantsEnrichment" name="test_job_applicants_endpoint_returns_enriched_fields" time="1.470" /><testcase classname="backend.tests.test_pipeline_enrichment_bugfix.TestJobApplicantsEnrichment" name="test_job_applicants_new_fields_present" time="1.237" /><testcase classname="backend.tests.test_pipeline_enrichment_bugfix.TestTrackerAutoFill" name="test_tracker_templates_accessible" time="0.537" /><testcase classname="backend.tests.test_pipeline_enrichment_bugfix.TestTrackerAutoFill" name="test_tracker_columns_available" time="0.289" /><testcase classname="backend.tests.test_pipeline_enrichment_bugfix.TestEnrichmentSummary" name="test_enrichment_fix_working" time="1.951" /><testcase classname="backend.tests.test_pipeline_enrichment_bugfix.TestEnrichmentSummary" name="test_no_regression_pipeline_structure" time="1.953" /></testsuite></testsuites>