<?xml version="1.0" encoding="utf-8"?><testsuites name="pytest tests"><testsuite name="pytest" errors="0" failures="3" skipped="0" tests="17" time="11.698" timestamp="2026-02-16T06:03:53.184006+00:00" hostname="agent-env-ce7a51d2-8461-4e8e-9a0b-53d31bad3830"><testcase classname="backend.tests.test_seo_phase1.TestSitemapAndRobots" name="test_sitemap_xml_returns_valid_xml" time="1.785" /><testcase classname="backend.tests.test_seo_phase1.TestSitemapAndRobots" name="test_sitemap_contains_static_pages" time="0.633" /><testcase classname="backend.tests.test_seo_phase1.TestSitemapAndRobots" name="test_sitemap_contains_blog_section" time="0.641" /><testcase classname="backend.tests.test_seo_phase1.TestSitemapAndRobots" name="test_sitemap_has_cache_header" time="0.598"><failure message="AssertionError: Expected Cache-Control header with max-age&#10;assert 'max-age' in 'no-store, no-cache, must-revalidate'">backend/tests/test_seo_phase1.py:66: in test_sitemap_has_cache_header
    assert "max-age" in cache_control, "Expected Cache-Control header with max-age"
E   AssertionError: Expected Cache-Control header with max-age
E   assert 'max-age' in 'no-store, no-cache, must-revalidate'</failure></testcase><testcase classname="backend.tests.test_seo_phase1.TestSitemapAndRobots" name="test_robots_txt_returns_text" time="0.104" /><testcase classname="backend.tests.test_seo_phase1.TestSitemapAndRobots" name="test_robots_txt_contains_sitemap_reference" time="0.114" /><testcase classname="backend.tests.test_seo_phase1.TestSitemapAndRobots" name="test_robots_txt_has_cache_header" time="0.107"><failure message="AssertionError: Expected Cache-Control header with max-age&#10;assert 'max-age' in 'no-store, no-cache, must-revalidate'">backend/tests/test_seo_phase1.py:101: in test_robots_txt_has_cache_header
    assert "max-age" in cache_control, "Expected Cache-Control header with max-age"
E   AssertionError: Expected Cache-Control header with max-age
E   assert 'max-age' in 'no-store, no-cache, must-revalidate'</failure></testcase><testcase classname="backend.tests.test_seo_phase1.TestSecurityHeaders" name="test_hsts_header_present" time="0.601" /><testcase classname="backend.tests.test_seo_phase1.TestSecurityHeaders" name="test_x_content_type_options_header" time="0.112" /><testcase classname="backend.tests.test_seo_phase1.TestSecurityHeaders" name="test_x_frame_options_header" time="0.593" /><testcase classname="backend.tests.test_seo_phase1.TestSecurityHeaders" name="test_referrer_policy_header" time="0.123" /><testcase classname="backend.tests.test_seo_phase1.TestSecurityHeaders" name="test_xss_protection_header" time="0.594" /><testcase classname="backend.tests.test_seo_phase1.TestSEOSettingsAdminAPI" name="test_seo_settings_requires_auth" time="0.107" /><testcase classname="backend.tests.test_seo_phase1.TestSEOSettingsAdminAPI" name="test_seo_settings_get_list" time="2.388" /><testcase classname="backend.tests.test_seo_phase1.TestSEOSettingsAdminAPI" name="test_seo_settings_update_and_verify" time="2.846"><failure message="AssertionError: Page path should match&#10;assert 'test-seo-page' == '/test-seo-page'&#10;  &#10;  - /test-seo-page&#10;  ? -&#10;  + test-seo-page">backend/tests/test_seo_phase1.py:214: in test_seo_settings_update_and_verify
    assert setting_data.get("page_path") == "/test-seo-page", "Page path should match"
E   AssertionError: Page path should match
E   assert 'test-seo-page' == '/test-seo-page'
E     
E     - /test-seo-page
E     ? -
E     + test-seo-page</failure></testcase><testcase classname="backend.tests.test_seo_phase1.TestSEOSettingsAdminAPI" name="test_seo_settings_update_requires_admin" time="0.110" /><testcase classname="backend.tests.test_seo_phase1.TestStaticRobotsTxt" name="test_static_robots_txt_accessible" time="0.141" /></testsuite></testsuites>