<?xml version="1.0" encoding="utf-8"?><testsuites name="pytest tests"><testsuite name="pytest" errors="0" failures="0" skipped="0" tests="19" time="80.865" timestamp="2026-02-18T05:09:31.701799+00:00" hostname="agent-env-4c055eb4-22fa-4858-83a2-a8658f1245bf"><testcase classname="tests.test_company_commercial_merge.TestCompanyCommercialMerge" name="test_create_company_percentage_commercial" time="8.845" /><testcase classname="tests.test_company_commercial_merge.TestCompanyCommercialMerge" name="test_create_company_fixed_commercial" time="3.501" /><testcase classname="tests.test_company_commercial_merge.TestCompanyCommercialMerge" name="test_create_company_level_based_commercial" time="3.472" /><testcase classname="tests.test_company_commercial_merge.TestCompanyCommercialMerge" name="test_create_company_no_commercial_returns_400" time="1.747" /><testcase classname="tests.test_company_commercial_merge.TestCompanyCommercialMerge" name="test_create_company_overlapping_ranges_returns_400" time="1.708" /><testcase classname="tests.test_company_commercial_merge.TestCompanyCommercialMerge" name="test_create_company_min_gte_max_returns_400" time="1.701" /><testcase classname="tests.test_company_commercial_merge.TestCompanyCommercialMerge" name="test_create_company_percentage_lte_0_returns_400" time="1.724" /><testcase classname="tests.test_company_commercial_merge.TestCompanyCommercialMerge" name="test_update_company_with_hr_contacts_and_commercial" time="4.492" /><testcase classname="tests.test_company_commercial_merge.TestCompanyCommercialMerge" name="test_get_all_companies_returns_commercial" time="3.924" /><testcase classname="tests.test_company_commercial_merge.TestCompanyCommercialMerge" name="test_migrated_companies_return_correct_data" time="3.878" /><testcase classname="tests.test_company_commercial_merge.TestCompanyCommercialMerge" name="test_legacy_level_based_shows_legacy_mapping" time="3.900" /><testcase classname="tests.test_company_commercial_merge.TestAssignEmployer" name="test_assign_employer_to_company" time="6.796" /><testcase classname="tests.test_company_commercial_merge.TestEmployerEndpoints" name="test_employer_my_team_loads" time="3.471" /><testcase classname="tests.test_company_commercial_merge.TestEmployerEndpoints" name="test_employer_companies_loads_with_commercial" time="2.759" /><testcase classname="tests.test_company_commercial_merge.TestEmployerEndpoints" name="test_employer_pipeline_loads" time="2.794" /><testcase classname="tests.test_company_commercial_merge.TestAdminAnalytics" name="test_admin_analytics_loads" time="11.986" /><testcase classname="tests.test_company_commercial_merge.TestNoRegressions" name="test_admin_pipeline_loads" time="3.503" /><testcase classname="tests.test_company_commercial_merge.TestNoRegressions" name="test_teams_endpoint_works" time="1.985" /><testcase classname="tests.test_company_commercial_merge.TestNoRegressions" name="test_hierarchy_endpoint_works" time="8.537" /></testsuite></testsuites>