<?xml version="1.0" encoding="utf-8"?><testsuites name="pytest tests"><testsuite name="pytest" errors="0" failures="0" skipped="0" tests="10" time="38.436" timestamp="2026-02-19T05:29:45.479732+00:00" hostname="agent-env-1328d8f9-5176-463c-8d1d-7beb46315fe3"><testcase classname="tests.test_cv_profile_enhancement.TestCVProfileEnhancement" name="test_candidate_bank_list" time="7.680" /><testcase classname="tests.test_cv_profile_enhancement.TestCVProfileEnhancement" name="test_ats_cv_generation_valid_candidate" time="3.852" /><testcase classname="tests.test_cv_profile_enhancement.TestCVProfileEnhancement" name="test_ats_cv_invalid_candidate_404" time="2.014" /><testcase classname="tests.test_cv_profile_enhancement.TestCVProfileEnhancement" name="test_download_resume_valid_candidate" time="4.254" /><testcase classname="tests.test_cv_profile_enhancement.TestCVProfileEnhancement" name="test_cv_upload_save_unified_schema" time="2.531" /><testcase classname="tests.test_cv_profile_enhancement.TestCVProfileEnhancement" name="test_extension_capture_validation" time="2.210" /><testcase classname="tests.test_cv_profile_enhancement.TestRegressionEndpoints" name="test_revenue_aggregate_by_company" time="2.056" /><testcase classname="tests.test_cv_profile_enhancement.TestRegressionEndpoints" name="test_admin_pipeline_with_joined_stage" time="5.150" /><testcase classname="tests.test_cv_profile_enhancement.TestCandidateBankSearch" name="test_candidate_bank_search_with_filters" time="3.522" /><testcase classname="tests.test_cv_profile_enhancement.TestCandidateBankSearch" name="test_candidate_bank_pagination" time="5.091" /></testsuite></testsuites>