<?xml version="1.0" encoding="utf-8"?><testsuites name="pytest tests"><testsuite name="pytest" errors="0" failures="0" skipped="0" tests="8" time="12.500" timestamp="2026-01-29T07:29:37.091078+00:00" hostname="agent-env-2499485b-b670-4c70-b277-2f23e6edd5c4"><testcase classname="backend.tests.test_r2_integration.TestLoginFlow" name="test_employer_login" time="0.308" /><testcase classname="backend.tests.test_r2_integration.TestLoginFlow" name="test_admin_login" time="0.259" /><testcase classname="backend.tests.test_r2_integration.TestPublicApplicationR2Upload" name="test_public_apply_with_resume_stores_in_r2" time="2.569" /><testcase classname="backend.tests.test_r2_integration.TestCandidateBankR2Upload" name="test_candidate_bank_add_stores_in_r2" time="4.573" /><testcase classname="backend.tests.test_r2_integration.TestResumeDownloadR2Redirect" name="test_uploads_endpoint_returns_r2_redirect" time="0.395" /><testcase classname="backend.tests.test_r2_integration.TestResumeDownloadR2Redirect" name="test_uploads_endpoint_with_redirect_false" time="0.395" /><testcase classname="backend.tests.test_r2_integration.TestJDParsing" name="test_jd_parsing_with_text" time="3.586" /><testcase classname="backend.tests.test_r2_integration.TestR2SignedURLContent" name="test_signed_url_returns_content" time="0.349" /></testsuite></testsuites>