<?xml version="1.0" encoding="utf-8"?><testsuites name="pytest tests"><testsuite name="pytest" errors="0" failures="0" skipped="0" tests="13" time="19.662" timestamp="2026-01-27T10:34:47.564645+00:00" hostname="agent-env-afc9cd95-5c27-4422-9f47-13f4d629acc5"><testcase classname="backend.tests.test_jd_parsing.TestJDExtraction" name="test_extract_text_from_txt_file" time="0.321" /><testcase classname="backend.tests.test_jd_parsing.TestJDExtraction" name="test_extract_text_from_pdf_file" time="0.312" /><testcase classname="backend.tests.test_jd_parsing.TestJDExtraction" name="test_reject_unsupported_file_format" time="0.301" /><testcase classname="backend.tests.test_jd_parsing.TestJDExtraction" name="test_reject_empty_file" time="0.337" /><testcase classname="backend.tests.test_jd_parsing.TestJDExtraction" name="test_extract_requires_authentication" time="0.299" /><testcase classname="backend.tests.test_jd_parsing.TestJDParsing" name="test_parse_jd_with_paste_input" time="3.651" /><testcase classname="backend.tests.test_jd_parsing.TestJDParsing" name="test_parse_jd_with_upload_input_type" time="2.805" /><testcase classname="backend.tests.test_jd_parsing.TestJDParsing" name="test_parse_jd_requires_input" time="0.295" /><testcase classname="backend.tests.test_jd_parsing.TestJDParsing" name="test_parse_jd_requires_authentication" time="0.298" /><testcase classname="backend.tests.test_jd_parsing.TestJDParsing" name="test_parse_jd_with_file_upload" time="4.491" /><testcase classname="backend.tests.test_jd_parsing.TestJDParsing" name="test_parse_jd_audit_metadata_complete" time="4.653" /><testcase classname="backend.tests.test_jd_parsing.TestRoleBasedAccess" name="test_candidate_cannot_access_extract" time="0.310" /><testcase classname="backend.tests.test_jd_parsing.TestRoleBasedAccess" name="test_admin_can_access_both_endpoints" time="1.526" /></testsuite></testsuites>