<?xml version="1.0" encoding="utf-8"?><testsuites name="pytest tests"><testsuite name="pytest" errors="0" failures="3" skipped="0" tests="20" time="58.544" timestamp="2026-02-10T06:07:23.091628+00:00" hostname="agent-env-2e285f90-c29e-4208-8aff-9d3023a4a7ed"><testcase classname="backend.tests.test_v36_validation.TestV36NameValidation" name="test_reject_invalid_name_search_candidates" time="1.904" /><testcase classname="backend.tests.test_v36_validation.TestV36NameValidation" name="test_reject_invalid_name_decode_india" time="1.604" /><testcase classname="backend.tests.test_v36_validation.TestV36NameValidation" name="test_reject_invalid_name_empty" time="1.592" /><testcase classname="backend.tests.test_v36_validation.TestV36NameValidation" name="test_reject_invalid_name_whitespace_only" time="1.609" /><testcase classname="backend.tests.test_v36_validation.TestV36NameValidation" name="test_reject_invalid_name_too_short" time="1.634" /><testcase classname="backend.tests.test_v36_validation.TestV36NameValidation" name="test_reject_invalid_name_too_long" time="1.592" /><testcase classname="backend.tests.test_v36_validation.TestV36NameValidation" name="test_reject_invalid_name_profiles_found" time="1.606" /><testcase classname="backend.tests.test_v36_validation.TestV36NameValidation" name="test_clean_name_removes_experience_years" time="2.798" /><testcase classname="backend.tests.test_v36_validation.TestV36NameValidation" name="test_clean_name_removes_decimal_years" time="2.788" /><testcase classname="backend.tests.test_v36_validation.TestV36EmailValidation" name="test_strip_naukri_email" time="2.809" /><testcase classname="backend.tests.test_v36_validation.TestV36EmailValidation" name="test_strip_placeholder_email" time="2.780" /><testcase classname="backend.tests.test_v36_validation.TestV36EmailValidation" name="test_strip_support_naukri_email" time="2.846" /><testcase classname="backend.tests.test_v36_validation.TestV36EmailValidation" name="test_keep_valid_email" time="3.021"><failure message="AssertionError: Expected 'test_v36_01d0a5e9_valid@gmail.com', got 'test_v36_9c52aa4a_valid@gmail.com'&#10;assert 'test_v36_9c5...lid@gmail.com' == 'test_v36_01d...lid@gmail.com'&#10;  &#10;  - test_v36_01d0a5e9_valid@gmail.com&#10;  ?          ^^^^ ^^^&#10;  + test_v36_9c52aa4a_valid@gmail.com&#10;  ?          ^^^^ ^^^">backend/tests/test_v36_validation.py:344: in test_keep_valid_email
    assert profile["email"] == valid_email.lower(), f"Expected '{valid_email.lower()}', got '{profile['email']}'"
E   AssertionError: Expected 'test_v36_01d0a5e9_valid@gmail.com', got 'test_v36_9c52aa4a_valid@gmail.com'
E   assert 'test_v36_9c5...lid@gmail.com' == 'test_v36_01d...lid@gmail.com'
E     
E     - test_v36_01d0a5e9_valid@gmail.com
E     ?          ^^^^ ^^^
E     + test_v36_9c52aa4a_valid@gmail.com
E     ?          ^^^^ ^^^</failure></testcase><testcase classname="backend.tests.test_v36_validation.TestV36ValidProfileCapture" name="test_accept_valid_profile_with_clean_data" time="2.785"><failure message="AssertionError: assert 'rajesh.k@gmail.com' == 'test_v36_94b...e@example.com'&#10;  &#10;  - test_v36_94b551a8_complete@example.com&#10;  + rajesh.k@gmail.com">backend/tests/test_v36_validation.py:419: in test_accept_valid_profile_with_clean_data
    assert profile["email"] == valid_email.lower()
E   AssertionError: assert 'rajesh.k@gmail.com' == 'test_v36_94b...e@example.com'
E     
E     - test_v36_94b551a8_complete@example.com
E     + rajesh.k@gmail.com</failure></testcase><testcase classname="backend.tests.test_v36_validation.TestV36ValidProfileCapture" name="test_deduplication_by_naukri_profile_id" time="2.288"><failure message="AssertionError: assert 'updated' == 'created'&#10;  &#10;  - created&#10;  + updated">backend/tests/test_v36_validation.py:442: in test_deduplication_by_naukri_profile_id
    assert data1["action"] == "created"
E   AssertionError: assert 'updated' == 'created'
E     
E     - created
E     + updated</failure></testcase><testcase classname="backend.tests.test_v36_validation.TestV36AIExtraction" name="test_ai_extract_from_noisy_text_with_nav" time="11.157" /><testcase classname="backend.tests.test_v36_validation.TestV36AIExtraction" name="test_ai_extract_does_not_include_nav_in_name" time="7.843" /><testcase classname="backend.tests.test_v36_validation.TestV36ExtensionDownload" name="test_download_returns_zip_file" time="1.833" /><testcase classname="backend.tests.test_v36_validation.TestV36ExtensionDownload" name="test_download_zip_contains_manifest" time="1.364" /><testcase classname="backend.tests.test_v36_validation.TestV36Stats" name="test_stats_returns_capture_statistics" time="2.554" /></testsuite></testsuites>