<?xml version="1.0" encoding="utf-8"?><testsuites name="pytest tests"><testsuite name="pytest" errors="0" failures="0" skipped="0" tests="20" time="72.969" timestamp="2026-02-21T12:27:53.572058+00:00" hostname="agent-env-b052ede6-78a3-413a-9504-2862402d473d"><testcase classname="backend.tests.test_naukri_capture_monitoring.TestNaukriCaptureMonitoring" name="test_failed_captures_endpoint_exists" time="17.749" /><testcase classname="backend.tests.test_naukri_capture_monitoring.TestNaukriCaptureMonitoring" name="test_failed_captures_stats_structure" time="2.768" /><testcase classname="backend.tests.test_naukri_capture_monitoring.TestNaukriCaptureMonitoring" name="test_failed_captures_pagination" time="2.768" /><testcase classname="backend.tests.test_naukri_capture_monitoring.TestNaukriCaptureMonitoring" name="test_failed_captures_recovered_filter" time="4.058" /><testcase classname="backend.tests.test_naukri_capture_monitoring.TestNaukriCaptureMonitoring" name="test_failed_captures_requires_admin" time="1.551" /><testcase classname="backend.tests.test_naukri_capture_monitoring.TestNaukriCaptureMonitoring" name="test_recover_endpoint_requires_admin" time="1.563" /><testcase classname="backend.tests.test_naukri_capture_monitoring.TestNaukriCaptureMonitoring" name="test_recover_nonexistent_capture" time="2.026" /><testcase classname="backend.tests.test_naukri_capture_monitoring.TestNaukriCaptureMonitoring" name="test_live_status_has_9_services" time="3.487" /><testcase classname="backend.tests.test_naukri_capture_monitoring.TestNaukriCaptureMonitoring" name="test_live_status_naukri_capture_metrics" time="3.455" /><testcase classname="backend.tests.test_naukri_capture_monitoring.TestNaukriCaptureMonitoring" name="test_live_status_has_score_history" time="3.494" /><testcase classname="backend.tests.test_naukri_capture_monitoring.TestNaukriCaptureMonitoring" name="test_maintenance_report_download_works" time="4.498" /><testcase classname="backend.tests.test_naukri_capture_monitoring.TestNaukriCaptureMonitoring" name="test_maintenance_report_has_section_7" time="4.262" /><testcase classname="backend.tests.test_naukri_capture_monitoring.TestNaukriCaptureMonitoring" name="test_extension_capture_endpoint_exists" time="1.800" /><testcase classname="backend.tests.test_naukri_capture_monitoring.TestNaukriCaptureMonitoring" name="test_extension_capture_requires_auth" time="1.521" /><testcase classname="backend.tests.test_naukri_capture_monitoring.TestNaukriCaptureMonitoring" name="test_extension_capture_validation_rejection_logged" time="2.010" /><testcase classname="backend.tests.test_naukri_capture_monitoring.TestNaukriCaptureMonitoring" name="test_health_score_affected_by_naukri_capture" time="3.473" /><testcase classname="backend.tests.test_naukri_capture_monitoring.TestRegressionFeatures" name="test_admin_login_works" time="2.918" /><testcase classname="backend.tests.test_naukri_capture_monitoring.TestRegressionFeatures" name="test_maintenance_status_endpoint" time="2.987" /><testcase classname="backend.tests.test_naukri_capture_monitoring.TestRegressionFeatures" name="test_system_errors_stats" time="3.477" /><testcase classname="backend.tests.test_naukri_capture_monitoring.TestRegressionFeatures" name="test_diagnostic_test_endpoint" time="3.022" /></testsuite></testsuites>