<?xml version="1.0" encoding="utf-8"?><testsuites name="pytest tests"><testsuite name="pytest" errors="0" failures="0" skipped="0" tests="15" time="113.989" timestamp="2026-02-11T12:11:05.043808+00:00" hostname="agent-env-b170659e-0381-4d0c-b3f5-33e728084191"><testcase classname="backend.tests.test_admin_analytics.TestAdminAnalyticsAPI" name="test_analytics_requires_auth" time="0.097" /><testcase classname="backend.tests.test_admin_analytics.TestAdminAnalyticsAPI" name="test_analytics_returns_all_required_fields" time="8.278" /><testcase classname="backend.tests.test_admin_analytics.TestAdminAnalyticsAPI" name="test_analytics_kpis_structure" time="6.575" /><testcase classname="backend.tests.test_admin_analytics.TestAdminAnalyticsAPI" name="test_analytics_source_distribution" time="6.578" /><testcase classname="backend.tests.test_admin_analytics.TestAdminAnalyticsAPI" name="test_analytics_capture_trends" time="6.582" /><testcase classname="backend.tests.test_admin_analytics.TestAdminAnalyticsAPI" name="test_analytics_recruiter_performance" time="6.584" /><testcase classname="backend.tests.test_admin_analytics.TestAdminAnalyticsAPI" name="test_analytics_stage_distribution" time="6.615" /><testcase classname="backend.tests.test_admin_analytics.TestAdminAnalyticsAPI" name="test_analytics_funnel_velocity" time="6.571" /><testcase classname="backend.tests.test_admin_analytics.TestAdminAnalyticsAPI" name="test_analytics_filter_options" time="6.587" /><testcase classname="backend.tests.test_admin_analytics.TestAdminAnalyticsAPI" name="test_analytics_employer_filter" time="12.225" /><testcase classname="backend.tests.test_admin_analytics.TestAdminAnalyticsAPI" name="test_analytics_team_filter" time="11.307" /><testcase classname="backend.tests.test_admin_analytics.TestAdminAnalyticsAPI" name="test_analytics_recruiter_filter" time="11.494" /><testcase classname="backend.tests.test_admin_analytics.TestAdminAnalyticsAPI" name="test_analytics_date_range_filter" time="11.290" /><testcase classname="backend.tests.test_admin_analytics.TestAdminAnalyticsAPI" name="test_analytics_combined_filters" time="6.584" /><testcase classname="backend.tests.test_admin_analytics.TestAdminAnalyticsAPI" name="test_analytics_has_real_data" time="6.563" /></testsuite></testsuites>