<?xml version="1.0" encoding="utf-8"?><testsuites name="pytest tests"><testsuite name="pytest" errors="0" failures="0" skipped="21" tests="27" time="18.868" timestamp="2026-03-01T15:03:08.503660+00:00" hostname="agent-env-3f3167ba-1c1b-4e02-90af-439524dc3fbf"><testcase classname="backend.tests.test_candidate_bank_filters.TestCandidateBankFilters" name="test_filter_options_returns_locations_companies_sources" time="1.420"><skipped type="pytest.skip" message="Login failed: 500">/app/backend/tests/test_candidate_bank_filters.py:49: Login failed: 500</skipped></testcase><testcase classname="backend.tests.test_candidate_bank_filters.TestCandidateBankFilters" name="test_list_candidates_basic" time="4.676" /><testcase classname="backend.tests.test_candidate_bank_filters.TestCandidateBankFilters" name="test_filter_by_phone" time="3.190" /><testcase classname="backend.tests.test_candidate_bank_filters.TestCandidateBankFilters" name="test_filter_by_email" time="3.181" /><testcase classname="backend.tests.test_candidate_bank_filters.TestCandidateBankFilters" name="test_filter_by_location" time="3.509" /><testcase classname="backend.tests.test_candidate_bank_filters.TestCandidateBankFilters" name="test_filter_by_skills_single" time="0.110"><skipped type="pytest.skip" message="Login failed: 429">/app/backend/tests/test_candidate_bank_filters.py:140: Login failed: 429</skipped></testcase><testcase classname="backend.tests.test_candidate_bank_filters.TestCandidateBankFilters" name="test_filter_by_skills_multiple" time="0.110"><skipped type="pytest.skip" message="Login failed: 429">/app/backend/tests/test_candidate_bank_filters.py:149: Login failed: 429</skipped></testcase><testcase classname="backend.tests.test_candidate_bank_filters.TestCandidateBankFilters" name="test_filter_by_company" time="0.451"><skipped type="pytest.skip" message="Login failed: 429">/app/backend/tests/test_candidate_bank_filters.py:160: Login failed: 429</skipped></testcase><testcase classname="backend.tests.test_candidate_bank_filters.TestCandidateBankFilters" name="test_filter_by_notice_period" time="0.112"><skipped type="pytest.skip" message="Login failed: 429">/app/backend/tests/test_candidate_bank_filters.py:171: Login failed: 429</skipped></testcase><testcase classname="backend.tests.test_candidate_bank_filters.TestCandidateBankFilters" name="test_filter_by_experience_range" time="0.112"><skipped type="pytest.skip" message="Login failed: 429">/app/backend/tests/test_candidate_bank_filters.py:189: Login failed: 429</skipped></testcase><testcase classname="backend.tests.test_candidate_bank_filters.TestCandidateBankFilters" name="test_filter_by_min_experience_only" time="0.124"><skipped type="pytest.skip" message="Login failed: 429">/app/backend/tests/test_candidate_bank_filters.py:205: Login failed: 429</skipped></testcase><testcase classname="backend.tests.test_candidate_bank_filters.TestCandidateBankFilters" name="test_filter_by_salary_range" time="0.109"><skipped type="pytest.skip" message="Login failed: 429">/app/backend/tests/test_candidate_bank_filters.py:222: Login failed: 429</skipped></testcase><testcase classname="backend.tests.test_candidate_bank_filters.TestCandidateBankFilters" name="test_filter_by_source_extension" time="0.103"><skipped type="pytest.skip" message="Login failed: 429">/app/backend/tests/test_candidate_bank_filters.py:240: Login failed: 429</skipped></testcase><testcase classname="backend.tests.test_candidate_bank_filters.TestCandidateBankFilters" name="test_filter_has_resume_yes" time="0.127"><skipped type="pytest.skip" message="Login failed: 429">/app/backend/tests/test_candidate_bank_filters.py:251: Login failed: 429</skipped></testcase><testcase classname="backend.tests.test_candidate_bank_filters.TestCandidateBankFilters" name="test_filter_has_resume_no" time="0.110"><skipped type="pytest.skip" message="Login failed: 429">/app/backend/tests/test_candidate_bank_filters.py:263: Login failed: 429</skipped></testcase><testcase classname="backend.tests.test_candidate_bank_filters.TestCandidateBankFilters" name="test_filter_contact_hidden_yes" time="0.103"><skipped type="pytest.skip" message="Login failed: 429">/app/backend/tests/test_candidate_bank_filters.py:274: Login failed: 429</skipped></testcase><testcase classname="backend.tests.test_candidate_bank_filters.TestCandidateBankFilters" name="test_filter_contact_hidden_no" time="0.141"><skipped type="pytest.skip" message="Login failed: 429">/app/backend/tests/test_candidate_bank_filters.py:291: Login failed: 429</skipped></testcase><testcase classname="backend.tests.test_candidate_bank_filters.TestCandidateBankFilters" name="test_filter_by_captured_after" time="0.105"><skipped type="pytest.skip" message="Login failed: 429">/app/backend/tests/test_candidate_bank_filters.py:309: Login failed: 429</skipped></testcase><testcase classname="backend.tests.test_candidate_bank_filters.TestCandidateBankFilters" name="test_filter_by_captured_before" time="0.108"><skipped type="pytest.skip" message="Login failed: 429">/app/backend/tests/test_candidate_bank_filters.py:318: Login failed: 429</skipped></testcase><testcase classname="backend.tests.test_candidate_bank_filters.TestCandidateBankFilters" name="test_combined_filters_location_skills" time="0.107"><skipped type="pytest.skip" message="Login failed: 429">/app/backend/tests/test_candidate_bank_filters.py:329: Login failed: 429</skipped></testcase><testcase classname="backend.tests.test_candidate_bank_filters.TestCandidateBankFilters" name="test_combined_filters_contact_experience" time="0.111"><skipped type="pytest.skip" message="Login failed: 429">/app/backend/tests/test_candidate_bank_filters.py:338: Login failed: 429</skipped></testcase><testcase classname="backend.tests.test_candidate_bank_filters.TestCandidateBankFilters" name="test_combined_filters_multiple" time="0.121"><skipped type="pytest.skip" message="Login failed: 429">/app/backend/tests/test_candidate_bank_filters.py:358: Login failed: 429</skipped></testcase><testcase classname="backend.tests.test_candidate_bank_filters.TestCandidateBankFilters" name="test_pagination_with_filters" time="0.097"><skipped type="pytest.skip" message="Login failed: 429">/app/backend/tests/test_candidate_bank_filters.py:370: Login failed: 429</skipped></testcase><testcase classname="backend.tests.test_candidate_bank_filters.TestCandidateBankFilters" name="test_empty_filter_values" time="0.112"><skipped type="pytest.skip" message="Login failed: 429">/app/backend/tests/test_candidate_bank_filters.py:395: Login failed: 429</skipped></testcase><testcase classname="backend.tests.test_candidate_bank_filters.TestCandidateBankFilters" name="test_no_match_filter" time="0.108"><skipped type="pytest.skip" message="Login failed: 429">/app/backend/tests/test_candidate_bank_filters.py:404: Login failed: 429</skipped></testcase><testcase classname="backend.tests.test_candidate_bank_filters.TestCandidateBankFilterAuth" name="test_filter_options_requires_auth" time="0.102" /><testcase classname="backend.tests.test_candidate_bank_filters.TestCandidateBankFilterAuth" name="test_candidate_list_requires_auth" time="0.102" /></testsuite></testsuites>