<?xml version="1.0" encoding="utf-8"?><testsuites name="pytest tests"><testsuite name="pytest" errors="0" failures="0" skipped="0" tests="11" time="1.317" timestamp="2026-01-30T18:56:12.766988+00:00" hostname="agent-env-6c70b300-fd97-495c-a7bd-f9a9ef5cc110"><testcase classname="backend.tests.test_employer_dashboard_stats.TestEmployerDashboardStats" name="test_employer_stats_returns_200" time="0.341" /><testcase classname="backend.tests.test_employer_dashboard_stats.TestEmployerDashboardStats" name="test_employer_stats_has_required_fields" time="0.043" /><testcase classname="backend.tests.test_employer_dashboard_stats.TestEmployerDashboardStats" name="test_employer_stats_shows_non_zero_values" time="0.042" /><testcase classname="backend.tests.test_employer_dashboard_stats.TestEmployerDashboardStats" name="test_employer_stats_pipeline_calculation" time="0.039" /><testcase classname="backend.tests.test_employer_dashboard_stats.TestAdminDashboardStats" name="test_admin_stats_returns_200" time="0.302" /><testcase classname="backend.tests.test_employer_dashboard_stats.TestAdminDashboardStats" name="test_admin_stats_has_required_fields" time="0.038" /><testcase classname="backend.tests.test_employer_dashboard_stats.TestAdminDashboardStats" name="test_admin_stats_shows_non_zero_values" time="0.038" /><testcase classname="backend.tests.test_employer_dashboard_stats.TestRecruiterDashboardStats" name="test_recruiter_stats_returns_200" time="0.295" /><testcase classname="backend.tests.test_employer_dashboard_stats.TestRecruiterDashboardStats" name="test_recruiter_stats_has_required_fields" time="0.045" /><testcase classname="backend.tests.test_employer_dashboard_stats.TestEmployerJobsEndpoint" name="test_employer_jobs_returns_200" time="0.034" /><testcase classname="backend.tests.test_employer_dashboard_stats.TestEmployerJobsEndpoint" name="test_employer_has_jobs" time="0.038" /></testsuite></testsuites>