<?xml version="1.0" encoding="utf-8"?><testsuites name="pytest tests"><testsuite name="pytest" errors="0" failures="0" skipped="0" tests="17" time="47.397" timestamp="2026-04-09T06:19:11.019802+00:00" hostname="agent-env-77d4d6a6-4e3c-4ee6-95db-bdf17245a7bc"><testcase classname="tests.test_admin_regex_routing_iteration158.TestAuthEndpoints" name="test_admin_login" time="7.096" /><testcase classname="tests.test_admin_regex_routing_iteration158.TestAuthEndpoints" name="test_recruiter_login" time="3.241" /><testcase classname="tests.test_admin_regex_routing_iteration158.TestAIExtractRouting" name="test_ai_extract_requires_auth" time="1.116" /><testcase classname="tests.test_admin_regex_routing_iteration158.TestAIExtractRouting" name="test_admin_ai_extract_uses_regex" time="4.617" /><testcase classname="tests.test_admin_regex_routing_iteration158.TestAIExtractRouting" name="test_recruiter_ai_extract_uses_claude" time="4.559" /><testcase classname="tests.test_admin_regex_routing_iteration158.TestRegexParserExtraction" name="test_regex_parser_direct" time="0.757" /><testcase classname="tests.test_admin_regex_routing_iteration158.TestReEnrichRouting" name="test_re_enrich_requires_auth" time="1.122" /><testcase classname="tests.test_admin_regex_routing_iteration158.TestReEnrichRouting" name="test_re_enrich_invalid_candidate_404" time="4.816" /><testcase classname="tests.test_admin_regex_routing_iteration158.TestReEnrichRouting" name="test_admin_re_enrich_uses_regex" time="7.622" /><testcase classname="tests.test_admin_regex_routing_iteration158.TestCaptureRouting" name="test_capture_requires_auth" time="1.079" /><testcase classname="tests.test_admin_regex_routing_iteration158.TestCaptureRouting" name="test_admin_capture_triggers_regex_enrichment" time="4.529" /><testcase classname="tests.test_admin_regex_routing_iteration158.TestAPIKeyStats" name="test_api_key_stats_requires_admin" time="1.117" /><testcase classname="tests.test_admin_regex_routing_iteration158.TestAPIKeyStats" name="test_api_key_stats_works" time="5.640" /><testcase classname="tests.test_admin_regex_routing_iteration158.TestCodeReview" name="test_admin_check_in_ai_extract" time="0.000" /><testcase classname="tests.test_admin_regex_routing_iteration158.TestCodeReview" name="test_background_regex_enrich_exists" time="0.000" /><testcase classname="tests.test_admin_regex_routing_iteration158.TestCodeReview" name="test_re_enrich_admin_routing" time="0.000" /><testcase classname="tests.test_admin_regex_routing_iteration158.TestCodeReview" name="test_regex_parser_file_exists" time="0.000" /></testsuite></testsuites>