<?xml version="1.0" encoding="utf-8"?><testsuites name="pytest tests"><testsuite name="pytest" errors="0" failures="0" skipped="0" tests="13" time="52.423" timestamp="2026-03-21T08:08:07.352539+00:00" hostname="agent-env-71ec33b6-e763-40ea-b9aa-2ceab5da3b5f"><testcase classname="backend.tests.test_maintenance_report_fixes.TestMaintenanceReportFixes" name="test_reject_search_candidates_name" time="3.035" /><testcase classname="backend.tests.test_maintenance_report_fixes.TestMaintenanceReportFixes" name="test_reject_showing_candidates_name" time="2.444" /><testcase classname="backend.tests.test_maintenance_report_fixes.TestMaintenanceReportFixes" name="test_reject_resdex_name" time="2.433" /><testcase classname="backend.tests.test_maintenance_report_fixes.TestMaintenanceReportFixes" name="test_reject_application_received_name" time="2.430" /><testcase classname="backend.tests.test_maintenance_report_fixes.TestMaintenanceReportFixes" name="test_accept_valid_name_priya_sharma" time="4.370" /><testcase classname="backend.tests.test_maintenance_report_fixes.TestMaintenanceReportFixes" name="test_strip_year_suffix_from_name" time="4.799" /><testcase classname="backend.tests.test_maintenance_report_fixes.TestMaintenanceReportFixes" name="test_strip_recruiter_phone_from_capture" time="4.778" /><testcase classname="backend.tests.test_maintenance_report_fixes.TestMaintenanceReportFixes" name="test_keep_different_phone" time="5.021" /><testcase classname="backend.tests.test_maintenance_report_fixes.TestMaintenanceReportFixes" name="test_evaluate_fit_still_works" time="12.065" /><testcase classname="backend.tests.test_maintenance_report_fixes.TestMaintenanceReportFixes" name="test_stats_endpoint_still_works" time="3.689" /><testcase classname="backend.tests.test_maintenance_report_fixes.TestMaintenanceReportFixes" name="test_reject_filter_nav_text" time="2.407" /><testcase classname="backend.tests.test_maintenance_report_fixes.TestMaintenanceReportFixes" name="test_reject_page_nav_text" time="2.458" /><testcase classname="backend.tests.test_maintenance_report_fixes.TestMaintenanceReportFixes" name="test_reject_profiles_found_text" time="2.431" /></testsuite></testsuites>