<?xml version="1.0" encoding="utf-8"?><testsuites name="pytest tests"><testsuite name="pytest" errors="0" failures="0" skipped="0" tests="23" time="39.486" timestamp="2026-01-27T10:54:12.317781+00:00" hostname="agent-env-afc9cd95-5c27-4422-9f47-13f4d629acc5"><testcase classname="backend.tests.test_jd_parsing.TestJDExtraction" name="test_extract_text_from_txt_file" time="0.321" /><testcase classname="backend.tests.test_jd_parsing.TestJDExtraction" name="test_extract_text_from_pdf_file" time="0.300" /><testcase classname="backend.tests.test_jd_parsing.TestJDExtraction" name="test_reject_unsupported_file_format" time="0.294" /><testcase classname="backend.tests.test_jd_parsing.TestJDExtraction" name="test_reject_empty_file" time="0.291" /><testcase classname="backend.tests.test_jd_parsing.TestJDExtraction" name="test_extract_requires_authentication" time="0.370" /><testcase classname="backend.tests.test_jd_parsing.TestJDParsing" name="test_parse_jd_with_paste_input" time="3.214" /><testcase classname="backend.tests.test_jd_parsing.TestJDParsing" name="test_parse_jd_with_upload_input_type" time="3.288" /><testcase classname="backend.tests.test_jd_parsing.TestJDParsing" name="test_parse_jd_requires_input" time="0.339" /><testcase classname="backend.tests.test_jd_parsing.TestJDParsing" name="test_parse_jd_requires_authentication" time="0.291" /><testcase classname="backend.tests.test_jd_parsing.TestJDParsing" name="test_parse_jd_with_file_upload" time="5.621" /><testcase classname="backend.tests.test_jd_parsing.TestJDParsing" name="test_parse_jd_audit_metadata_complete" time="5.105" /><testcase classname="backend.tests.test_jd_parsing.TestRoleBasedAccess" name="test_candidate_cannot_access_extract" time="0.317" /><testcase classname="backend.tests.test_jd_parsing.TestRoleBasedAccess" name="test_admin_can_access_both_endpoints" time="1.820" /><testcase classname="backend.tests.test_jd_parsing_bugfix.TestJDParsingBugFix" name="test_parse_jd_returns_single_clean_json_paste_mode" time="2.573" /><testcase classname="backend.tests.test_jd_parsing_bugfix.TestJDParsingBugFix" name="test_parse_jd_returns_single_clean_json_upload_mode" time="5.593" /><testcase classname="backend.tests.test_jd_parsing_bugfix.TestJDParsingBugFix" name="test_parse_jd_error_returns_proper_http_code" time="0.316" /><testcase classname="backend.tests.test_jd_parsing_bugfix.TestJDParsingBugFix" name="test_parse_jd_empty_file_returns_proper_error" time="0.301" /><testcase classname="backend.tests.test_jd_parsing_bugfix.TestJDParsingBugFix" name="test_parse_jd_response_fields_for_frontend_autofill" time="2.707" /><testcase classname="backend.tests.test_jd_parsing_bugfix.TestJDParsingBugFix" name="test_parse_jd_no_input_returns_400" time="0.328" /><testcase classname="backend.tests.test_jd_parsing_bugfix.TestJDParsingBugFix" name="test_parse_jd_pdf_file_upload" time="1.730" /><testcase classname="backend.tests.test_jd_parsing_bugfix.TestJDParsingBugFix" name="test_parse_jd_docx_file_upload" time="0.329" /><testcase classname="backend.tests.test_jd_parsing_bugfix.TestJDParsingAuditLogging" name="test_audit_logging_paste_mode" time="2.245" /><testcase classname="backend.tests.test_jd_parsing_bugfix.TestJDParsingAuditLogging" name="test_audit_logging_upload_mode" time="1.729" /></testsuite></testsuites>