<?xml version="1.0" encoding="utf-8"?><testsuites name="pytest tests"><testsuite name="pytest" errors="0" failures="0" skipped="0" tests="20" time="13.971" timestamp="2026-03-22T13:34:29.866231+00:00" hostname="agent-env-310550d7-5dc9-468d-b36d-4104e1611cdd"><testcase classname="backend.tests.test_security_compliance_hardening.TestLoginFlowWithoutCAPTCHA" name="test_admin_login_works_without_captcha" time="1.713" /><testcase classname="backend.tests.test_security_compliance_hardening.TestLoginFlowWithoutCAPTCHA" name="test_employer_login_works_without_captcha" time="1.425" /><testcase classname="backend.tests.test_security_compliance_hardening.TestLoginFlowWithoutCAPTCHA" name="test_login_invalid_credentials_returns_401" time="1.190" /><testcase classname="backend.tests.test_security_compliance_hardening.TestAuthenticatedEndpoints" name="test_notifications_unread_count_with_admin_token" time="1.989" /><testcase classname="backend.tests.test_security_compliance_hardening.TestAuthenticatedEndpoints" name="test_notifications_unread_count_with_employer_token" time="1.986" /><testcase classname="backend.tests.test_security_compliance_hardening.TestAuthenticatedEndpoints" name="test_applications_list_returns_200" time="2.715" /><testcase classname="backend.tests.test_security_compliance_hardening.TestPublicUploadResumeEndpoint" name="test_upload_resume_endpoint_exists" time="0.153" /><testcase classname="backend.tests.test_security_compliance_hardening.TestPublicUploadResumeEndpoint" name="test_upload_resume_accepts_turnstile_token_field" time="0.451" /><testcase classname="backend.tests.test_security_compliance_hardening.TestZeroTrustMiddleware" name="test_zero_trust_reads_env_var" time="0.000" /><testcase classname="backend.tests.test_security_compliance_hardening.TestZeroTrustMiddleware" name="test_zero_trust_disabled_by_default" time="0.000" /><testcase classname="backend.tests.test_security_compliance_hardening.TestZeroTrustMiddleware" name="test_admin_routes_accessible_when_zero_trust_disabled" time="2.269" /><testcase classname="backend.tests.test_security_compliance_hardening.TestFrontendTurnstileIntegration" name="test_mandate_apply_page_has_turnstile" time="0.000" /><testcase classname="backend.tests.test_security_compliance_hardening.TestFrontendTurnstileIntegration" name="test_public_job_page_has_turnstile" time="0.000" /><testcase classname="backend.tests.test_security_compliance_hardening.TestFrontendTurnstileIntegration" name="test_turnstile_widget_component_exists" time="0.000" /><testcase classname="backend.tests.test_security_compliance_hardening.TestFrontendErrorHandling" name="test_error_capture_skips_403_and_422" time="0.000" /><testcase classname="backend.tests.test_security_compliance_hardening.TestFrontendErrorHandling" name="test_api_js_handles_403_like_401" time="0.000" /><testcase classname="backend.tests.test_security_compliance_hardening.TestApplicationResponseModel" name="test_updated_at_is_optional" time="0.000" /><testcase classname="backend.tests.test_security_compliance_hardening.TestBackendPublicRoutes" name="test_public_upload_resume_has_turnstile_param" time="0.000" /><testcase classname="backend.tests.test_security_compliance_hardening.TestTurnstileEnvConfiguration" name="test_frontend_turnstile_site_key_configured" time="0.000" /><testcase classname="backend.tests.test_security_compliance_hardening.TestTurnstileEnvConfiguration" name="test_backend_turnstile_secret_key_configured" time="0.000" /></testsuite></testsuites>