<?xml version="1.0" encoding="utf-8"?><testsuites name="pytest tests"><testsuite name="pytest" errors="0" failures="1" skipped="0" tests="14" time="19.254" timestamp="2026-02-20T11:32:29.288395+00:00" hostname="agent-env-73def16b-c96a-4e77-89ed-476f072801de"><testcase classname="tests.test_stabilization_iteration78.TestAnalyticsPerformance" name="test_admin_analytics_response_time_under_3s" time="6.790"><failure message="AssertionError: API took 3.40s, should be &lt;3s&#10;assert 3.403797149658203 &lt; 3.0">tests/test_stabilization_iteration78.py:58: in test_admin_analytics_response_time_under_3s
    assert elapsed &lt; 3.0, f"API took {elapsed:.2f}s, should be &lt;3s"
E   AssertionError: API took 3.40s, should be &lt;3s
E   assert 3.403797149658203 &lt; 3.0</failure></testcase><testcase classname="tests.test_stabilization_iteration78.TestEmployerLogin" name="test_employer_login_success" time="1.455" /><testcase classname="tests.test_stabilization_iteration78.TestEmployerLogin" name="test_employer_access_tracker_list" time="2.507" /><testcase classname="tests.test_stabilization_iteration78.TestPipelineConversionFilters" name="test_pipeline_conversion_without_filters" time="0.593" /><testcase classname="tests.test_stabilization_iteration78.TestPipelineConversionFilters" name="test_pipeline_conversion_with_7d_filter" time="0.627" /><testcase classname="tests.test_stabilization_iteration78.TestPipelineConversionFilters" name="test_pipeline_conversion_with_30d_filter" time="0.603" /><testcase classname="tests.test_stabilization_iteration78.TestPipelineConversionFilters" name="test_pipeline_conversion_with_ytd_filter" time="0.587" /><testcase classname="tests.test_stabilization_iteration78.TestRevenueForecastFilters" name="test_revenue_forecast_without_filters" time="0.593" /><testcase classname="tests.test_stabilization_iteration78.TestRevenueForecastFilters" name="test_revenue_forecast_accepts_date_params" time="0.615" /><testcase classname="tests.test_stabilization_iteration78.TestAllAnalyticsTabs" name="test_admin_analytics_overview" time="2.101" /><testcase classname="tests.test_stabilization_iteration78.TestAllAnalyticsTabs" name="test_pipeline_conversion_tab" time="0.595" /><testcase classname="tests.test_stabilization_iteration78.TestAllAnalyticsTabs" name="test_revenue_forecast_tab" time="0.662" /><testcase classname="tests.test_stabilization_iteration78.TestAllAnalyticsTabs" name="test_recruiter_performance_tab" time="0.603" /><testcase classname="tests.test_stabilization_iteration78.TestAllAnalyticsTabs" name="test_mandate_performance_tab" time="0.826" /></testsuite></testsuites>