<?xml version="1.0" encoding="utf-8"?><testsuites name="pytest tests"><testsuite name="pytest" errors="0" failures="0" skipped="0" tests="24" time="65.537" timestamp="2026-03-20T07:27:34.732919+00:00" hostname="agent-env-028b6d47-af31-4f1a-9725-ae91968417cc"><testcase classname="backend.tests.test_mandate_evaluation.TestMandateEvaluation" name="test_mandates_endpoint_requires_auth" time="1.704" /><testcase classname="backend.tests.test_mandate_evaluation.TestMandateEvaluation" name="test_mandates_endpoint_returns_list" time="1.107" /><testcase classname="backend.tests.test_mandate_evaluation.TestMandateEvaluation" name="test_mandates_response_structure" time="0.591" /><testcase classname="backend.tests.test_mandate_evaluation.TestMandateEvaluation" name="test_evaluate_fit_requires_auth" time="0.108" /><testcase classname="backend.tests.test_mandate_evaluation.TestMandateEvaluation" name="test_evaluate_fit_returns_404_for_invalid_job" time="0.585" /><testcase classname="backend.tests.test_mandate_evaluation.TestMandateEvaluation" name="test_evaluate_fit_basic_candidate" time="4.055" /><testcase classname="backend.tests.test_mandate_evaluation.TestMandateEvaluation" name="test_evaluate_fit_response_structure" time="4.683" /><testcase classname="backend.tests.test_mandate_evaluation.TestMandateEvaluation" name="test_evaluate_fit_criteria_structure" time="3.265" /><testcase classname="backend.tests.test_mandate_evaluation.TestMandateEvaluation" name="test_evaluate_fit_skills_matching" time="5.991" /><testcase classname="backend.tests.test_mandate_evaluation.TestMandateEvaluation" name="test_evaluate_fit_experience_matching" time="13.488" /><testcase classname="backend.tests.test_mandate_evaluation.TestMandateEvaluation" name="test_evaluate_fit_notice_period" time="12.133" /><testcase classname="backend.tests.test_mandate_evaluation.TestMandateEvaluation" name="test_evaluate_fit_location_matching" time="13.734" /><testcase classname="backend.tests.test_mandate_evaluation.TestMandateEvaluation" name="test_evaluate_fit_comprehensive_profile" time="3.946" /><testcase classname="backend.tests.test_mandate_evaluation.TestExtensionJSSyntax" name="test_background_js_syntax" time="0.020" /><testcase classname="backend.tests.test_mandate_evaluation.TestExtensionJSSyntax" name="test_popup_js_syntax" time="0.019" /><testcase classname="backend.tests.test_mandate_evaluation.TestExtensionJSSyntax" name="test_content_js_syntax" time="0.019" /><testcase classname="backend.tests.test_mandate_evaluation.TestExtensionFunctionPresence" name="test_background_has_fetchMandates" time="0.000" /><testcase classname="backend.tests.test_mandate_evaluation.TestExtensionFunctionPresence" name="test_background_has_evaluateFit" time="0.000" /><testcase classname="backend.tests.test_mandate_evaluation.TestExtensionFunctionPresence" name="test_background_has_triggerEvaluation" time="0.000" /><testcase classname="backend.tests.test_mandate_evaluation.TestExtensionFunctionPresence" name="test_content_has_showEvaluationBanner" time="0.001" /><testcase classname="backend.tests.test_mandate_evaluation.TestExtensionFunctionPresence" name="test_popup_has_loadMandates" time="0.000" /><testcase classname="backend.tests.test_mandate_evaluation.TestPopupHTMLElements" name="test_popup_has_mandate_dropdown" time="0.000" /><testcase classname="backend.tests.test_mandate_evaluation.TestPopupHTMLElements" name="test_popup_has_mandate_info_display" time="0.000" /><testcase classname="backend.tests.test_mandate_evaluation.TestPopupHTMLElements" name="test_popup_has_mandate_selector_section" time="0.000" /></testsuite></testsuites>