<?xml version="1.0" encoding="utf-8"?><testsuites name="pytest tests"><testsuite name="pytest" errors="0" failures="2" skipped="3" tests="20" time="282.981" timestamp="2026-01-29T11:53:40.297484+00:00" hostname="agent-env-6c70b300-fd97-495c-a7bd-f9a9ef5cc110"><testcase classname="backend.tests.test_p0_performance_hardening.TestAuthentication" name="test_admin_login" time="0.320" /><testcase classname="backend.tests.test_p0_performance_hardening.TestAuthentication" name="test_employer_login" time="0.256" /><testcase classname="backend.tests.test_p0_performance_hardening.TestAuthentication" name="test_recruiter_login" time="0.261" /><testcase classname="backend.tests.test_p0_performance_hardening.TestAdminAnalyticsDashboard" name="test_admin_analytics_returns_200" time="0.298" /><testcase classname="backend.tests.test_p0_performance_hardening.TestAdminAnalyticsDashboard" name="test_admin_analytics_response_structure" time="0.305" /><testcase classname="backend.tests.test_p0_performance_hardening.TestAdminAnalyticsDashboard" name="test_admin_analytics_performance" time="0.303" /><testcase classname="backend.tests.test_p0_performance_hardening.TestAdminAnalyticsDashboard" name="test_admin_analytics_data_types" time="0.303" /><testcase classname="backend.tests.test_p0_performance_hardening.TestEmployerAnalyticsDashboard" name="test_employer_analytics_returns_200" time="0.334" /><testcase classname="backend.tests.test_p0_performance_hardening.TestEmployerAnalyticsDashboard" name="test_employer_analytics_response_structure" time="0.297" /><testcase classname="backend.tests.test_p0_performance_hardening.TestEmployerAnalyticsDashboard" name="test_employer_analytics_performance" time="0.290" /><testcase classname="backend.tests.test_p0_performance_hardening.TestCompanyPipeline" name="test_company_pipeline_returns_200" time="0.295"><skipped type="pytest.skip" message="No company found for testing">/app/backend/tests/test_p0_performance_hardening.py:218: No company found for testing</skipped></testcase><testcase classname="backend.tests.test_p0_performance_hardening.TestCompanyPipeline" name="test_company_pipeline_response_structure" time="0.287"><skipped type="pytest.skip" message="No company found for testing">/app/backend/tests/test_p0_performance_hardening.py:227: No company found for testing</skipped></testcase><testcase classname="backend.tests.test_p0_performance_hardening.TestCompanyPipeline" name="test_company_pipeline_performance" time="0.288"><skipped type="pytest.skip" message="No company found for testing">/app/backend/tests/test_p0_performance_hardening.py:256: No company found for testing</skipped></testcase><testcase classname="backend.tests.test_p0_performance_hardening.TestAIScreening" name="test_ai_screening_with_job_id" time="116.957" /><testcase classname="backend.tests.test_p0_performance_hardening.TestAIScreening" name="test_ai_screening_with_must_have_filters" time="29.959" /><testcase classname="backend.tests.test_p0_performance_hardening.TestAIScreening" name="test_ai_screening_with_jd_text" time="120.459"><failure message="requests.exceptions.ReadTimeout: HTTPSConnectionPool(host='talent-fastapi.preview.emergentagent.com', port=443): Read timed out. (read timeout=120)">/root/.venv/lib/python3.11/site-packages/urllib3/connectionpool.py:534: in _make_request
    response = conn.getresponse()
               ^^^^^^^^^^^^^^^^^^
/root/.venv/lib/python3.11/site-packages/urllib3/connection.py:571: in getresponse
    httplib_response = super().getresponse()
                       ^^^^^^^^^^^^^^^^^^^^^
/usr/local/lib/python3.11/http/client.py:1395: in getresponse
    response.begin()
/usr/local/lib/python3.11/http/client.py:325: in begin
    version, status, reason = self._read_status()
                              ^^^^^^^^^^^^^^^^^^^
/usr/local/lib/python3.11/http/client.py:286: in _read_status
    line = str(self.fp.readline(_MAXLINE + 1), "iso-8859-1")
               ^^^^^^^^^^^^^^^^^^^^^^^^^^^^^^
/usr/local/lib/python3.11/socket.py:718: in readinto
    return self._sock.recv_into(b)
           ^^^^^^^^^^^^^^^^^^^^^^^
/usr/local/lib/python3.11/ssl.py:1314: in recv_into
    return self.read(nbytes, buffer)
           ^^^^^^^^^^^^^^^^^^^^^^^^^
/usr/local/lib/python3.11/ssl.py:1166: in read
    return self._sslobj.read(len, buffer)
           ^^^^^^^^^^^^^^^^^^^^^^^^^^^^^^
E   TimeoutError: The read operation timed out

The above exception was the direct cause of the following exception:
/root/.venv/lib/python3.11/site-packages/requests/adapters.py:644: in send
    resp = conn.urlopen(
/root/.venv/lib/python3.11/site-packages/urllib3/connectionpool.py:841: in urlopen
    retries = retries.increment(
/root/.venv/lib/python3.11/site-packages/urllib3/util/retry.py:474: in increment
    raise reraise(type(error), error, _stacktrace)
          ^^^^^^^^^^^^^^^^^^^^^^^^^^^^^^^^^^^^^^^^
/root/.venv/lib/python3.11/site-packages/urllib3/util/util.py:39: in reraise
    raise value
/root/.venv/lib/python3.11/site-packages/urllib3/connectionpool.py:787: in urlopen
    response = self._make_request(
/root/.venv/lib/python3.11/site-packages/urllib3/connectionpool.py:536: in _make_request
    self._raise_timeout(err=e, url=url, timeout_value=read_timeout)
/root/.venv/lib/python3.11/site-packages/urllib3/connectionpool.py:367: in _raise_timeout
    raise ReadTimeoutError(
E   urllib3.exceptions.ReadTimeoutError: HTTPSConnectionPool(host='talent-fastapi.preview.emergentagent.com', port=443): Read timed out. (read timeout=120)

During handling of the above exception, another exception occurred:
backend/tests/test_p0_performance_hardening.py:380: in test_ai_screening_with_jd_text
    response = requests.post(
/root/.venv/lib/python3.11/site-packages/requests/api.py:115: in post
    return request("post", url, data=data, json=json, **kwargs)
           ^^^^^^^^^^^^^^^^^^^^^^^^^^^^^^^^^^^^^^^^^^^^^^^^^^^^
/root/.venv/lib/python3.11/site-packages/requests/api.py:59: in request
    return session.request(method=method, url=url, **kwargs)
           ^^^^^^^^^^^^^^^^^^^^^^^^^^^^^^^^^^^^^^^^^^^^^^^^^
/root/.venv/lib/python3.11/site-packages/requests/sessions.py:589: in request
    resp = self.send(prep, **send_kwargs)
           ^^^^^^^^^^^^^^^^^^^^^^^^^^^^^^
/root/.venv/lib/python3.11/site-packages/requests/sessions.py:703: in send
    r = adapter.send(request, **kwargs)
        ^^^^^^^^^^^^^^^^^^^^^^^^^^^^^^^
/root/.venv/lib/python3.11/site-packages/requests/adapters.py:690: in send
    raise ReadTimeout(e, request=request)
E   requests.exceptions.ReadTimeout: HTTPSConnectionPool(host='talent-fastapi.preview.emergentagent.com', port=443): Read timed out. (read timeout=120)</failure></testcase><testcase classname="backend.tests.test_p0_performance_hardening.TestExistingCRUDOperations" name="test_jobs_list" time="10.490" /><testcase classname="backend.tests.test_p0_performance_hardening.TestExistingCRUDOperations" name="test_applications_list" time="0.332" /><testcase classname="backend.tests.test_p0_performance_hardening.TestExistingCRUDOperations" name="test_companies_list" time="0.324"><failure message="AssertionError: Companies list failed: {&quot;detail&quot;:&quot;Not Found&quot;}&#10;assert 404 == 200&#10; +  where 404 = &lt;Response [404]&gt;.status_code">backend/tests/test_p0_performance_hardening.py:426: in test_companies_list
    assert response.status_code == 200, f"Companies list failed: {response.text}"
E   AssertionError: Companies list failed: {"detail":"Not Found"}
E   assert 404 == 200
E    +  where 404 = &lt;Response [404]&gt;.status_code</failure></testcase><testcase classname="backend.tests.test_p0_performance_hardening.TestExistingCRUDOperations" name="test_candidate_bank_list" time="0.395" /></testsuite></testsuites>