<?xml version="1.0" encoding="utf-8"?><testsuites name="pytest tests"><testsuite name="pytest" errors="0" failures="0" skipped="5" tests="24" time="61.571" timestamp="2026-02-18T16:40:27.335986+00:00" hostname="agent-env-4c055eb4-22fa-4858-83a2-a8658f1245bf"><testcase classname="tests.test_revenue_engine.TestForecastRevenue" name="test_forecast_percentage_commercial" time="3.612" /><testcase classname="tests.test_revenue_engine.TestForecastRevenue" name="test_forecast_missing_salary_returns_400" time="1.752" /><testcase classname="tests.test_revenue_engine.TestForecastRevenue" name="test_forecast_stores_in_application" time="3.253" /><testcase classname="tests.test_revenue_engine.TestOfferedStage" name="test_offered_creates_revenue_record" time="5.048" /><testcase classname="tests.test_revenue_engine.TestOfferedStage" name="test_offered_missing_ctc_returns_400" time="1.005" /><testcase classname="tests.test_revenue_engine.TestOfferedStage" name="test_offered_with_zero_ctc_returns_400" time="1.003" /><testcase classname="tests.test_revenue_engine.TestJoinedStage" name="test_joined_requires_offered_first" time="2.134"><skipped type="pytest.skip" message="No fresh application without offered_ctc">/app/backend/tests/test_revenue_engine.py:298: No fresh application without offered_ctc</skipped></testcase><testcase classname="tests.test_revenue_engine.TestJoinedStage" name="test_joined_missing_join_date_returns_400" time="2.867" /><testcase classname="tests.test_revenue_engine.TestAggregation" name="test_aggregate_by_company" time="2.369" /><testcase classname="tests.test_revenue_engine.TestAggregation" name="test_aggregate_by_job" time="0.653" /><testcase classname="tests.test_revenue_engine.TestAggregation" name="test_aggregate_by_recruiter" time="0.651" /><testcase classname="tests.test_revenue_engine.TestRecruiterRoleRestriction" name="test_revenue_records_empty_for_recruiter" time="3.165"><skipped type="pytest.skip" message="Could not create recruiter for test">/app/backend/tests/test_revenue_engine.py:434: Could not create recruiter for test</skipped></testcase><testcase classname="tests.test_revenue_engine.TestRecruiterRoleRestriction" name="test_applications_strips_revenue_fields_for_recruiter" time="0.000"><skipped type="pytest.skip" message="Could not create recruiter for test">/app/backend/tests/test_revenue_engine.py:449: Could not create recruiter for test</skipped></testcase><testcase classname="tests.test_revenue_engine.TestIntegritySafeguards" name="test_stage_offered_blocked_without_offered_ctc" time="2.773" /><testcase classname="tests.test_revenue_engine.TestIntegritySafeguards" name="test_stage_joined_blocked_without_offered_ctc" time="1.270" /><testcase classname="tests.test_revenue_engine.TestIntegritySafeguards" name="test_offered_blocked_after_joined" time="1.086"><skipped type="pytest.skip" message="No joined application to test immutability">/app/backend/tests/test_revenue_engine.py:554: No joined application to test immutability</skipped></testcase><testcase classname="tests.test_revenue_engine.TestCompanyWithoutCommercial" name="test_forecast_company_without_commercial_returns_400" time="4.911"><skipped type="pytest.skip" message="No job found for company without commercial">/app/backend/tests/test_revenue_engine.py:597: No job found for company without commercial</skipped></testcase><testcase classname="tests.test_revenue_engine.TestEmployerEndpointsNoRegression" name="test_employer_my_team" time="3.069" /><testcase classname="tests.test_revenue_engine.TestEmployerEndpointsNoRegression" name="test_employer_companies" time="1.347" /><testcase classname="tests.test_revenue_engine.TestEmployerEndpointsNoRegression" name="test_employer_pipeline" time="1.336" /><testcase classname="tests.test_revenue_engine.TestEmployerEndpointsNoRegression" name="test_admin_analytics" time="12.198" /><testcase classname="tests.test_revenue_engine.TestRevenueRecordsAndByApplication" name="test_get_revenue_records_admin" time="2.585" /><testcase classname="tests.test_revenue_engine.TestRevenueRecordsAndByApplication" name="test_get_revenue_by_application" time="1.247" /><testcase classname="tests.test_revenue_engine.TestCleanup" name="test_cleanup_test_recruiter" time="2.137" /></testsuite></testsuites>