<?xml version="1.0" encoding="utf-8"?><testsuites name="pytest tests"><testsuite name="pytest" errors="0" failures="1" skipped="0" tests="27" time="29.912" timestamp="2026-03-01T15:04:36.858947+00:00" hostname="agent-env-3f3167ba-1c1b-4e02-90af-439524dc3fbf"><testcase classname="backend.tests.test_candidate_bank_filters" name="test_filter_options_returns_locations_companies_sources" time="2.072"><failure message="Exception: Login failed: 500 - {&quot;detail&quot;:&quot;Internal server error&quot;}">backend/tests/test_candidate_bank_filters.py:56: in test_filter_options_returns_locations_companies_sources
    session = get_auth_session()
              ^^^^^^^^^^^^^^^^^^
backend/tests/test_candidate_bank_filters.py:49: in get_auth_session
    raise Exception(f"Login failed: {login_response.status_code} - {login_response.text}")
E   Exception: Login failed: 500 - {"detail":"Internal server error"}</failure></testcase><testcase classname="backend.tests.test_candidate_bank_filters" name="test_list_candidates_basic" time="4.459" /><testcase classname="backend.tests.test_candidate_bank_filters" name="test_filter_by_phone" time="0.798" /><testcase classname="backend.tests.test_candidate_bank_filters" name="test_filter_by_email" time="0.797" /><testcase classname="backend.tests.test_candidate_bank_filters" name="test_filter_by_location" time="1.805" /><testcase classname="backend.tests.test_candidate_bank_filters" name="test_filter_by_skills_single" time="0.823" /><testcase classname="backend.tests.test_candidate_bank_filters" name="test_filter_by_skills_multiple" time="0.802" /><testcase classname="backend.tests.test_candidate_bank_filters" name="test_filter_by_company" time="0.791" /><testcase classname="backend.tests.test_candidate_bank_filters" name="test_filter_by_notice_period" time="0.784" /><testcase classname="backend.tests.test_candidate_bank_filters" name="test_filter_by_experience_range" time="0.796" /><testcase classname="backend.tests.test_candidate_bank_filters" name="test_filter_by_min_experience_only" time="3.593" /><testcase classname="backend.tests.test_candidate_bank_filters" name="test_filter_by_salary_range" time="0.869" /><testcase classname="backend.tests.test_candidate_bank_filters" name="test_filter_by_source_extension" time="0.799" /><testcase classname="backend.tests.test_candidate_bank_filters" name="test_filter_has_resume_yes" time="0.808" /><testcase classname="backend.tests.test_candidate_bank_filters" name="test_filter_has_resume_no" time="0.779" /><testcase classname="backend.tests.test_candidate_bank_filters" name="test_filter_contact_hidden_yes" time="0.793" /><testcase classname="backend.tests.test_candidate_bank_filters" name="test_filter_contact_hidden_no" time="0.796" /><testcase classname="backend.tests.test_candidate_bank_filters" name="test_filter_by_captured_after" time="0.820" /><testcase classname="backend.tests.test_candidate_bank_filters" name="test_filter_by_captured_before" time="0.810" /><testcase classname="backend.tests.test_candidate_bank_filters" name="test_combined_filters_location_skills" time="0.792" /><testcase classname="backend.tests.test_candidate_bank_filters" name="test_combined_filters_contact_experience" time="0.805" /><testcase classname="backend.tests.test_candidate_bank_filters" name="test_combined_filters_multiple" time="0.803" /><testcase classname="backend.tests.test_candidate_bank_filters" name="test_pagination_with_filters" time="1.570" /><testcase classname="backend.tests.test_candidate_bank_filters" name="test_empty_filter_values" time="0.793" /><testcase classname="backend.tests.test_candidate_bank_filters" name="test_no_match_filter" time="0.778" /><testcase classname="backend.tests.test_candidate_bank_filters" name="test_filter_options_requires_auth" time="0.141" /><testcase classname="backend.tests.test_candidate_bank_filters" name="test_candidate_list_requires_auth" time="0.115" /></testsuite></testsuites>