<?xml version="1.0" encoding="utf-8"?><testsuites name="pytest tests"><testsuite name="pytest" errors="0" failures="0" skipped="0" tests="15" time="122.799" timestamp="2026-04-10T03:35:37.712169+00:00" hostname="agent-env-77d4d6a6-4e3c-4ee6-95db-bdf17245a7bc"><testcase classname="backend.tests.test_auto_merge_dedup_iteration168.TestHealthCheck" name="test_health_check_returns_200" time="1.562" /><testcase classname="backend.tests.test_auto_merge_dedup_iteration168.TestRecruiterContactFiltering" name="test_capture_with_vhc_domain_email_blocked" time="10.244" /><testcase classname="backend.tests.test_auto_merge_dedup_iteration168.TestRecruiterContactFiltering" name="test_capture_with_recruiter_own_email_stripped" time="8.517" /><testcase classname="backend.tests.test_auto_merge_dedup_iteration168.TestDedupChecks" name="test_dedup_by_email_with_name_similarity" time="10.462" /><testcase classname="backend.tests.test_auto_merge_dedup_iteration168.TestDedupChecks" name="test_dedup_by_phone_with_name_similarity" time="10.629" /><testcase classname="backend.tests.test_auto_merge_dedup_iteration168.TestAutoMergeEngine" name="test_auto_merge_fuzzy_name_same_email" time="10.557" /><testcase classname="backend.tests.test_auto_merge_dedup_iteration168.TestAutoMergeEngine" name="test_skills_union_on_update" time="11.924" /><testcase classname="backend.tests.test_auto_merge_dedup_iteration168.TestCTCMergeRules" name="test_ctc_update_on_profile_update" time="12.043" /><testcase classname="backend.tests.test_auto_merge_dedup_iteration168.TestCTCMergeRules" name="test_ctc_cap_at_20_cr" time="7.631" /><testcase classname="backend.tests.test_auto_merge_dedup_iteration168.TestOptionalNaukriFields" name="test_capture_without_naukri_profile_id" time="5.892" /><testcase classname="backend.tests.test_auto_merge_dedup_iteration168.TestOptionalNaukriFields" name="test_capture_without_naukri_profile_url" time="6.190" /><testcase classname="backend.tests.test_auto_merge_dedup_iteration168.TestOptionalNaukriFields" name="test_capture_with_null_naukri_fields" time="5.788" /><testcase classname="backend.tests.test_auto_merge_dedup_iteration168.TestAIExtractEndpoint" name="test_ai_extract_returns_profile_data" time="1.234" /><testcase classname="backend.tests.test_auto_merge_dedup_iteration168.TestNoAutoMergeWhenLessThan2Match" name="test_no_merge_when_only_name_matches" time="12.381" /><testcase classname="backend.tests.test_auto_merge_dedup_iteration168.TestDataQualitySanityChecks" name="test_location_word_boundary_goa" time="7.681" /></testsuite></testsuites>