<?xml version="1.0" encoding="utf-8"?><testsuites name="pytest tests"><testsuite name="pytest" errors="0" failures="1" skipped="0" tests="18" time="4.783" timestamp="2026-01-24T06:46:46.797065+00:00" hostname="agent-env-343161b0-dcfd-48ad-9a30-1fdfac86869f"><testcase classname="backend.tests.test_access_control_phase1.TestAccessControlSetup" name="test_admin_login" time="0.304" /><testcase classname="backend.tests.test_access_control_phase1.TestAdminFullAccess" name="test_admin_can_access_candidate_bank" time="0.305" /><testcase classname="backend.tests.test_access_control_phase1.TestAdminFullAccess" name="test_admin_can_access_any_candidate_detail" time="0.084" /><testcase classname="backend.tests.test_access_control_phase1.TestCandidateZeroAccess" name="test_candidate_gets_empty_list" time="0.836" /><testcase classname="backend.tests.test_access_control_phase1.TestCandidateZeroAccess" name="test_candidate_cannot_access_candidate_detail" time="0.076" /><testcase classname="backend.tests.test_access_control_phase1.TestResumeDownloadEndpoints" name="test_candidate_bank_download_endpoint_exists" time="0.341" /><testcase classname="backend.tests.test_access_control_phase1.TestResumeDownloadEndpoints" name="test_candidates_resume_endpoint_exists" time="0.075" /><testcase classname="backend.tests.test_access_control_phase1.TestEmployerScopedAccess" name="test_employer_can_access_candidate_bank" time="0.825" /><testcase classname="backend.tests.test_access_control_phase1.TestEmployerScopedAccess" name="test_new_employer_sees_limited_candidates" time="0.083" /><testcase classname="backend.tests.test_access_control_phase1.TestRecruiterScopedAccess" name="test_recruiter_can_access_candidate_bank" time="0.904" /><testcase classname="backend.tests.test_access_control_phase1.TestRecruiterScopedAccess" name="test_new_recruiter_sees_limited_candidates" time="0.080" /><testcase classname="backend.tests.test_access_control_phase1.TestMandatoryFieldsValidation" name="test_batch_save_requires_salary" time="0.295" /><testcase classname="backend.tests.test_access_control_phase1.TestMandatoryFieldsValidation" name="test_batch_save_requires_notice_period" time="0.036" /><testcase classname="backend.tests.test_access_control_phase1.TestMandatoryFieldsValidation" name="test_batch_save_requires_location" time="0.039" /><testcase classname="backend.tests.test_access_control_phase1.TestMandatoryFieldsValidation" name="test_batch_save_requires_experience" time="0.036" /><testcase classname="backend.tests.test_access_control_phase1.TestMandatoryFieldsValidation" name="test_batch_save_succeeds_with_all_fields" time="0.035"><failure message="AssertionError: Expected 200, got 422: {&quot;detail&quot;:[{&quot;type&quot;:&quot;missing&quot;,&quot;loc&quot;:[&quot;body&quot;,&quot;candidates&quot;,0,&quot;temp_id&quot;],&quot;msg&quot;:&quot;Field required&quot;,&quot;input&quot;:{&quot;email&quot;:&quot;test_complete_3c76be32@test.com&quot;,&quot;name&quot;:&quot;Test Complete Candidate&quot;,&quot;current_salary&quot;:1500000,&quot;notice_period&quot;:&quot;30 days&quot;,&quot;location&quot;:&quot;Bangalore&quot;,&quot;experience_years&quot;:5,&quot;skills&quot;:[&quot;Python&quot;,&quot;FastAPI&quot;]},&quot;url&quot;:&quot;https://errors.pydantic.dev/2.12/v/missing&quot;},{&quot;type&quot;:&quot;missing&quot;,&quot;loc&quot;:[&quot;body&quot;,&quot;candidates&quot;,0,&quot;file_id&quot;],&quot;msg&quot;:&quot;Field required&quot;,&quot;input&quot;:{&quot;email&quot;:&quot;test_complete_3c76be32@test.com&quot;,&quot;name&quot;:&quot;Test Complete Candidate&quot;,&quot;current_salary&quot;:1500000,&quot;notice_period&quot;:&quot;30 days&quot;,&quot;location&quot;:&quot;Bangalore&quot;,&quot;experience_years&quot;:5,&quot;skills&quot;:[&quot;Python&quot;,&quot;FastAPI&quot;]},&quot;url&quot;:&quot;https://errors.pydantic.dev/2.12/v/missing&quot;},{&quot;type&quot;:&quot;missing&quot;,&quot;loc&quot;:[&quot;body&quot;,&quot;candidates&quot;,0,&quot;fingerprint&quot;],&quot;msg&quot;:&quot;Field required&quot;,&quot;input&quot;:{&quot;email&quot;:&quot;test_complete_3c76be32@test.com&quot;,&quot;name&quot;:&quot;Test Complete Candidate&quot;,&quot;current_salary&quot;:1500000,&quot;notice_period&quot;:&quot;30 days&quot;,&quot;location&quot;:&quot;Bangalore&quot;,&quot;experience_years&quot;:5,&quot;skills&quot;:[&quot;Python&quot;,&quot;FastAPI&quot;]},&quot;url&quot;:&quot;https://errors.pydantic.dev/2.12/v/missing&quot;}]}&#10;assert 422 == 200&#10; +  where 422 = &lt;Response [422]&gt;.status_code">backend/tests/test_access_control_phase1.py:456: in test_batch_save_succeeds_with_all_fields
    assert response.status_code == 200, f"Expected 200, got {response.status_code}: {response.text}"
E   AssertionError: Expected 200, got 422: {"detail":[{"type":"missing","loc":["body","candidates",0,"temp_id"],"msg":"Field required","input":{"email":"test_complete_3c76be32@test.com","name":"Test Complete Candidate","current_salary":1500000,"notice_period":"30 days","location":"Bangalore","experience_years":5,"skills":["Python","FastAPI"]},"url":"https://errors.pydantic.dev/2.12/v/missing"},{"type":"missing","loc":["body","candidates",0,"file_id"],"msg":"Field required","input":{"email":"test_complete_3c76be32@test.com","name":"Test Complete Candidate","current_salary":1500000,"notice_period":"30 days","location":"Bangalore","experience_years":5,"skills":["Python","FastAPI"]},"url":"https://errors.pydantic.dev/2.12/v/missing"},{"type":"missing","loc":["body","candidates",0,"fingerprint"],"msg":"Field required","input":{"email":"test_complete_3c76be32@test.com","name":"Test Complete Candidate","current_salary":1500000,"notice_period":"30 days","location":"Bangalore","experience_years":5,"skills":["Python","FastAPI"]},"url":"https://errors.pydantic.dev/2.12/v/missing"}]}
E   assert 422 == 200
E    +  where 422 = &lt;Response [422]&gt;.status_code</failure></testcase><testcase classname="backend.tests.test_access_control_phase1.TestAddCandidateResumeParser" name="test_add_candidate_endpoint_exists" time="0.301" /><testcase classname="backend.tests.test_access_control_phase1.TestAddCandidateResumeParser" name="test_batch_parse_endpoint_exists" time="0.034" /></testsuite></testsuites>