<?xml version="1.0" encoding="utf-8"?><testsuites name="pytest tests"><testsuite name="pytest" errors="0" failures="0" skipped="0" tests="23" time="22.745" timestamp="2026-03-25T04:38:28.531483+00:00" hostname="agent-env-b49d71e3-3b49-4daa-a2a7-08d46e7b488f"><testcase classname="tests.test_refactoring_iteration122.TestHealthEndpoints" name="test_health_check_returns_ok" time="0.429" /><testcase classname="tests.test_refactoring_iteration122.TestHealthEndpoints" name="test_health_diagnostics_returns_db_info" time="0.107" /><testcase classname="tests.test_refactoring_iteration122.TestAuthEndpoints" name="test_admin_login_success" time="1.655" /><testcase classname="tests.test_refactoring_iteration122.TestAuthEndpoints" name="test_employer_login_success" time="1.424" /><testcase classname="tests.test_refactoring_iteration122.TestAuthEndpoints" name="test_login_invalid_credentials" time="1.559" /><testcase classname="tests.test_refactoring_iteration122.TestJobsRoutes" name="test_get_jobs_list" time="4.513" /><testcase classname="tests.test_refactoring_iteration122.TestCandidateBankRoutes" name="test_get_candidate_bank" time="1.468" /><testcase classname="tests.test_refactoring_iteration122.TestNotificationRoutes" name="test_get_unread_count" time="0.807" /><testcase classname="tests.test_refactoring_iteration122.TestApplicationRoutes" name="test_get_applications_list" time="1.244" /><testcase classname="tests.test_refactoring_iteration122.TestTrackerRoutes" name="test_get_tracker_columns" time="1.199" /><testcase classname="tests.test_refactoring_iteration122.TestExtensionRoutes" name="test_evaluate_fit_endpoint_accessible" time="2.268" /><testcase classname="tests.test_refactoring_iteration122.TestBulkImportRoutes" name="test_bulk_import_template_accessible" time="0.557" /><testcase classname="tests.test_refactoring_iteration122.TestPublicRoutes" name="test_public_jobs_accessible" time="0.368" /><testcase classname="tests.test_refactoring_iteration122.TestModelImports" name="test_server_starts_without_import_errors" time="0.104" /><testcase classname="tests.test_refactoring_iteration122.TestModelImports" name="test_diagnostics_shows_no_import_failures" time="0.119" /><testcase classname="tests.test_refactoring_iteration122.TestRouteRegistration" name="test_auth_routes_registered" time="0.263" /><testcase classname="tests.test_refactoring_iteration122.TestRouteRegistration" name="test_jobs_routes_registered" time="1.246" /><testcase classname="tests.test_refactoring_iteration122.TestRouteRegistration" name="test_candidates_routes_registered" time="0.800" /><testcase classname="tests.test_refactoring_iteration122.TestRouteRegistration" name="test_applications_routes_registered" time="0.804" /><testcase classname="tests.test_refactoring_iteration122.TestRouteRegistration" name="test_tracker_routes_registered" time="0.329" /><testcase classname="tests.test_refactoring_iteration122.TestRouteRegistration" name="test_extension_routes_registered" time="0.481" /><testcase classname="tests.test_refactoring_iteration122.TestRouteRegistration" name="test_notifications_routes_registered" time="0.576" /><testcase classname="tests.test_refactoring_iteration122.TestRouteRegistration" name="test_public_routes_registered" time="0.338" /></testsuite></testsuites>