<?xml version="1.0" encoding="utf-8"?><testsuites name="pytest tests"><testsuite name="pytest" errors="0" failures="0" skipped="16" tests="19" time="2.373" timestamp="2026-03-30T10:51:11.185538+00:00" hostname="agent-env-9c658e33-648f-49bb-8ec1-0d5996600bc1"><testcase classname="backend.tests.test_salary_benchmark_find_candidates.TestSalaryBenchmarkFilters" name="test_salary_benchmark_no_filters" time="2.134"><skipped type="pytest.skip" message="Admin authentication failed: 500">/app/backend/tests/test_salary_benchmark_find_candidates.py:51: Admin authentication failed: 500</skipped></testcase><testcase classname="backend.tests.test_salary_benchmark_find_candidates.TestSalaryBenchmarkFilters" name="test_salary_benchmark_with_company_filter" time="0.000"><skipped type="pytest.skip" message="Admin authentication failed: 500">/app/backend/tests/test_salary_benchmark_find_candidates.py:63: Admin authentication failed: 500</skipped></testcase><testcase classname="backend.tests.test_salary_benchmark_find_candidates.TestSalaryBenchmarkFilters" name="test_salary_benchmark_with_industry_filter" time="0.000"><skipped type="pytest.skip" message="Admin authentication failed: 500">/app/backend/tests/test_salary_benchmark_find_candidates.py:72: Admin authentication failed: 500</skipped></testcase><testcase classname="backend.tests.test_salary_benchmark_find_candidates.TestSalaryBenchmarkFilters" name="test_salary_benchmark_with_multiple_filters" time="0.000"><skipped type="pytest.skip" message="Admin authentication failed: 500">/app/backend/tests/test_salary_benchmark_find_candidates.py:81: Admin authentication failed: 500</skipped></testcase><testcase classname="backend.tests.test_salary_benchmark_find_candidates.TestSalaryBenchmarkSuggestions" name="test_suggestions_for_company" time="0.000"><skipped type="pytest.skip" message="Admin authentication failed: 500">/app/backend/tests/test_salary_benchmark_find_candidates.py:95: Admin authentication failed: 500</skipped></testcase><testcase classname="backend.tests.test_salary_benchmark_find_candidates.TestSalaryBenchmarkSuggestions" name="test_suggestions_for_industry" time="0.000"><skipped type="pytest.skip" message="Admin authentication failed: 500">/app/backend/tests/test_salary_benchmark_find_candidates.py:108: Admin authentication failed: 500</skipped></testcase><testcase classname="backend.tests.test_salary_benchmark_find_candidates.TestSalaryBenchmarkSuggestions" name="test_suggestions_for_skills" time="0.000"><skipped type="pytest.skip" message="Admin authentication failed: 500">/app/backend/tests/test_salary_benchmark_find_candidates.py:121: Admin authentication failed: 500</skipped></testcase><testcase classname="backend.tests.test_salary_benchmark_find_candidates.TestSalaryBenchmarkSuggestions" name="test_suggestions_for_location" time="0.000"><skipped type="pytest.skip" message="Admin authentication failed: 500">/app/backend/tests/test_salary_benchmark_find_candidates.py:131: Admin authentication failed: 500</skipped></testcase><testcase classname="backend.tests.test_salary_benchmark_find_candidates.TestSalaryBenchmarkSuggestions" name="test_suggestions_invalid_field" time="0.000"><skipped type="pytest.skip" message="Admin authentication failed: 500">/app/backend/tests/test_salary_benchmark_find_candidates.py:141: Admin authentication failed: 500</skipped></testcase><testcase classname="backend.tests.test_salary_benchmark_find_candidates.TestFailedCapturesAPI" name="test_get_failed_captures_unrecovered" time="0.000"><skipped type="pytest.skip" message="Admin authentication failed: 500">/app/backend/tests/test_salary_benchmark_find_candidates.py:157: Admin authentication failed: 500</skipped></testcase><testcase classname="backend.tests.test_salary_benchmark_find_candidates.TestFailedCapturesAPI" name="test_get_failed_captures_all" time="0.000"><skipped type="pytest.skip" message="Admin authentication failed: 500">/app/backend/tests/test_salary_benchmark_find_candidates.py:171: Admin authentication failed: 500</skipped></testcase><testcase classname="backend.tests.test_salary_benchmark_find_candidates.TestFailedCapturesAPI" name="test_get_failed_captures_recovered" time="0.000"><skipped type="pytest.skip" message="Admin authentication failed: 500">/app/backend/tests/test_salary_benchmark_find_candidates.py:182: Admin authentication failed: 500</skipped></testcase><testcase classname="backend.tests.test_salary_benchmark_find_candidates.TestFailedCapturesAPI" name="test_failed_captures_pagination" time="0.000"><skipped type="pytest.skip" message="Admin authentication failed: 500">/app/backend/tests/test_salary_benchmark_find_candidates.py:192: Admin authentication failed: 500</skipped></testcase><testcase classname="backend.tests.test_salary_benchmark_find_candidates.TestFindCandidatesMatching" name="test_find_candidates_with_jd_text" time="0.000"><skipped type="pytest.skip" message="Admin authentication failed: 500">/app/backend/tests/test_salary_benchmark_find_candidates.py:209: Admin authentication failed: 500</skipped></testcase><testcase classname="backend.tests.test_salary_benchmark_find_candidates.TestFindCandidatesMatching" name="test_find_candidates_education_field_is_string" time="0.000"><skipped type="pytest.skip" message="Admin authentication failed: 500">/app/backend/tests/test_salary_benchmark_find_candidates.py:252: Admin authentication failed: 500</skipped></testcase><testcase classname="backend.tests.test_salary_benchmark_find_candidates.TestFindCandidatesMatching" name="test_find_candidates_with_filters" time="0.000"><skipped type="pytest.skip" message="Admin authentication failed: 500">/app/backend/tests/test_salary_benchmark_find_candidates.py:270: Admin authentication failed: 500</skipped></testcase><testcase classname="backend.tests.test_salary_benchmark_find_candidates.TestAuthentication" name="test_salary_benchmark_requires_auth" time="0.049" /><testcase classname="backend.tests.test_salary_benchmark_find_candidates.TestAuthentication" name="test_failed_captures_requires_auth" time="0.042" /><testcase classname="backend.tests.test_salary_benchmark_find_candidates.TestAuthentication" name="test_find_candidates_requires_auth" time="0.053" /></testsuite></testsuites>