<?xml version="1.0" encoding="utf-8"?><testsuites name="pytest tests"><testsuite name="pytest" errors="0" failures="1" skipped="0" tests="12" time="20.788" timestamp="2026-03-17T04:59:40.607679+00:00" hostname="agent-env-5cc63b6d-0766-47d7-be05-c2520b953f57"><testcase classname="tests.test_employer_self_add_company.TestAdminLogin" name="test_admin_login_success" time="2.146"><failure message="AssertionError: Admin login failed: {&quot;detail&quot;:&quot;Internal server error&quot;}&#10;assert 500 == 200&#10; +  where 500 = &lt;Response [500]&gt;.status_code">tests/test_employer_self_add_company.py:35: in test_admin_login_success
    assert response.status_code == 200, f"Admin login failed: {response.text}"
E   AssertionError: Admin login failed: {"detail":"Internal server error"}
E   assert 500 == 200
E    +  where 500 = &lt;Response [500]&gt;.status_code</failure></testcase><testcase classname="tests.test_employer_self_add_company.TestEmployerCompanyCreation" name="test_employer_create_company_with_percentage_commercial" time="6.355" /><testcase classname="tests.test_employer_self_add_company.TestEmployerCompanyCreation" name="test_employer_create_company_with_fixed_fee_commercial" time="1.052" /><testcase classname="tests.test_employer_self_add_company.TestEmployerCompanyCreation" name="test_employer_create_company_with_level_based_commercial" time="1.116" /><testcase classname="tests.test_employer_self_add_company.TestEmployerCompanyCreation" name="test_employer_create_company_missing_commercial_fails" time="0.381" /><testcase classname="tests.test_employer_self_add_company.TestAccountManagerEndpointsForEmployer" name="test_employer_get_my_companies" time="0.850" /><testcase classname="tests.test_employer_self_add_company.TestAccountManagerEndpointsForEmployer" name="test_employer_get_dashboard_stats" time="1.077" /><testcase classname="tests.test_employer_self_add_company.TestAccountManagerEndpointsForEmployer" name="test_employer_get_company_jobs" time="1.894" /><testcase classname="tests.test_employer_self_add_company.TestAccountManagerEndpointsForEmployer" name="test_employer_get_company_pipeline" time="2.834" /><testcase classname="tests.test_employer_self_add_company.TestAccountManagerEndpointsForEmployer" name="test_employer_get_company_analytics" time="1.085" /><testcase classname="tests.test_employer_self_add_company.TestAccountManagerEndpointsForEmployer" name="test_employer_cannot_access_other_company" time="0.613" /><testcase classname="tests.test_employer_self_add_company.TestEmployerCompaniesEndpointIncludesCreatedCompany" name="test_created_company_in_employer_companies_list" time="1.283" /></testsuite></testsuites>