<?xml version="1.0" encoding="utf-8"?><testsuites name="pytest tests"><testsuite name="pytest" errors="0" failures="0" skipped="0" tests="12" time="43.440" timestamp="2026-04-05T09:20:57.381534+00:00" hostname="agent-env-77d4d6a6-4e3c-4ee6-95db-bdf17245a7bc"><testcase classname="tests.test_audit_features_iteration145.TestHealthEndpoint" name="test_health_returns_mongodb_status" time="4.409" /><testcase classname="tests.test_audit_features_iteration145.TestHealthEndpoint" name="test_health_returns_redis_status" time="1.567" /><testcase classname="tests.test_audit_features_iteration145.TestHealthEndpoint" name="test_health_returns_correlation_id_header" time="1.559" /><testcase classname="tests.test_audit_features_iteration145.TestHealthEndpoint" name="test_health_returns_csp_header" time="1.571" /><testcase classname="tests.test_audit_features_iteration145.TestLoginWithRefreshToken" name="test_login_returns_access_and_refresh_tokens" time="3.203" /><testcase classname="tests.test_audit_features_iteration145.TestRefreshTokenRotation" name="test_refresh_returns_new_token_pair" time="5.230" /><testcase classname="tests.test_audit_features_iteration145.TestRefreshTokenRotation" name="test_refresh_token_single_use" time="6.539" /><testcase classname="tests.test_audit_features_iteration145.TestRefreshTokenRotation" name="test_refresh_with_invalid_token" time="1.304" /><testcase classname="tests.test_audit_features_iteration145.TestLogoutInvalidatesRefreshTokens" name="test_logout_invalidates_refresh_tokens" time="6.335" /><testcase classname="tests.test_audit_features_iteration145.TestExistingFeatures" name="test_companies_with_employer_names" time="5.246" /><testcase classname="tests.test_audit_features_iteration145.TestExistingFeatures" name="test_users_pagination" time="5.097" /><testcase classname="tests.test_audit_features_iteration145.TestExistingFeatures" name="test_public_jobs_redos_protection" time="1.303" /></testsuite></testsuites>