<?xml version="1.0" encoding="utf-8"?><testsuites name="pytest tests"><testsuite name="pytest" errors="0" failures="0" skipped="0" tests="15" time="36.741" timestamp="2026-02-07T07:56:53.486180+00:00" hostname="agent-env-3305153f-a3f4-4771-bb11-332a46f3e25b"><testcase classname="backend.tests.test_semantic_search_embeddings.TestEmbeddingsAndSemanticSearch" name="test_embeddings_health_endpoint_exists" time="1.341" /><testcase classname="backend.tests.test_semantic_search_embeddings.TestEmbeddingsAndSemanticSearch" name="test_embeddings_health_requires_auth" time="0.041" /><testcase classname="backend.tests.test_semantic_search_embeddings.TestEmbeddingsAndSemanticSearch" name="test_embeddings_health_requires_admin_role" time="0.454" /><testcase classname="backend.tests.test_semantic_search_embeddings.TestEmbeddingsAndSemanticSearch" name="test_embeddings_stats_endpoint_exists" time="0.745" /><testcase classname="backend.tests.test_semantic_search_embeddings.TestEmbeddingsAndSemanticSearch" name="test_embeddings_stats_requires_auth" time="0.037" /><testcase classname="backend.tests.test_semantic_search_embeddings.TestEmbeddingsAndSemanticSearch" name="test_embeddings_coverage_above_threshold" time="0.785" /><testcase classname="backend.tests.test_semantic_search_embeddings.TestEmbeddingsAndSemanticSearch" name="test_find_candidates_with_semantic_search_enabled" time="4.500" /><testcase classname="backend.tests.test_semantic_search_embeddings.TestEmbeddingsAndSemanticSearch" name="test_semantic_score_in_match_results" time="4.631" /><testcase classname="backend.tests.test_semantic_search_embeddings.TestEmbeddingsAndSemanticSearch" name="test_semantic_score_range_validation" time="4.118" /><testcase classname="backend.tests.test_semantic_search_embeddings.TestEmbeddingsAndSemanticSearch" name="test_quick_match_without_semantic_search" time="5.885" /><testcase classname="backend.tests.test_semantic_search_embeddings.TestEmbeddingsAndSemanticSearch" name="test_find_candidates_with_jd_text" time="4.929" /><testcase classname="backend.tests.test_semantic_search_embeddings.TestEmbeddingsAndSemanticSearch" name="test_quick_match_score_blending" time="3.856" /><testcase classname="backend.tests.test_semantic_search_embeddings.TestEmbeddingsAndSemanticSearch" name="test_find_candidates_requires_auth" time="0.041" /><testcase classname="backend.tests.test_semantic_search_embeddings.TestEmbeddingsAndSemanticSearch" name="test_quick_match_performance" time="4.027" /><testcase classname="backend.tests.test_semantic_search_embeddings.TestAutoEmbedOnCandidateCreation" name="test_auto_embed_function_exists" time="1.271" /></testsuite></testsuites>