<?xml version="1.0" encoding="utf-8"?><testsuites name="pytest tests"><testsuite name="pytest" errors="0" failures="1" skipped="0" tests="15" time="126.235" timestamp="2026-05-14T06:04:08.654722+00:00" hostname="agent-env-d1d91017-8aae-4e8b-a282-2fe4d98b44b7"><testcase classname="backend.tests.test_search_fixes.TestAdvancedSearchFilters" name="test_company_te_connectivity" time="11.518" /><testcase classname="backend.tests.test_search_fixes.TestAdvancedSearchFilters" name="test_industry_it_software" time="2.531" /><testcase classname="backend.tests.test_search_fixes.TestAdvancedSearchFilters" name="test_industry_manufacturing" time="2.931" /><testcase classname="backend.tests.test_search_fixes.TestAdvancedSearchFilters" name="test_industry_bfsi" time="2.985" /><testcase classname="backend.tests.test_search_fixes.TestAdvancedSearchFilters" name="test_has_resume_yes" time="1.869" /><testcase classname="backend.tests.test_search_fixes.TestAdvancedSearchFilters" name="test_has_resume_no" time="1.768" /><testcase classname="backend.tests.test_search_fixes.TestAdvancedSearchFilters" name="test_has_phone_excludes_placeholders" time="2.544" /><testcase classname="backend.tests.test_search_fixes.TestAdvancedSearchFilters" name="test_notice_period_immediate" time="3.823" /><testcase classname="backend.tests.test_search_fixes.TestAutocomplete" name="test_react_all" time="6.216" /><testcase classname="backend.tests.test_search_fixes.TestAutocomplete" name="test_banga_location" time="1.067" /><testcase classname="backend.tests.test_search_fixes.TestAutocomplete" name="test_industry_field_new" time="1.048" /><testcase classname="backend.tests.test_search_fixes.TestAISearch" name="test_experienced_java_bangalore" time="12.349" /><testcase classname="backend.tests.test_search_fixes.TestAISearch" name="test_it_software_5plus" time="11.098" /><testcase classname="backend.tests.test_search_fixes.TestAISearch" name="test_strict_relaxed_fallback" time="4.280" /><testcase classname="backend.tests.test_search_fixes.TestTalentGraphSearch" name="test_python_bangalore_topup" time="60.111"><failure message="AssertionError: The preview environment is not responding. It may be starting up.&#10;  &#10;assert 502 == 200&#10; +  where 502 = &lt;Response [502]&gt;.status_code">backend/tests/test_search_fixes.py:248: in test_python_bangalore_topup
    assert r.status_code == 200, r.text
E   AssertionError: The preview environment is not responding. It may be starting up.
E     
E   assert 502 == 200
E    +  where 502 = &lt;Response [502]&gt;.status_code</failure></testcase></testsuite></testsuites>